{"level":"info","message":"âŒ› Validating test.wtest","timeElapsed":114,"timestamp":"2025-10-10T01:32:10.244Z"}
{"level":"info","message":"âŒ› Validating test.wtest","timeElapsed":108,"timestamp":"2025-10-10T01:32:10.453Z"}
{"level":"info","message":"âŒ› Validating test.wtest","timeElapsed":105,"timestamp":"2025-10-10T01:32:10.565Z"}
{"level":"info","message":"âŒ› Building environment","timeElapsed":149,"timestamp":"2025-10-10T01:32:10.868Z"}
{"level":"info","message":"âŒ› Validating test.wtest","timeElapsed":105,"timestamp":"2025-10-10T01:32:10.973Z"}
{"level":"info","message":"âŒ› Validating test.wtest","timeElapsed":112,"timestamp":"2025-10-10T01:32:11.292Z"}
{"level":"info","message":"âŒ› Validating test.wtest","timeElapsed":104,"timestamp":"2025-10-10T01:32:13.702Z"}
{"level":"info","message":"âŒ› Validating test.wtest","timeElapsed":107,"timestamp":"2025-10-10T01:32:14.240Z"}
{"level":"info","message":"âŒ› Validating test.wtest","timeElapsed":109,"timestamp":"2025-10-10T01:32:14.350Z"}
{"level":"info","message":"âŒ› Building environment","timeElapsed":101,"timestamp":"2025-10-10T01:32:14.451Z"}
{"level":"info","message":"âŒ› Building environment","timeElapsed":115,"timestamp":"2025-10-10T01:32:14.567Z"}
{"level":"info","message":"âŒ› Validating test.wtest","timeElapsed":104,"timestamp":"2025-10-10T01:32:14.748Z"}
{"level":"info","message":"âŒ› Validating test.wtest","timeElapsed":110,"timestamp":"2025-10-10T01:32:14.933Z"}
{"level":"info","message":"âŒ› Validating test.wtest","timeElapsed":132,"timestamp":"2025-10-10T01:32:15.068Z"}
{"level":"info","message":"âŒ› Building environment","timeElapsed":102,"timestamp":"2025-10-10T01:32:15.170Z"}
{"level":"info","message":"âŒ› Validating test.wtest","timeElapsed":122,"timestamp":"2025-10-10T01:32:15.370Z"}
{"level":"info","message":"âŒ› Validating test.wtest","timeElapsed":128,"timestamp":"2025-10-10T01:32:15.759Z"}
{"level":"info","message":"âŒ› Building environment","timeElapsed":182,"timestamp":"2025-10-10T01:32:15.945Z"}
{"level":"info","message":"âŒ› Building environment","timeElapsed":113,"timestamp":"2025-10-10T01:32:16.067Z"}
{"level":"info","message":"âŒ› Validating test.wtest","timeElapsed":117,"timestamp":"2025-10-10T01:32:16.185Z"}
{"level":"info","message":"âŒ› Validating test.wtest","timeElapsed":169,"timestamp":"2025-10-10T01:32:16.440Z"}
{"level":"info","message":"âŒ› Validating test.wtest","timeElapsed":124,"timestamp":"2025-10-10T01:32:16.646Z"}
{"level":"info","message":"âŒ› Validating test.wtest","timeElapsed":115,"timestamp":"2025-10-10T01:32:17.010Z"}
{"level":"info","message":"âŒ› Validating test.wtest","timeElapsed":102,"timestamp":"2025-10-10T01:32:17.196Z"}
{"level":"info","message":"âŒ› Validating test.wtest","timeElapsed":110,"timestamp":"2025-10-10T01:32:17.594Z"}
{"level":"info","message":"âŒ› Validating test.wtest","timeElapsed":105,"timestamp":"2025-10-10T01:32:17.954Z"}
{"level":"info","message":"âŒ› Validating test.wtest","timeElapsed":105,"timestamp":"2025-10-10T01:32:18.141Z"}
{"level":"info","message":"âŒ› Validating test.wtest","timeElapsed":111,"timestamp":"2025-10-10T01:32:18.251Z"}
{"level":"info","message":"âŒ› Validating test.wtest","timeElapsed":101,"timestamp":"2025-10-10T01:32:18.428Z"}
{"level":"info","message":"âŒ› Validating test.wtest","timeElapsed":219,"timestamp":"2025-10-10T01:32:18.652Z"}
{"level":"info","message":"âŒ› Validating test.wtest","timeElapsed":211,"timestamp":"2025-10-10T01:32:18.866Z"}
{"level":"info","message":"âŒ› Validating test.wtest","timeElapsed":110,"timestamp":"2025-10-10T01:32:18.976Z"}
{"level":"info","message":"âŒ› Validating test.wtest","timeElapsed":103,"timestamp":"2025-10-10T01:32:19.083Z"}
{"level":"info","message":"âŒ› Validating test.wtest","timeElapsed":102,"timestamp":"2025-10-10T01:32:19.384Z"}
{"level":"info","message":"ðŸ§ª Test runner executed on c:\\Users\\Usuario\\Desktop\\Uni\\ProgramaciÃ³n con Objetos I\\2025c2s2-granja-villa-tachylab","result":{"errored":1,"failed":0,"ok":0},"testsFailed":[{"error":["wollok.lang.Exception: Illegal operation 'uniqueElement' on empty collection","  at test.\"Test del riego de cultivos\".\"Test de riego: Tomaco\" [test.wtest:51]"],"test":"test.\"Test del riego de cultivos\".\"Test de riego: Tomaco\""}],"timeElapsed":654,"timestamp":"2025-10-10T01:32:26.315Z"}
{"level":"error","message":"âœ˜ Failed to rebuild document Failed to parse test.wtest: \n-- PARSING FAILED --------------------------------------------------\n\nGot the end of the input\n\nExpected one of the following: \n\n' ', '@', 'const', 'method', 'only', 'override', 'test', 'var', '{', '}', any character/byte, comment, whitespace\n","stack":"Error: Failed to parse test.wtest: \n-- PARSING FAILED --------------------------------------------------\n\nGot the end of the input\n\nExpected one of the following: \n\n' ', '@', 'const', 'method', 'only', 'override', 'test', 'var', '{', '}', any character/byte, comment, whitespace\n\n    at c:\\Users\\Usuario\\.vscode\\extensions\\uqbar.wollok-lsp-ide-0.5.3\\out\\server\\src\\server.js:2348:13026\n    at Array.map (<anonymous>)\n    at W1n (c:\\Users\\Usuario\\.vscode\\extensions\\uqbar.wollok-lsp-ide-0.5.3\\out\\server\\src\\server.js:2348:12950)\n    at U2.buildEnvironmentFrom (c:\\Users\\Usuario\\.vscode\\extensions\\uqbar.wollok-lsp-ide-0.5.3\\out\\server\\src\\server.js:2393:5254)\n    at U2.updateEnvironmentWith (c:\\Users\\Usuario\\.vscode\\extensions\\uqbar.wollok-lsp-ide-0.5.3\\out\\server\\src\\server.js:2393:4989)\n    at JF (c:\\Users\\Usuario\\.vscode\\extensions\\uqbar.wollok-lsp-ide-0.5.3\\out\\server\\src\\server.js:2393:7383)\n    at F3.invoke (c:\\Users\\Usuario\\.vscode\\extensions\\uqbar.wollok-lsp-ide-0.5.3\\out\\server\\src\\server.js:3:157334)\n    at o.fire (c:\\Users\\Usuario\\.vscode\\extensions\\uqbar.wollok-lsp-ide-0.5.3\\out\\server\\src\\server.js:3:158104)\n    at c:\\Users\\Usuario\\.vscode\\extensions\\uqbar.wollok-lsp-ide-0.5.3\\out\\server\\src\\server.js:37:57871\n    at Zr (c:\\Users\\Usuario\\.vscode\\extensions\\uqbar.wollok-lsp-ide-0.5.3\\out\\server\\src\\server.js:8:1561)","timestamp":"2025-10-10T01:32:39.427Z"}
{"level":"info","message":"âŒ› Validating test.wtest","timeElapsed":112,"timestamp":"2025-10-10T01:32:39.941Z"}
{"level":"info","message":"âŒ› Validating test.wtest","timeElapsed":109,"timestamp":"2025-10-10T01:32:40.245Z"}
{"level":"info","message":"âŒ› Validating test.wtest","timeElapsed":109,"timestamp":"2025-10-10T01:32:40.432Z"}
{"level":"info","message":"âŒ› Validating test.wtest","timeElapsed":102,"timestamp":"2025-10-10T01:32:41.385Z"}
{"level":"info","message":"âŒ› Validating test.wtest","timeElapsed":103,"timestamp":"2025-10-10T01:32:42.431Z"}
{"level":"info","message":"âŒ› Validating test.wtest","timeElapsed":111,"timestamp":"2025-10-10T01:32:42.542Z"}
{"level":"info","message":"âŒ› Validating test.wtest","timeElapsed":108,"timestamp":"2025-10-10T01:32:42.841Z"}
{"level":"info","message":"âŒ› Validating test.wtest","timeElapsed":102,"timestamp":"2025-10-10T01:32:42.943Z"}
{"level":"info","message":"âŒ› Validating test.wtest","timeElapsed":106,"timestamp":"2025-10-10T01:32:43.427Z"}
{"level":"info","message":"âŒ› Validating test.wtest","timeElapsed":169,"timestamp":"2025-10-10T01:32:43.598Z"}
{"level":"info","message":"âŒ› Validating test.wtest","timeElapsed":105,"timestamp":"2025-10-10T01:32:43.867Z"}
{"level":"info","message":"âŒ› Validating test.wtest","timeElapsed":102,"timestamp":"2025-10-10T01:32:43.970Z"}
{"level":"info","message":"âŒ› Validating test.wtest","timeElapsed":106,"timestamp":"2025-10-10T01:32:44.196Z"}
{"level":"info","message":"âŒ› Validating test.wtest","timeElapsed":122,"timestamp":"2025-10-10T01:32:44.683Z"}
{"level":"info","message":"âŒ› Validating test.wtest","timeElapsed":245,"timestamp":"2025-10-10T01:32:45.539Z"}
{"level":"info","message":"âŒ› Validating test.wtest","timeElapsed":103,"timestamp":"2025-10-10T01:32:45.643Z"}
{"level":"info","message":"âŒ› Validating test.wtest","timeElapsed":113,"timestamp":"2025-10-10T01:32:45.848Z"}
{"level":"info","message":"âŒ› Validating test.wtest","timeElapsed":107,"timestamp":"2025-10-10T01:32:46.027Z"}
{"level":"info","message":"âŒ› Validating test.wtest","timeElapsed":107,"timestamp":"2025-10-10T01:32:46.866Z"}
{"level":"info","message":"âŒ› Validating test.wtest","timeElapsed":102,"timestamp":"2025-10-10T01:32:49.607Z"}
{"level":"info","message":"âŒ› Validating test.wtest","timeElapsed":187,"timestamp":"2025-10-10T01:32:55.618Z"}
{"level":"info","message":"âŒ› Building environment","timeElapsed":217,"timestamp":"2025-10-10T01:32:55.836Z"}
{"level":"info","message":"âŒ› Building environment","timeElapsed":102,"timestamp":"2025-10-10T01:32:56.026Z"}
{"level":"info","message":"âŒ› Validating test.wtest","timeElapsed":122,"timestamp":"2025-10-10T01:32:56.183Z"}
{"level":"info","message":"âŒ› Validating test.wtest","timeElapsed":200,"timestamp":"2025-10-10T01:32:56.386Z"}
{"level":"info","message":"âŒ› Validating test.wtest","timeElapsed":117,"timestamp":"2025-10-10T01:32:56.508Z"}
{"level":"info","message":"âŒ› Validating test.wtest","timeElapsed":104,"timestamp":"2025-10-10T01:32:57.315Z"}
{"level":"error","message":"âœ˜ Completions for node Send ([51:8, 51:23] - test.wtest) failed: Error: [Send]{34adfe} at test.wtest:51 exhausted all cases without a match [Send]{34adfe} at test.wtest:51 exhausted all cases without a match","stack":"Error: [Send]{34adfe} at test.wtest:51 exhausted all cases without a match\n    at c:\\Users\\Usuario\\.vscode\\extensions\\uqbar.wollok-lsp-ide-0.5.3\\out\\server\\src\\server.js:38:6142\n    at D2 (c:\\Users\\Usuario\\.vscode\\extensions\\uqbar.wollok-lsp-ide-0.5.3\\out\\server\\src\\server.js:2384:42)\n    at Qh (c:\\Users\\Usuario\\.vscode\\extensions\\uqbar.wollok-lsp-ide-0.5.3\\out\\server\\src\\server.js:2384:1092)\n    at k6n (c:\\Users\\Usuario\\.vscode\\extensions\\uqbar.wollok-lsp-ide-0.5.3\\out\\server\\src\\server.js:2384:1248)\n    at c:\\Users\\Usuario\\.vscode\\extensions\\uqbar.wollok-lsp-ide-0.5.3\\out\\server\\src\\server.js:38:6131\n    at D2 (c:\\Users\\Usuario\\.vscode\\extensions\\uqbar.wollok-lsp-ide-0.5.3\\out\\server\\src\\server.js:2384:42)\n    at c:\\Users\\Usuario\\.vscode\\extensions\\uqbar.wollok-lsp-ide-0.5.3\\out\\server\\src\\server.js:2384:2988\n    at c:\\Users\\Usuario\\.vscode\\extensions\\uqbar.wollok-lsp-ide-0.5.3\\out\\server\\src\\server.js:2393:8440\n    at c:\\Users\\Usuario\\.vscode\\extensions\\uqbar.wollok-lsp-ide-0.5.3\\out\\server\\src\\server.js:37:74872\n    at Ye (c:\\Users\\Usuario\\.vscode\\extensions\\uqbar.wollok-lsp-ide-0.5.3\\out\\server\\src\\server.js:7:8527)","timestamp":"2025-10-10T01:32:58.275Z"}
{"level":"info","message":"âŒ› Validating test.wtest","timeElapsed":118,"timestamp":"2025-10-10T01:32:58.396Z"}
{"level":"info","message":"âŒ› Validating test.wtest","timeElapsed":105,"timestamp":"2025-10-10T01:32:58.670Z"}
{"level":"info","message":"âŒ› Building environment","timeElapsed":102,"timestamp":"2025-10-10T01:32:58.773Z"}
{"level":"info","message":"âŒ› Validating test.wtest","timeElapsed":105,"timestamp":"2025-10-10T01:32:58.878Z"}
{"level":"info","message":"âŒ› Building environment","timeElapsed":114,"timestamp":"2025-10-10T01:32:58.994Z"}
{"level":"info","message":"âŒ› Validating test.wtest","timeElapsed":130,"timestamp":"2025-10-10T01:32:59.165Z"}
{"level":"info","message":"âŒ› Validating test.wtest","timeElapsed":106,"timestamp":"2025-10-10T01:32:59.274Z"}
{"level":"info","message":"âŒ› Building environment","timeElapsed":161,"timestamp":"2025-10-10T01:32:59.522Z"}
{"level":"info","message":"âŒ› Validating test.wtest","timeElapsed":111,"timestamp":"2025-10-10T01:32:59.633Z"}
{"level":"error","message":"âœ˜ Completions for node Send ([51:8, 51:30] - test.wtest) failed: Error: [Send]{9d6214} at test.wtest:51 exhausted all cases without a match [Send]{9d6214} at test.wtest:51 exhausted all cases without a match","stack":"Error: [Send]{9d6214} at test.wtest:51 exhausted all cases without a match\n    at c:\\Users\\Usuario\\.vscode\\extensions\\uqbar.wollok-lsp-ide-0.5.3\\out\\server\\src\\server.js:38:6142\n    at D2 (c:\\Users\\Usuario\\.vscode\\extensions\\uqbar.wollok-lsp-ide-0.5.3\\out\\server\\src\\server.js:2384:42)\n    at Qh (c:\\Users\\Usuario\\.vscode\\extensions\\uqbar.wollok-lsp-ide-0.5.3\\out\\server\\src\\server.js:2384:1092)\n    at k6n (c:\\Users\\Usuario\\.vscode\\extensions\\uqbar.wollok-lsp-ide-0.5.3\\out\\server\\src\\server.js:2384:1248)\n    at c:\\Users\\Usuario\\.vscode\\extensions\\uqbar.wollok-lsp-ide-0.5.3\\out\\server\\src\\server.js:38:6131\n    at D2 (c:\\Users\\Usuario\\.vscode\\extensions\\uqbar.wollok-lsp-ide-0.5.3\\out\\server\\src\\server.js:2384:42)\n    at c:\\Users\\Usuario\\.vscode\\extensions\\uqbar.wollok-lsp-ide-0.5.3\\out\\server\\src\\server.js:2384:2988\n    at c:\\Users\\Usuario\\.vscode\\extensions\\uqbar.wollok-lsp-ide-0.5.3\\out\\server\\src\\server.js:2393:8440\n    at c:\\Users\\Usuario\\.vscode\\extensions\\uqbar.wollok-lsp-ide-0.5.3\\out\\server\\src\\server.js:37:74872\n    at Ye (c:\\Users\\Usuario\\.vscode\\extensions\\uqbar.wollok-lsp-ide-0.5.3\\out\\server\\src\\server.js:7:8527)","timestamp":"2025-10-10T01:32:59.747Z"}
{"level":"info","message":"âŒ› Validating test.wtest","timeElapsed":112,"timestamp":"2025-10-10T01:32:59.863Z"}
{"level":"error","message":"âœ˜ Completions for node Send ([51:8, 51:31] - test.wtest) failed: Error: [Send]{ed2407} at test.wtest:51 exhausted all cases without a match [Send]{ed2407} at test.wtest:51 exhausted all cases without a match","stack":"Error: [Send]{ed2407} at test.wtest:51 exhausted all cases without a match\n    at c:\\Users\\Usuario\\.vscode\\extensions\\uqbar.wollok-lsp-ide-0.5.3\\out\\server\\src\\server.js:38:6142\n    at D2 (c:\\Users\\Usuario\\.vscode\\extensions\\uqbar.wollok-lsp-ide-0.5.3\\out\\server\\src\\server.js:2384:42)\n    at Qh (c:\\Users\\Usuario\\.vscode\\extensions\\uqbar.wollok-lsp-ide-0.5.3\\out\\server\\src\\server.js:2384:1092)\n    at k6n (c:\\Users\\Usuario\\.vscode\\extensions\\uqbar.wollok-lsp-ide-0.5.3\\out\\server\\src\\server.js:2384:1248)\n    at c:\\Users\\Usuario\\.vscode\\extensions\\uqbar.wollok-lsp-ide-0.5.3\\out\\server\\src\\server.js:38:6131\n    at D2 (c:\\Users\\Usuario\\.vscode\\extensions\\uqbar.wollok-lsp-ide-0.5.3\\out\\server\\src\\server.js:2384:42)\n    at c:\\Users\\Usuario\\.vscode\\extensions\\uqbar.wollok-lsp-ide-0.5.3\\out\\server\\src\\server.js:2384:2988\n    at c:\\Users\\Usuario\\.vscode\\extensions\\uqbar.wollok-lsp-ide-0.5.3\\out\\server\\src\\server.js:2393:8440\n    at c:\\Users\\Usuario\\.vscode\\extensions\\uqbar.wollok-lsp-ide-0.5.3\\out\\server\\src\\server.js:37:74872\n    at Ye (c:\\Users\\Usuario\\.vscode\\extensions\\uqbar.wollok-lsp-ide-0.5.3\\out\\server\\src\\server.js:7:8527)","timestamp":"2025-10-10T01:33:01.443Z"}
{"level":"error","message":"âœ˜ Completions for node Send ([51:8, 51:32] - test.wtest) failed: Error: [Send]{2adc7d} at test.wtest:51 exhausted all cases without a match [Send]{2adc7d} at test.wtest:51 exhausted all cases without a match","stack":"Error: [Send]{2adc7d} at test.wtest:51 exhausted all cases without a match\n    at c:\\Users\\Usuario\\.vscode\\extensions\\uqbar.wollok-lsp-ide-0.5.3\\out\\server\\src\\server.js:38:6142\n    at D2 (c:\\Users\\Usuario\\.vscode\\extensions\\uqbar.wollok-lsp-ide-0.5.3\\out\\server\\src\\server.js:2384:42)\n    at Qh (c:\\Users\\Usuario\\.vscode\\extensions\\uqbar.wollok-lsp-ide-0.5.3\\out\\server\\src\\server.js:2384:1092)\n    at k6n (c:\\Users\\Usuario\\.vscode\\extensions\\uqbar.wollok-lsp-ide-0.5.3\\out\\server\\src\\server.js:2384:1248)\n    at c:\\Users\\Usuario\\.vscode\\extensions\\uqbar.wollok-lsp-ide-0.5.3\\out\\server\\src\\server.js:38:6131\n    at D2 (c:\\Users\\Usuario\\.vscode\\extensions\\uqbar.wollok-lsp-ide-0.5.3\\out\\server\\src\\server.js:2384:42)\n    at c:\\Users\\Usuario\\.vscode\\extensions\\uqbar.wollok-lsp-ide-0.5.3\\out\\server\\src\\server.js:2384:2988\n    at c:\\Users\\Usuario\\.vscode\\extensions\\uqbar.wollok-lsp-ide-0.5.3\\out\\server\\src\\server.js:2393:8440\n    at c:\\Users\\Usuario\\.vscode\\extensions\\uqbar.wollok-lsp-ide-0.5.3\\out\\server\\src\\server.js:37:74872\n    at Ye (c:\\Users\\Usuario\\.vscode\\extensions\\uqbar.wollok-lsp-ide-0.5.3\\out\\server\\src\\server.js:7:8527)","timestamp":"2025-10-10T01:33:01.802Z"}
{"level":"info","message":"âŒ› Validating test.wtest","timeElapsed":106,"timestamp":"2025-10-10T01:33:01.983Z"}
{"level":"info","message":"âŒ› Validating test.wtest","timeElapsed":110,"timestamp":"2025-10-10T01:33:02.093Z"}
{"level":"error","message":"âœ˜ Completions for node Send ([51:8, 51:34] - test.wtest) failed: Error: [Send]{21eea5} at test.wtest:51 exhausted all cases without a match [Send]{21eea5} at test.wtest:51 exhausted all cases without a match","stack":"Error: [Send]{21eea5} at test.wtest:51 exhausted all cases without a match\n    at c:\\Users\\Usuario\\.vscode\\extensions\\uqbar.wollok-lsp-ide-0.5.3\\out\\server\\src\\server.js:38:6142\n    at D2 (c:\\Users\\Usuario\\.vscode\\extensions\\uqbar.wollok-lsp-ide-0.5.3\\out\\server\\src\\server.js:2384:42)\n    at Qh (c:\\Users\\Usuario\\.vscode\\extensions\\uqbar.wollok-lsp-ide-0.5.3\\out\\server\\src\\server.js:2384:1092)\n    at k6n (c:\\Users\\Usuario\\.vscode\\extensions\\uqbar.wollok-lsp-ide-0.5.3\\out\\server\\src\\server.js:2384:1248)\n    at c:\\Users\\Usuario\\.vscode\\extensions\\uqbar.wollok-lsp-ide-0.5.3\\out\\server\\src\\server.js:38:6131\n    at D2 (c:\\Users\\Usuario\\.vscode\\extensions\\uqbar.wollok-lsp-ide-0.5.3\\out\\server\\src\\server.js:2384:42)\n    at c:\\Users\\Usuario\\.vscode\\extensions\\uqbar.wollok-lsp-ide-0.5.3\\out\\server\\src\\server.js:2384:2988\n    at c:\\Users\\Usuario\\.vscode\\extensions\\uqbar.wollok-lsp-ide-0.5.3\\out\\server\\src\\server.js:2393:8440\n    at c:\\Users\\Usuario\\.vscode\\extensions\\uqbar.wollok-lsp-ide-0.5.3\\out\\server\\src\\server.js:37:74872\n    at Ye (c:\\Users\\Usuario\\.vscode\\extensions\\uqbar.wollok-lsp-ide-0.5.3\\out\\server\\src\\server.js:7:8527)","timestamp":"2025-10-10T01:33:02.204Z"}
{"level":"info","message":"âŒ› Validating test.wtest","timeElapsed":110,"timestamp":"2025-10-10T01:33:02.393Z"}
{"level":"info","message":"âŒ› Validating test.wtest","timeElapsed":119,"timestamp":"2025-10-10T01:33:02.512Z"}
{"level":"error","message":"âœ˜ Completions for node Send ([51:8, 51:36] - test.wtest) failed: Error: [Send]{e53802} at test.wtest:51 exhausted all cases without a match [Send]{e53802} at test.wtest:51 exhausted all cases without a match","stack":"Error: [Send]{e53802} at test.wtest:51 exhausted all cases without a match\n    at c:\\Users\\Usuario\\.vscode\\extensions\\uqbar.wollok-lsp-ide-0.5.3\\out\\server\\src\\server.js:38:6142\n    at D2 (c:\\Users\\Usuario\\.vscode\\extensions\\uqbar.wollok-lsp-ide-0.5.3\\out\\server\\src\\server.js:2384:42)\n    at Qh (c:\\Users\\Usuario\\.vscode\\extensions\\uqbar.wollok-lsp-ide-0.5.3\\out\\server\\src\\server.js:2384:1092)\n    at k6n (c:\\Users\\Usuario\\.vscode\\extensions\\uqbar.wollok-lsp-ide-0.5.3\\out\\server\\src\\server.js:2384:1248)\n    at c:\\Users\\Usuario\\.vscode\\extensions\\uqbar.wollok-lsp-ide-0.5.3\\out\\server\\src\\server.js:38:6131\n    at D2 (c:\\Users\\Usuario\\.vscode\\extensions\\uqbar.wollok-lsp-ide-0.5.3\\out\\server\\src\\server.js:2384:42)\n    at c:\\Users\\Usuario\\.vscode\\extensions\\uqbar.wollok-lsp-ide-0.5.3\\out\\server\\src\\server.js:2384:2988\n    at c:\\Users\\Usuario\\.vscode\\extensions\\uqbar.wollok-lsp-ide-0.5.3\\out\\server\\src\\server.js:2393:8440\n    at c:\\Users\\Usuario\\.vscode\\extensions\\uqbar.wollok-lsp-ide-0.5.3\\out\\server\\src\\server.js:37:74872\n    at Ye (c:\\Users\\Usuario\\.vscode\\extensions\\uqbar.wollok-lsp-ide-0.5.3\\out\\server\\src\\server.js:7:8527)","timestamp":"2025-10-10T01:33:02.634Z"}
{"level":"info","message":"âŒ› Building environment","timeElapsed":108,"timestamp":"2025-10-10T01:33:02.834Z"}
{"level":"info","message":"âŒ› Validating test.wtest","timeElapsed":107,"timestamp":"2025-10-10T01:33:03.024Z"}
{"level":"info","message":"âŒ› Validating test.wtest","timeElapsed":118,"timestamp":"2025-10-10T01:33:03.231Z"}
{"level":"error","message":"âœ˜ Completions for node Send ([51:8, 51:40] - test.wtest) failed: Error: [Send]{78f1ff} at test.wtest:51 exhausted all cases without a match [Send]{78f1ff} at test.wtest:51 exhausted all cases without a match","stack":"Error: [Send]{78f1ff} at test.wtest:51 exhausted all cases without a match\n    at c:\\Users\\Usuario\\.vscode\\extensions\\uqbar.wollok-lsp-ide-0.5.3\\out\\server\\src\\server.js:38:6142\n    at D2 (c:\\Users\\Usuario\\.vscode\\extensions\\uqbar.wollok-lsp-ide-0.5.3\\out\\server\\src\\server.js:2384:42)\n    at Qh (c:\\Users\\Usuario\\.vscode\\extensions\\uqbar.wollok-lsp-ide-0.5.3\\out\\server\\src\\server.js:2384:1092)\n    at k6n (c:\\Users\\Usuario\\.vscode\\extensions\\uqbar.wollok-lsp-ide-0.5.3\\out\\server\\src\\server.js:2384:1248)\n    at c:\\Users\\Usuario\\.vscode\\extensions\\uqbar.wollok-lsp-ide-0.5.3\\out\\server\\src\\server.js:38:6131\n    at D2 (c:\\Users\\Usuario\\.vscode\\extensions\\uqbar.wollok-lsp-ide-0.5.3\\out\\server\\src\\server.js:2384:42)\n    at c:\\Users\\Usuario\\.vscode\\extensions\\uqbar.wollok-lsp-ide-0.5.3\\out\\server\\src\\server.js:2384:2988\n    at c:\\Users\\Usuario\\.vscode\\extensions\\uqbar.wollok-lsp-ide-0.5.3\\out\\server\\src\\server.js:2393:8440\n    at c:\\Users\\Usuario\\.vscode\\extensions\\uqbar.wollok-lsp-ide-0.5.3\\out\\server\\src\\server.js:37:74872\n    at Ye (c:\\Users\\Usuario\\.vscode\\extensions\\uqbar.wollok-lsp-ide-0.5.3\\out\\server\\src\\server.js:7:8527)","timestamp":"2025-10-10T01:33:03.294Z"}
{"level":"info","message":"âŒ› Building environment","timeElapsed":101,"timestamp":"2025-10-10T01:33:03.400Z"}
{"level":"info","message":"âŒ› Validating test.wtest","timeElapsed":103,"timestamp":"2025-10-10T01:33:03.503Z"}
{"level":"info","message":"âŒ› Validating test.wtest","timeElapsed":120,"timestamp":"2025-10-10T01:33:03.623Z"}
{"level":"info","message":"âŒ› Validating test.wtest","timeElapsed":107,"timestamp":"2025-10-10T01:33:03.735Z"}
{"level":"info","message":"âŒ› Validating test.wtest","timeElapsed":110,"timestamp":"2025-10-10T01:33:03.934Z"}
{"level":"error","message":"âœ˜ Completions for node Send ([51:21, 51:43] - test.wtest) failed: Error: [Send]{5491aa} at test.wtest:51 exhausted all cases without a match [Send]{5491aa} at test.wtest:51 exhausted all cases without a match","stack":"Error: [Send]{5491aa} at test.wtest:51 exhausted all cases without a match\n    at c:\\Users\\Usuario\\.vscode\\extensions\\uqbar.wollok-lsp-ide-0.5.3\\out\\server\\src\\server.js:38:6142\n    at D2 (c:\\Users\\Usuario\\.vscode\\extensions\\uqbar.wollok-lsp-ide-0.5.3\\out\\server\\src\\server.js:2384:42)\n    at Qh (c:\\Users\\Usuario\\.vscode\\extensions\\uqbar.wollok-lsp-ide-0.5.3\\out\\server\\src\\server.js:2384:1092)\n    at k6n (c:\\Users\\Usuario\\.vscode\\extensions\\uqbar.wollok-lsp-ide-0.5.3\\out\\server\\src\\server.js:2384:1248)\n    at c:\\Users\\Usuario\\.vscode\\extensions\\uqbar.wollok-lsp-ide-0.5.3\\out\\server\\src\\server.js:38:6131\n    at D2 (c:\\Users\\Usuario\\.vscode\\extensions\\uqbar.wollok-lsp-ide-0.5.3\\out\\server\\src\\server.js:2384:42)\n    at c:\\Users\\Usuario\\.vscode\\extensions\\uqbar.wollok-lsp-ide-0.5.3\\out\\server\\src\\server.js:2384:2988\n    at c:\\Users\\Usuario\\.vscode\\extensions\\uqbar.wollok-lsp-ide-0.5.3\\out\\server\\src\\server.js:2393:8440\n    at c:\\Users\\Usuario\\.vscode\\extensions\\uqbar.wollok-lsp-ide-0.5.3\\out\\server\\src\\server.js:37:74872\n    at Ye (c:\\Users\\Usuario\\.vscode\\extensions\\uqbar.wollok-lsp-ide-0.5.3\\out\\server\\src\\server.js:7:8527)","timestamp":"2025-10-10T01:33:04.060Z"}
{"level":"error","message":"âœ˜ Completions for node Send ([51:8, 51:44] - test.wtest) failed: Error: [Send]{13f53a} at test.wtest:51 exhausted all cases without a match [Send]{13f53a} at test.wtest:51 exhausted all cases without a match","stack":"Error: [Send]{13f53a} at test.wtest:51 exhausted all cases without a match\n    at c:\\Users\\Usuario\\.vscode\\extensions\\uqbar.wollok-lsp-ide-0.5.3\\out\\server\\src\\server.js:38:6142\n    at D2 (c:\\Users\\Usuario\\.vscode\\extensions\\uqbar.wollok-lsp-ide-0.5.3\\out\\server\\src\\server.js:2384:42)\n    at Qh (c:\\Users\\Usuario\\.vscode\\extensions\\uqbar.wollok-lsp-ide-0.5.3\\out\\server\\src\\server.js:2384:1092)\n    at D2 (c:\\Users\\Usuario\\.vscode\\extensions\\uqbar.wollok-lsp-ide-0.5.3\\out\\server\\src\\server.js:2384:544)\n    at Qh (c:\\Users\\Usuario\\.vscode\\extensions\\uqbar.wollok-lsp-ide-0.5.3\\out\\server\\src\\server.js:2384:1092)\n    at k6n (c:\\Users\\Usuario\\.vscode\\extensions\\uqbar.wollok-lsp-ide-0.5.3\\out\\server\\src\\server.js:2384:1248)\n    at c:\\Users\\Usuario\\.vscode\\extensions\\uqbar.wollok-lsp-ide-0.5.3\\out\\server\\src\\server.js:38:6131\n    at D2 (c:\\Users\\Usuario\\.vscode\\extensions\\uqbar.wollok-lsp-ide-0.5.3\\out\\server\\src\\server.js:2384:42)\n    at c:\\Users\\Usuario\\.vscode\\extensions\\uqbar.wollok-lsp-ide-0.5.3\\out\\server\\src\\server.js:2384:2988\n    at c:\\Users\\Usuario\\.vscode\\extensions\\uqbar.wollok-lsp-ide-0.5.3\\out\\server\\src\\server.js:2393:8440","timestamp":"2025-10-10T01:33:04.060Z"}
{"level":"info","message":"âŒ› Building environment","timeElapsed":123,"timestamp":"2025-10-10T01:33:04.417Z"}
{"level":"info","message":"âŒ› Validating test.wtest","timeElapsed":123,"timestamp":"2025-10-10T01:33:04.540Z"}
{"level":"info","message":"âŒ› Validating test.wtest","timeElapsed":113,"timestamp":"2025-10-10T01:33:04.810Z"}
{"level":"info","message":"âŒ› Validating test.wtest","timeElapsed":101,"timestamp":"2025-10-10T01:33:04.991Z"}
{"level":"info","message":"âŒ› Validating test.wtest","timeElapsed":104,"timestamp":"2025-10-10T01:33:05.102Z"}
{"level":"info","message":"âŒ› Validating test.wtest","timeElapsed":113,"timestamp":"2025-10-10T01:33:05.216Z"}
{"level":"info","message":"âŒ› Validating test.wtest","timeElapsed":103,"timestamp":"2025-10-10T01:33:05.811Z"}
{"level":"info","message":"âŒ› Validating test.wtest","timeElapsed":107,"timestamp":"2025-10-10T01:33:05.918Z"}
{"level":"info","message":"âŒ› Validating test.wtest","timeElapsed":101,"timestamp":"2025-10-10T01:33:06.020Z"}
{"level":"info","message":"âŒ› Validating test.wtest","timeElapsed":110,"timestamp":"2025-10-10T01:33:06.587Z"}
{"level":"info","message":"âŒ› Validating test.wtest","timeElapsed":109,"timestamp":"2025-10-10T01:33:06.799Z"}
{"level":"info","message":"âŒ› Validating test.wtest","timeElapsed":104,"timestamp":"2025-10-10T01:33:08.319Z"}
{"level":"info","message":"ðŸ§ª Test runner executed on c:\\Users\\Usuario\\Desktop\\Uni\\ProgramaciÃ³n con Objetos I\\2025c2s2-granja-villa-tachylab","result":{"errored":1,"failed":0,"ok":0},"testsFailed":[{"error":["wollok.lang.Exception: Illegal operation 'uniqueElement' on empty collection","  at test.\"Test del riego de cultivos\".\"Test de riego: Tomaco\" [test.wtest:51]"],"test":"test.\"Test del riego de cultivos\".\"Test de riego: Tomaco\""}],"timeElapsed":484,"timestamp":"2025-10-10T01:33:13.610Z"}
{"level":"info","message":"âŒ› Building environment","timeElapsed":124,"timestamp":"2025-10-10T01:33:32.263Z"}
{"level":"info","message":"âŒ› Validating test.wtest","timeElapsed":114,"timestamp":"2025-10-10T01:33:32.427Z"}
{"level":"info","message":"âŒ› Validating test.wtest","timeElapsed":118,"timestamp":"2025-10-10T01:33:32.634Z"}
{"level":"info","message":"âŒ› Validating test.wtest","timeElapsed":117,"timestamp":"2025-10-10T01:33:34.422Z"}
{"level":"info","message":"âŒ› Validating test.wtest","timeElapsed":126,"timestamp":"2025-10-10T01:33:34.622Z"}
{"level":"info","message":"âŒ› Validating test.wtest","timeElapsed":132,"timestamp":"2025-10-10T01:33:34.957Z"}
{"level":"info","message":"âŒ› Building environment","timeElapsed":165,"timestamp":"2025-10-10T01:33:35.211Z"}
{"level":"info","message":"âŒ› Validating test.wtest","timeElapsed":108,"timestamp":"2025-10-10T01:33:35.321Z"}
{"level":"info","message":"âŒ› Validating test.wtest","timeElapsed":110,"timestamp":"2025-10-10T01:33:35.536Z"}
{"level":"info","message":"âŒ› Validating test.wtest","timeElapsed":105,"timestamp":"2025-10-10T01:33:35.645Z"}
{"level":"info","message":"âŒ› Validating test.wtest","timeElapsed":104,"timestamp":"2025-10-10T01:33:35.756Z"}
{"level":"info","message":"âŒ› Validating test.wtest","timeElapsed":108,"timestamp":"2025-10-10T01:33:37.150Z"}
{"level":"info","message":"âŒ› Validating test.wtest","timeElapsed":106,"timestamp":"2025-10-10T01:33:38.095Z"}
{"level":"info","message":"âŒ› Validating test.wtest","timeElapsed":103,"timestamp":"2025-10-10T01:33:39.785Z"}
{"level":"info","message":"âŒ› Validating test.wtest","timeElapsed":101,"timestamp":"2025-10-10T01:33:40.062Z"}
{"level":"error","message":"âœ˜ Completions for node Send ([51:8, 51:30] - test.wtest) failed: Error: [Send]{6c3405} at test.wtest:51 exhausted all cases without a match [Send]{6c3405} at test.wtest:51 exhausted all cases without a match","stack":"Error: [Send]{6c3405} at test.wtest:51 exhausted all cases without a match\n    at c:\\Users\\Usuario\\.vscode\\extensions\\uqbar.wollok-lsp-ide-0.5.3\\out\\server\\src\\server.js:38:6142\n    at D2 (c:\\Users\\Usuario\\.vscode\\extensions\\uqbar.wollok-lsp-ide-0.5.3\\out\\server\\src\\server.js:2384:42)\n    at Qh (c:\\Users\\Usuario\\.vscode\\extensions\\uqbar.wollok-lsp-ide-0.5.3\\out\\server\\src\\server.js:2384:1092)\n    at k6n (c:\\Users\\Usuario\\.vscode\\extensions\\uqbar.wollok-lsp-ide-0.5.3\\out\\server\\src\\server.js:2384:1248)\n    at c:\\Users\\Usuario\\.vscode\\extensions\\uqbar.wollok-lsp-ide-0.5.3\\out\\server\\src\\server.js:38:6131\n    at D2 (c:\\Users\\Usuario\\.vscode\\extensions\\uqbar.wollok-lsp-ide-0.5.3\\out\\server\\src\\server.js:2384:42)\n    at c:\\Users\\Usuario\\.vscode\\extensions\\uqbar.wollok-lsp-ide-0.5.3\\out\\server\\src\\server.js:2384:2988\n    at c:\\Users\\Usuario\\.vscode\\extensions\\uqbar.wollok-lsp-ide-0.5.3\\out\\server\\src\\server.js:2393:8440\n    at c:\\Users\\Usuario\\.vscode\\extensions\\uqbar.wollok-lsp-ide-0.5.3\\out\\server\\src\\server.js:37:74872\n    at Ye (c:\\Users\\Usuario\\.vscode\\extensions\\uqbar.wollok-lsp-ide-0.5.3\\out\\server\\src\\server.js:7:8527)","timestamp":"2025-10-10T01:33:41.289Z"}
{"level":"info","message":"âŒ› Validating test.wtest","timeElapsed":108,"timestamp":"2025-10-10T01:33:41.400Z"}
{"level":"info","message":"âŒ› Validating test.wtest","timeElapsed":109,"timestamp":"2025-10-10T01:33:41.586Z"}
{"level":"info","message":"âŒ› Building environment","timeElapsed":151,"timestamp":"2025-10-10T01:33:41.838Z"}
{"level":"info","message":"âŒ› Validating test.wtest","timeElapsed":112,"timestamp":"2025-10-10T01:33:41.954Z"}
{"level":"info","message":"âŒ› Validating test.wtest","timeElapsed":118,"timestamp":"2025-10-10T01:33:42.171Z"}
{"level":"info","message":"âŒ› Validating test.wtest","timeElapsed":112,"timestamp":"2025-10-10T01:33:42.362Z"}
{"level":"info","message":"âŒ› Validating test.wtest","timeElapsed":116,"timestamp":"2025-10-10T01:33:42.570Z"}
{"level":"info","message":"âŒ› Building environment","timeElapsed":109,"timestamp":"2025-10-10T01:33:42.685Z"}
{"level":"info","message":"âŒ› Validating test.wtest","timeElapsed":114,"timestamp":"2025-10-10T01:33:42.800Z"}
{"level":"error","message":"âœ˜ Completions for node Send ([51:8, 51:39] - test.wtest) failed: Error: [Send]{1c378a} at test.wtest:51 exhausted all cases without a match [Send]{1c378a} at test.wtest:51 exhausted all cases without a match","stack":"Error: [Send]{1c378a} at test.wtest:51 exhausted all cases without a match\n    at c:\\Users\\Usuario\\.vscode\\extensions\\uqbar.wollok-lsp-ide-0.5.3\\out\\server\\src\\server.js:38:6142\n    at D2 (c:\\Users\\Usuario\\.vscode\\extensions\\uqbar.wollok-lsp-ide-0.5.3\\out\\server\\src\\server.js:2384:42)\n    at Qh (c:\\Users\\Usuario\\.vscode\\extensions\\uqbar.wollok-lsp-ide-0.5.3\\out\\server\\src\\server.js:2384:1092)\n    at k6n (c:\\Users\\Usuario\\.vscode\\extensions\\uqbar.wollok-lsp-ide-0.5.3\\out\\server\\src\\server.js:2384:1248)\n    at c:\\Users\\Usuario\\.vscode\\extensions\\uqbar.wollok-lsp-ide-0.5.3\\out\\server\\src\\server.js:38:6131\n    at D2 (c:\\Users\\Usuario\\.vscode\\extensions\\uqbar.wollok-lsp-ide-0.5.3\\out\\server\\src\\server.js:2384:42)\n    at c:\\Users\\Usuario\\.vscode\\extensions\\uqbar.wollok-lsp-ide-0.5.3\\out\\server\\src\\server.js:2384:2988\n    at c:\\Users\\Usuario\\.vscode\\extensions\\uqbar.wollok-lsp-ide-0.5.3\\out\\server\\src\\server.js:2393:8440\n    at c:\\Users\\Usuario\\.vscode\\extensions\\uqbar.wollok-lsp-ide-0.5.3\\out\\server\\src\\server.js:37:74872\n    at Ye (c:\\Users\\Usuario\\.vscode\\extensions\\uqbar.wollok-lsp-ide-0.5.3\\out\\server\\src\\server.js:7:8527)","timestamp":"2025-10-10T01:33:42.991Z"}
{"level":"info","message":"âŒ› Validating test.wtest","timeElapsed":114,"timestamp":"2025-10-10T01:33:43.107Z"}
{"level":"info","message":"âŒ› Validating test.wtest","timeElapsed":146,"timestamp":"2025-10-10T01:33:43.426Z"}
{"level":"info","message":"âŒ› Validating test.wtest","timeElapsed":144,"timestamp":"2025-10-10T01:33:43.569Z"}
{"level":"info","message":"âŒ› Building environment","timeElapsed":121,"timestamp":"2025-10-10T01:33:43.691Z"}
{"level":"error","message":"âœ˜ Completions for node Send ([51:8, 51:43] - test.wtest) failed: Error: [Send]{f16ecf} at test.wtest:51 exhausted all cases without a match [Send]{f16ecf} at test.wtest:51 exhausted all cases without a match","stack":"Error: [Send]{f16ecf} at test.wtest:51 exhausted all cases without a match\n    at c:\\Users\\Usuario\\.vscode\\extensions\\uqbar.wollok-lsp-ide-0.5.3\\out\\server\\src\\server.js:38:6142\n    at D2 (c:\\Users\\Usuario\\.vscode\\extensions\\uqbar.wollok-lsp-ide-0.5.3\\out\\server\\src\\server.js:2384:42)\n    at Qh (c:\\Users\\Usuario\\.vscode\\extensions\\uqbar.wollok-lsp-ide-0.5.3\\out\\server\\src\\server.js:2384:1092)\n    at k6n (c:\\Users\\Usuario\\.vscode\\extensions\\uqbar.wollok-lsp-ide-0.5.3\\out\\server\\src\\server.js:2384:1248)\n    at c:\\Users\\Usuario\\.vscode\\extensions\\uqbar.wollok-lsp-ide-0.5.3\\out\\server\\src\\server.js:38:6131\n    at D2 (c:\\Users\\Usuario\\.vscode\\extensions\\uqbar.wollok-lsp-ide-0.5.3\\out\\server\\src\\server.js:2384:42)\n    at c:\\Users\\Usuario\\.vscode\\extensions\\uqbar.wollok-lsp-ide-0.5.3\\out\\server\\src\\server.js:2384:2988\n    at c:\\Users\\Usuario\\.vscode\\extensions\\uqbar.wollok-lsp-ide-0.5.3\\out\\server\\src\\server.js:2393:8440\n    at c:\\Users\\Usuario\\.vscode\\extensions\\uqbar.wollok-lsp-ide-0.5.3\\out\\server\\src\\server.js:37:74872\n    at Ye (c:\\Users\\Usuario\\.vscode\\extensions\\uqbar.wollok-lsp-ide-0.5.3\\out\\server\\src\\server.js:7:8527)","timestamp":"2025-10-10T01:33:43.801Z"}
{"level":"info","message":"âŒ› Validating test.wtest","timeElapsed":104,"timestamp":"2025-10-10T01:33:43.916Z"}
{"level":"info","message":"âŒ› Validating test.wtest","timeElapsed":105,"timestamp":"2025-10-10T01:33:44.022Z"}
{"level":"info","message":"âŒ› Validating test.wtest","timeElapsed":104,"timestamp":"2025-10-10T01:33:44.204Z"}
{"level":"info","message":"âŒ› Validating test.wtest","timeElapsed":103,"timestamp":"2025-10-10T01:33:44.412Z"}
{"level":"info","message":"âŒ› Building environment","timeElapsed":105,"timestamp":"2025-10-10T01:33:44.774Z"}
{"level":"error","message":"âœ˜ Completions for node Send ([51:28, 51:46] - test.wtest) failed: Error: [Send]{b1948e} at test.wtest:51 exhausted all cases without a match [Send]{b1948e} at test.wtest:51 exhausted all cases without a match","stack":"Error: [Send]{b1948e} at test.wtest:51 exhausted all cases without a match\n    at c:\\Users\\Usuario\\.vscode\\extensions\\uqbar.wollok-lsp-ide-0.5.3\\out\\server\\src\\server.js:38:6142\n    at D2 (c:\\Users\\Usuario\\.vscode\\extensions\\uqbar.wollok-lsp-ide-0.5.3\\out\\server\\src\\server.js:2384:42)\n    at Qh (c:\\Users\\Usuario\\.vscode\\extensions\\uqbar.wollok-lsp-ide-0.5.3\\out\\server\\src\\server.js:2384:1092)\n    at k6n (c:\\Users\\Usuario\\.vscode\\extensions\\uqbar.wollok-lsp-ide-0.5.3\\out\\server\\src\\server.js:2384:1248)\n    at c:\\Users\\Usuario\\.vscode\\extensions\\uqbar.wollok-lsp-ide-0.5.3\\out\\server\\src\\server.js:38:6131\n    at D2 (c:\\Users\\Usuario\\.vscode\\extensions\\uqbar.wollok-lsp-ide-0.5.3\\out\\server\\src\\server.js:2384:42)\n    at c:\\Users\\Usuario\\.vscode\\extensions\\uqbar.wollok-lsp-ide-0.5.3\\out\\server\\src\\server.js:2384:2988\n    at c:\\Users\\Usuario\\.vscode\\extensions\\uqbar.wollok-lsp-ide-0.5.3\\out\\server\\src\\server.js:2393:8440\n    at c:\\Users\\Usuario\\.vscode\\extensions\\uqbar.wollok-lsp-ide-0.5.3\\out\\server\\src\\server.js:37:74872\n    at Ye (c:\\Users\\Usuario\\.vscode\\extensions\\uqbar.wollok-lsp-ide-0.5.3\\out\\server\\src\\server.js:7:8527)","timestamp":"2025-10-10T01:33:44.804Z"}
{"level":"error","message":"âœ˜ Completions for node Send ([51:8, 51:47] - test.wtest) failed: Error: [Send]{17d406} at test.wtest:51 exhausted all cases without a match [Send]{17d406} at test.wtest:51 exhausted all cases without a match","stack":"Error: [Send]{17d406} at test.wtest:51 exhausted all cases without a match\n    at c:\\Users\\Usuario\\.vscode\\extensions\\uqbar.wollok-lsp-ide-0.5.3\\out\\server\\src\\server.js:38:6142\n    at D2 (c:\\Users\\Usuario\\.vscode\\extensions\\uqbar.wollok-lsp-ide-0.5.3\\out\\server\\src\\server.js:2384:42)\n    at Qh (c:\\Users\\Usuario\\.vscode\\extensions\\uqbar.wollok-lsp-ide-0.5.3\\out\\server\\src\\server.js:2384:1092)\n    at D2 (c:\\Users\\Usuario\\.vscode\\extensions\\uqbar.wollok-lsp-ide-0.5.3\\out\\server\\src\\server.js:2384:544)\n    at Qh (c:\\Users\\Usuario\\.vscode\\extensions\\uqbar.wollok-lsp-ide-0.5.3\\out\\server\\src\\server.js:2384:1092)\n    at k6n (c:\\Users\\Usuario\\.vscode\\extensions\\uqbar.wollok-lsp-ide-0.5.3\\out\\server\\src\\server.js:2384:1248)\n    at c:\\Users\\Usuario\\.vscode\\extensions\\uqbar.wollok-lsp-ide-0.5.3\\out\\server\\src\\server.js:38:6131\n    at D2 (c:\\Users\\Usuario\\.vscode\\extensions\\uqbar.wollok-lsp-ide-0.5.3\\out\\server\\src\\server.js:2384:42)\n    at c:\\Users\\Usuario\\.vscode\\extensions\\uqbar.wollok-lsp-ide-0.5.3\\out\\server\\src\\server.js:2384:2988\n    at c:\\Users\\Usuario\\.vscode\\extensions\\uqbar.wollok-lsp-ide-0.5.3\\out\\server\\src\\server.js:2393:8440","timestamp":"2025-10-10T01:33:44.804Z"}
{"level":"info","message":"âŒ› Validating test.wtest","timeElapsed":106,"timestamp":"2025-10-10T01:33:44.913Z"}
{"level":"info","message":"âŒ› Validating test.wtest","timeElapsed":117,"timestamp":"2025-10-10T01:33:45.112Z"}
{"level":"info","message":"âŒ› Validating test.wtest","timeElapsed":107,"timestamp":"2025-10-10T01:33:45.374Z"}
{"level":"info","message":"âŒ› Validating test.wtest","timeElapsed":111,"timestamp":"2025-10-10T01:33:45.565Z"}
{"level":"info","message":"âŒ› Validating test.wtest","timeElapsed":114,"timestamp":"2025-10-10T01:33:45.679Z"}
{"level":"info","message":"âŒ› Validating test.wtest","timeElapsed":101,"timestamp":"2025-10-10T01:33:45.788Z"}
{"level":"info","message":"ðŸ§ª Test runner executed on c:\\Users\\Usuario\\Desktop\\Uni\\ProgramaciÃ³n con Objetos I\\2025c2s2-granja-villa-tachylab","result":{"errored":0,"failed":1,"ok":0},"testsFailed":[{"error":["wollok.lib.AssertionException: Expected <#{a Set (0)}> but found <[a List (0)]>","  at test.\"Test del riego de cultivos\".\"Test de riego: Tomaco\" [test.wtest:51]"],"test":"test.\"Test del riego de cultivos\".\"Test de riego: Tomaco\""}],"timeElapsed":482,"timestamp":"2025-10-10T01:33:50.534Z"}
{"level":"error","message":"âœ˜ Failed to rebuild document Failed to parse test.wtest: \n-- PARSING FAILED --------------------------------------------------\n\nGot the end of the input\n\nExpected one of the following: \n\n' ', '@', 'const', 'method', 'only', 'override', 'test', 'var', '{', '}', any character/byte, comment, whitespace\n","stack":"Error: Failed to parse test.wtest: \n-- PARSING FAILED --------------------------------------------------\n\nGot the end of the input\n\nExpected one of the following: \n\n' ', '@', 'const', 'method', 'only', 'override', 'test', 'var', '{', '}', any character/byte, comment, whitespace\n\n    at c:\\Users\\Usuario\\.vscode\\extensions\\uqbar.wollok-lsp-ide-0.5.3\\out\\server\\src\\server.js:2348:13026\n    at Array.map (<anonymous>)\n    at W1n (c:\\Users\\Usuario\\.vscode\\extensions\\uqbar.wollok-lsp-ide-0.5.3\\out\\server\\src\\server.js:2348:12950)\n    at U2.buildEnvironmentFrom (c:\\Users\\Usuario\\.vscode\\extensions\\uqbar.wollok-lsp-ide-0.5.3\\out\\server\\src\\server.js:2393:5254)\n    at U2.updateEnvironmentWith (c:\\Users\\Usuario\\.vscode\\extensions\\uqbar.wollok-lsp-ide-0.5.3\\out\\server\\src\\server.js:2393:4989)\n    at JF (c:\\Users\\Usuario\\.vscode\\extensions\\uqbar.wollok-lsp-ide-0.5.3\\out\\server\\src\\server.js:2393:7383)\n    at F3.invoke (c:\\Users\\Usuario\\.vscode\\extensions\\uqbar.wollok-lsp-ide-0.5.3\\out\\server\\src\\server.js:3:157334)\n    at o.fire (c:\\Users\\Usuario\\.vscode\\extensions\\uqbar.wollok-lsp-ide-0.5.3\\out\\server\\src\\server.js:3:158104)\n    at c:\\Users\\Usuario\\.vscode\\extensions\\uqbar.wollok-lsp-ide-0.5.3\\out\\server\\src\\server.js:37:57871\n    at Zr (c:\\Users\\Usuario\\.vscode\\extensions\\uqbar.wollok-lsp-ide-0.5.3\\out\\server\\src\\server.js:8:1561)","timestamp":"2025-10-10T01:33:54.779Z"}
{"level":"info","message":"âŒ› Building environment","timeElapsed":112,"timestamp":"2025-10-10T01:33:55.037Z"}
{"level":"info","message":"âŒ› Validating test.wtest","timeElapsed":115,"timestamp":"2025-10-10T01:33:55.153Z"}
{"level":"info","message":"âŒ› Validating test.wtest","timeElapsed":111,"timestamp":"2025-10-10T01:33:55.371Z"}
{"level":"info","message":"âŒ› Building environment","timeElapsed":111,"timestamp":"2025-10-10T01:33:55.496Z"}
{"level":"info","message":"âŒ› Validating test.wtest","timeElapsed":119,"timestamp":"2025-10-10T01:33:55.615Z"}
{"level":"info","message":"âŒ› Validating test.wtest","timeElapsed":112,"timestamp":"2025-10-10T01:33:55.950Z"}
{"level":"info","message":"âŒ› Validating test.wtest","timeElapsed":106,"timestamp":"2025-10-10T01:33:56.486Z"}
{"level":"info","message":"âŒ› Validating test.wtest","timeElapsed":147,"timestamp":"2025-10-10T01:33:57.521Z"}
{"level":"info","message":"âŒ› Validating test.wtest","timeElapsed":119,"timestamp":"2025-10-10T01:34:03.789Z"}
{"level":"info","message":"âŒ› Validating test.wtest","timeElapsed":121,"timestamp":"2025-10-10T01:34:06.895Z"}
{"level":"info","message":"âŒ› Validating test.wtest","timeElapsed":108,"timestamp":"2025-10-10T01:34:07.080Z"}
{"level":"info","message":"âŒ› Validating test.wtest","timeElapsed":106,"timestamp":"2025-10-10T01:34:09.788Z"}
{"level":"info","message":"âŒ› Validating test.wtest","timeElapsed":113,"timestamp":"2025-10-10T01:34:09.904Z"}
{"level":"info","message":"âŒ› Validating test.wtest","timeElapsed":104,"timestamp":"2025-10-10T01:34:10.176Z"}
{"level":"info","message":"âŒ› Validating test.wtest","timeElapsed":146,"timestamp":"2025-10-10T01:34:10.382Z"}
{"level":"info","message":"âŒ› Validating test.wtest","timeElapsed":113,"timestamp":"2025-10-10T01:34:10.713Z"}
{"level":"info","message":"âŒ› Validating test.wtest","timeElapsed":113,"timestamp":"2025-10-10T01:34:10.826Z"}
{"level":"info","message":"âŒ› Validating test.wtest","timeElapsed":108,"timestamp":"2025-10-10T01:34:11.017Z"}
{"level":"info","message":"âŒ› Validating test.wtest","timeElapsed":106,"timestamp":"2025-10-10T01:34:11.427Z"}
{"level":"info","message":"âŒ› Validating test.wtest","timeElapsed":110,"timestamp":"2025-10-10T01:34:11.618Z"}
{"level":"info","message":"âŒ› Validating test.wtest","timeElapsed":105,"timestamp":"2025-10-10T01:34:12.218Z"}
{"level":"info","message":"âŒ› Validating test.wtest","timeElapsed":111,"timestamp":"2025-10-10T01:34:12.430Z"}
{"level":"info","message":"âŒ› Validating test.wtest","timeElapsed":102,"timestamp":"2025-10-10T01:34:12.700Z"}
{"level":"info","message":"âŒ› Validating test.wtest","timeElapsed":106,"timestamp":"2025-10-10T01:34:15.929Z"}
{"level":"info","message":"ðŸ§ª Test runner executed on c:\\Users\\Usuario\\Desktop\\Uni\\ProgramaciÃ³n con Objetos I\\2025c2s2-granja-villa-tachylab","result":{"errored":0,"failed":0,"ok":1},"testsFailed":[],"timeElapsed":467,"timestamp":"2025-10-10T01:34:21.157Z"}
{"level":"info","message":"âŒ› Validating test.wtest","timeElapsed":138,"timestamp":"2025-10-10T01:34:23.039Z"}
{"level":"info","message":"âŒ› Building environment","timeElapsed":105,"timestamp":"2025-10-10T01:34:23.143Z"}
{"level":"info","message":"âŒ› Validating test.wtest","timeElapsed":108,"timestamp":"2025-10-10T01:34:23.252Z"}
{"level":"info","message":"âŒ› Validating test.wtest","timeElapsed":124,"timestamp":"2025-10-10T01:34:23.909Z"}
{"level":"error","message":"âœ˜ Failed to rebuild document Failed to parse test.wtest: \n-- PARSING FAILED --------------------------------------------------\n\n  53 | \n  54 |     test\n> 55 |     test \"Test de riego: No hay cultivo\" {\n     |     ^\n  56 | \n  57 |     }\n\nExpected one of the following: \n\nstring literal, whitespace\n","stack":"Error: Failed to parse test.wtest: \n-- PARSING FAILED --------------------------------------------------\n\n  53 | \n  54 |     test\n> 55 |     test \"Test de riego: No hay cultivo\" {\n     |     ^\n  56 | \n  57 |     }\n\nExpected one of the following: \n\nstring literal, whitespace\n\n    at c:\\Users\\Usuario\\.vscode\\extensions\\uqbar.wollok-lsp-ide-0.5.3\\out\\server\\src\\server.js:2348:13026\n    at Array.map (<anonymous>)\n    at W1n (c:\\Users\\Usuario\\.vscode\\extensions\\uqbar.wollok-lsp-ide-0.5.3\\out\\server\\src\\server.js:2348:12950)\n    at U2.buildEnvironmentFrom (c:\\Users\\Usuario\\.vscode\\extensions\\uqbar.wollok-lsp-ide-0.5.3\\out\\server\\src\\server.js:2393:5254)\n    at U2.updateEnvironmentWith (c:\\Users\\Usuario\\.vscode\\extensions\\uqbar.wollok-lsp-ide-0.5.3\\out\\server\\src\\server.js:2393:4989)\n    at JF (c:\\Users\\Usuario\\.vscode\\extensions\\uqbar.wollok-lsp-ide-0.5.3\\out\\server\\src\\server.js:2393:7383)\n    at F3.invoke (c:\\Users\\Usuario\\.vscode\\extensions\\uqbar.wollok-lsp-ide-0.5.3\\out\\server\\src\\server.js:3:157334)\n    at o.fire (c:\\Users\\Usuario\\.vscode\\extensions\\uqbar.wollok-lsp-ide-0.5.3\\out\\server\\src\\server.js:3:158104)\n    at c:\\Users\\Usuario\\.vscode\\extensions\\uqbar.wollok-lsp-ide-0.5.3\\out\\server\\src\\server.js:37:57871\n    at Zr (c:\\Users\\Usuario\\.vscode\\extensions\\uqbar.wollok-lsp-ide-0.5.3\\out\\server\\src\\server.js:8:1561)","timestamp":"2025-10-10T01:34:24.204Z"}
{"level":"info","message":"âŒ› Validating test.wtest","timeElapsed":115,"timestamp":"2025-10-10T01:34:24.319Z"}
{"level":"error","message":"âœ˜ Failed to rebuild document Failed to parse test.wtest: \n-- PARSING FAILED --------------------------------------------------\n\n  53 | \n  54 |     test \n> 55 |     test \"Test de riego: No hay cultivo\" {\n     |     ^\n  56 | \n  57 |     }\n\nExpected one of the following: \n\nstring literal, whitespace\n","stack":"Error: Failed to parse test.wtest: \n-- PARSING FAILED --------------------------------------------------\n\n  53 | \n  54 |     test \n> 55 |     test \"Test de riego: No hay cultivo\" {\n     |     ^\n  56 | \n  57 |     }\n\nExpected one of the following: \n\nstring literal, whitespace\n\n    at c:\\Users\\Usuario\\.vscode\\extensions\\uqbar.wollok-lsp-ide-0.5.3\\out\\server\\src\\server.js:2348:13026\n    at Array.map (<anonymous>)\n    at W1n (c:\\Users\\Usuario\\.vscode\\extensions\\uqbar.wollok-lsp-ide-0.5.3\\out\\server\\src\\server.js:2348:12950)\n    at U2.buildEnvironmentFrom (c:\\Users\\Usuario\\.vscode\\extensions\\uqbar.wollok-lsp-ide-0.5.3\\out\\server\\src\\server.js:2393:5254)\n    at U2.updateEnvironmentWith (c:\\Users\\Usuario\\.vscode\\extensions\\uqbar.wollok-lsp-ide-0.5.3\\out\\server\\src\\server.js:2393:4989)\n    at JF (c:\\Users\\Usuario\\.vscode\\extensions\\uqbar.wollok-lsp-ide-0.5.3\\out\\server\\src\\server.js:2393:7383)\n    at F3.invoke (c:\\Users\\Usuario\\.vscode\\extensions\\uqbar.wollok-lsp-ide-0.5.3\\out\\server\\src\\server.js:3:157334)\n    at o.fire (c:\\Users\\Usuario\\.vscode\\extensions\\uqbar.wollok-lsp-ide-0.5.3\\out\\server\\src\\server.js:3:158104)\n    at c:\\Users\\Usuario\\.vscode\\extensions\\uqbar.wollok-lsp-ide-0.5.3\\out\\server\\src\\server.js:37:57871\n    at Zr (c:\\Users\\Usuario\\.vscode\\extensions\\uqbar.wollok-lsp-ide-0.5.3\\out\\server\\src\\server.js:8:1561)","timestamp":"2025-10-10T01:34:24.338Z"}
{"level":"error","message":"âœ˜ Failed to rebuild document Failed to parse test.wtest: \n-- PARSING FAILED --------------------------------------------------\n\n  53 | \n  54 |     test \"\"\n> 55 |     test \"Test de riego: No hay cultivo\" {\n     |     ^\n  56 | \n  57 |     }\n\nExpected one of the following: \n\n'@', '{', comment, whitespace\n","stack":"Error: Failed to parse test.wtest: \n-- PARSING FAILED --------------------------------------------------\n\n  53 | \n  54 |     test \"\"\n> 55 |     test \"Test de riego: No hay cultivo\" {\n     |     ^\n  56 | \n  57 |     }\n\nExpected one of the following: \n\n'@', '{', comment, whitespace\n\n    at c:\\Users\\Usuario\\.vscode\\extensions\\uqbar.wollok-lsp-ide-0.5.3\\out\\server\\src\\server.js:2348:13026\n    at Array.map (<anonymous>)\n    at W1n (c:\\Users\\Usuario\\.vscode\\extensions\\uqbar.wollok-lsp-ide-0.5.3\\out\\server\\src\\server.js:2348:12950)\n    at U2.buildEnvironmentFrom (c:\\Users\\Usuario\\.vscode\\extensions\\uqbar.wollok-lsp-ide-0.5.3\\out\\server\\src\\server.js:2393:5254)\n    at U2.updateEnvironmentWith (c:\\Users\\Usuario\\.vscode\\extensions\\uqbar.wollok-lsp-ide-0.5.3\\out\\server\\src\\server.js:2393:4989)\n    at JF (c:\\Users\\Usuario\\.vscode\\extensions\\uqbar.wollok-lsp-ide-0.5.3\\out\\server\\src\\server.js:2393:7383)\n    at F3.invoke (c:\\Users\\Usuario\\.vscode\\extensions\\uqbar.wollok-lsp-ide-0.5.3\\out\\server\\src\\server.js:3:157334)\n    at o.fire (c:\\Users\\Usuario\\.vscode\\extensions\\uqbar.wollok-lsp-ide-0.5.3\\out\\server\\src\\server.js:3:158104)\n    at c:\\Users\\Usuario\\.vscode\\extensions\\uqbar.wollok-lsp-ide-0.5.3\\out\\server\\src\\server.js:37:57871\n    at Zr (c:\\Users\\Usuario\\.vscode\\extensions\\uqbar.wollok-lsp-ide-0.5.3\\out\\server\\src\\server.js:8:1561)","timestamp":"2025-10-10T01:34:24.680Z"}
{"level":"error","message":"âœ˜ Failed to rebuild document Failed to parse test.wtest: \n-- PARSING FAILED --------------------------------------------------\n\n  53 | \n  54 |     test \"T\"\n> 55 |     test \"Test de riego: No hay cultivo\" {\n     |     ^\n  56 | \n  57 |     }\n\nExpected one of the following: \n\n'@', '{', comment, whitespace\n","stack":"Error: Failed to parse test.wtest: \n-- PARSING FAILED --------------------------------------------------\n\n  53 | \n  54 |     test \"T\"\n> 55 |     test \"Test de riego: No hay cultivo\" {\n     |     ^\n  56 | \n  57 |     }\n\nExpected one of the following: \n\n'@', '{', comment, whitespace\n\n    at c:\\Users\\Usuario\\.vscode\\extensions\\uqbar.wollok-lsp-ide-0.5.3\\out\\server\\src\\server.js:2348:13026\n    at Array.map (<anonymous>)\n    at W1n (c:\\Users\\Usuario\\.vscode\\extensions\\uqbar.wollok-lsp-ide-0.5.3\\out\\server\\src\\server.js:2348:12950)\n    at U2.buildEnvironmentFrom (c:\\Users\\Usuario\\.vscode\\extensions\\uqbar.wollok-lsp-ide-0.5.3\\out\\server\\src\\server.js:2393:5254)\n    at U2.updateEnvironmentWith (c:\\Users\\Usuario\\.vscode\\extensions\\uqbar.wollok-lsp-ide-0.5.3\\out\\server\\src\\server.js:2393:4989)\n    at JF (c:\\Users\\Usuario\\.vscode\\extensions\\uqbar.wollok-lsp-ide-0.5.3\\out\\server\\src\\server.js:2393:7383)\n    at F3.invoke (c:\\Users\\Usuario\\.vscode\\extensions\\uqbar.wollok-lsp-ide-0.5.3\\out\\server\\src\\server.js:3:157334)\n    at o.fire (c:\\Users\\Usuario\\.vscode\\extensions\\uqbar.wollok-lsp-ide-0.5.3\\out\\server\\src\\server.js:3:158104)\n    at c:\\Users\\Usuario\\.vscode\\extensions\\uqbar.wollok-lsp-ide-0.5.3\\out\\server\\src\\server.js:37:57871\n    at Zr (c:\\Users\\Usuario\\.vscode\\extensions\\uqbar.wollok-lsp-ide-0.5.3\\out\\server\\src\\server.js:8:1561)","timestamp":"2025-10-10T01:34:25.014Z"}
{"level":"error","message":"âœ˜ Failed to rebuild document Failed to parse test.wtest: \n-- PARSING FAILED --------------------------------------------------\n\n  53 | \n  54 |     test \"Te\"\n> 55 |     test \"Test de riego: No hay cultivo\" {\n     |     ^\n  56 | \n  57 |     }\n\nExpected one of the following: \n\n'@', '{', comment, whitespace\n","stack":"Error: Failed to parse test.wtest: \n-- PARSING FAILED --------------------------------------------------\n\n  53 | \n  54 |     test \"Te\"\n> 55 |     test \"Test de riego: No hay cultivo\" {\n     |     ^\n  56 | \n  57 |     }\n\nExpected one of the following: \n\n'@', '{', comment, whitespace\n\n    at c:\\Users\\Usuario\\.vscode\\extensions\\uqbar.wollok-lsp-ide-0.5.3\\out\\server\\src\\server.js:2348:13026\n    at Array.map (<anonymous>)\n    at W1n (c:\\Users\\Usuario\\.vscode\\extensions\\uqbar.wollok-lsp-ide-0.5.3\\out\\server\\src\\server.js:2348:12950)\n    at U2.buildEnvironmentFrom (c:\\Users\\Usuario\\.vscode\\extensions\\uqbar.wollok-lsp-ide-0.5.3\\out\\server\\src\\server.js:2393:5254)\n    at U2.updateEnvironmentWith (c:\\Users\\Usuario\\.vscode\\extensions\\uqbar.wollok-lsp-ide-0.5.3\\out\\server\\src\\server.js:2393:4989)\n    at JF (c:\\Users\\Usuario\\.vscode\\extensions\\uqbar.wollok-lsp-ide-0.5.3\\out\\server\\src\\server.js:2393:7383)\n    at F3.invoke (c:\\Users\\Usuario\\.vscode\\extensions\\uqbar.wollok-lsp-ide-0.5.3\\out\\server\\src\\server.js:3:157334)\n    at o.fire (c:\\Users\\Usuario\\.vscode\\extensions\\uqbar.wollok-lsp-ide-0.5.3\\out\\server\\src\\server.js:3:158104)\n    at c:\\Users\\Usuario\\.vscode\\extensions\\uqbar.wollok-lsp-ide-0.5.3\\out\\server\\src\\server.js:37:57871\n    at Zr (c:\\Users\\Usuario\\.vscode\\extensions\\uqbar.wollok-lsp-ide-0.5.3\\out\\server\\src\\server.js:8:1561)","timestamp":"2025-10-10T01:34:25.196Z"}
{"level":"error","message":"âœ˜ Failed to rebuild document Failed to parse test.wtest: \n-- PARSING FAILED --------------------------------------------------\n\n  53 | \n  54 |     test \"Tes\"\n> 55 |     test \"Test de riego: No hay cultivo\" {\n     |     ^\n  56 | \n  57 |     }\n\nExpected one of the following: \n\n'@', '{', comment, whitespace\n","stack":"Error: Failed to parse test.wtest: \n-- PARSING FAILED --------------------------------------------------\n\n  53 | \n  54 |     test \"Tes\"\n> 55 |     test \"Test de riego: No hay cultivo\" {\n     |     ^\n  56 | \n  57 |     }\n\nExpected one of the following: \n\n'@', '{', comment, whitespace\n\n    at c:\\Users\\Usuario\\.vscode\\extensions\\uqbar.wollok-lsp-ide-0.5.3\\out\\server\\src\\server.js:2348:13026\n    at Array.map (<anonymous>)\n    at W1n (c:\\Users\\Usuario\\.vscode\\extensions\\uqbar.wollok-lsp-ide-0.5.3\\out\\server\\src\\server.js:2348:12950)\n    at U2.buildEnvironmentFrom (c:\\Users\\Usuario\\.vscode\\extensions\\uqbar.wollok-lsp-ide-0.5.3\\out\\server\\src\\server.js:2393:5254)\n    at U2.updateEnvironmentWith (c:\\Users\\Usuario\\.vscode\\extensions\\uqbar.wollok-lsp-ide-0.5.3\\out\\server\\src\\server.js:2393:4989)\n    at JF (c:\\Users\\Usuario\\.vscode\\extensions\\uqbar.wollok-lsp-ide-0.5.3\\out\\server\\src\\server.js:2393:7383)\n    at F3.invoke (c:\\Users\\Usuario\\.vscode\\extensions\\uqbar.wollok-lsp-ide-0.5.3\\out\\server\\src\\server.js:3:157334)\n    at o.fire (c:\\Users\\Usuario\\.vscode\\extensions\\uqbar.wollok-lsp-ide-0.5.3\\out\\server\\src\\server.js:3:158104)\n    at c:\\Users\\Usuario\\.vscode\\extensions\\uqbar.wollok-lsp-ide-0.5.3\\out\\server\\src\\server.js:37:57871\n    at Zr (c:\\Users\\Usuario\\.vscode\\extensions\\uqbar.wollok-lsp-ide-0.5.3\\out\\server\\src\\server.js:8:1561)","timestamp":"2025-10-10T01:34:25.279Z"}
{"level":"error","message":"âœ˜ Failed to rebuild document Failed to parse test.wtest: \n-- PARSING FAILED --------------------------------------------------\n\n  53 | \n  54 |     test \"Test\"\n> 55 |     test \"Test de riego: No hay cultivo\" {\n     |     ^\n  56 | \n  57 |     }\n\nExpected one of the following: \n\n'@', '{', comment, whitespace\n","stack":"Error: Failed to parse test.wtest: \n-- PARSING FAILED --------------------------------------------------\n\n  53 | \n  54 |     test \"Test\"\n> 55 |     test \"Test de riego: No hay cultivo\" {\n     |     ^\n  56 | \n  57 |     }\n\nExpected one of the following: \n\n'@', '{', comment, whitespace\n\n    at c:\\Users\\Usuario\\.vscode\\extensions\\uqbar.wollok-lsp-ide-0.5.3\\out\\server\\src\\server.js:2348:13026\n    at Array.map (<anonymous>)\n    at W1n (c:\\Users\\Usuario\\.vscode\\extensions\\uqbar.wollok-lsp-ide-0.5.3\\out\\server\\src\\server.js:2348:12950)\n    at U2.buildEnvironmentFrom (c:\\Users\\Usuario\\.vscode\\extensions\\uqbar.wollok-lsp-ide-0.5.3\\out\\server\\src\\server.js:2393:5254)\n    at U2.updateEnvironmentWith (c:\\Users\\Usuario\\.vscode\\extensions\\uqbar.wollok-lsp-ide-0.5.3\\out\\server\\src\\server.js:2393:4989)\n    at JF (c:\\Users\\Usuario\\.vscode\\extensions\\uqbar.wollok-lsp-ide-0.5.3\\out\\server\\src\\server.js:2393:7383)\n    at F3.invoke (c:\\Users\\Usuario\\.vscode\\extensions\\uqbar.wollok-lsp-ide-0.5.3\\out\\server\\src\\server.js:3:157334)\n    at o.fire (c:\\Users\\Usuario\\.vscode\\extensions\\uqbar.wollok-lsp-ide-0.5.3\\out\\server\\src\\server.js:3:158104)\n    at c:\\Users\\Usuario\\.vscode\\extensions\\uqbar.wollok-lsp-ide-0.5.3\\out\\server\\src\\server.js:37:57871\n    at Zr (c:\\Users\\Usuario\\.vscode\\extensions\\uqbar.wollok-lsp-ide-0.5.3\\out\\server\\src\\server.js:8:1561)","timestamp":"2025-10-10T01:34:25.811Z"}
{"level":"error","message":"âœ˜ Failed to rebuild document Failed to parse test.wtest: \n-- PARSING FAILED --------------------------------------------------\n\n  53 | \n  54 |     test \"Test \"\n> 55 |     test \"Test de riego: No hay cultivo\" {\n     |     ^\n  56 | \n  57 |     }\n\nExpected one of the following: \n\n'@', '{', comment, whitespace\n","stack":"Error: Failed to parse test.wtest: \n-- PARSING FAILED --------------------------------------------------\n\n  53 | \n  54 |     test \"Test \"\n> 55 |     test \"Test de riego: No hay cultivo\" {\n     |     ^\n  56 | \n  57 |     }\n\nExpected one of the following: \n\n'@', '{', comment, whitespace\n\n    at c:\\Users\\Usuario\\.vscode\\extensions\\uqbar.wollok-lsp-ide-0.5.3\\out\\server\\src\\server.js:2348:13026\n    at Array.map (<anonymous>)\n    at W1n (c:\\Users\\Usuario\\.vscode\\extensions\\uqbar.wollok-lsp-ide-0.5.3\\out\\server\\src\\server.js:2348:12950)\n    at U2.buildEnvironmentFrom (c:\\Users\\Usuario\\.vscode\\extensions\\uqbar.wollok-lsp-ide-0.5.3\\out\\server\\src\\server.js:2393:5254)\n    at U2.updateEnvironmentWith (c:\\Users\\Usuario\\.vscode\\extensions\\uqbar.wollok-lsp-ide-0.5.3\\out\\server\\src\\server.js:2393:4989)\n    at JF (c:\\Users\\Usuario\\.vscode\\extensions\\uqbar.wollok-lsp-ide-0.5.3\\out\\server\\src\\server.js:2393:7383)\n    at F3.invoke (c:\\Users\\Usuario\\.vscode\\extensions\\uqbar.wollok-lsp-ide-0.5.3\\out\\server\\src\\server.js:3:157334)\n    at o.fire (c:\\Users\\Usuario\\.vscode\\extensions\\uqbar.wollok-lsp-ide-0.5.3\\out\\server\\src\\server.js:3:158104)\n    at c:\\Users\\Usuario\\.vscode\\extensions\\uqbar.wollok-lsp-ide-0.5.3\\out\\server\\src\\server.js:37:57871\n    at Zr (c:\\Users\\Usuario\\.vscode\\extensions\\uqbar.wollok-lsp-ide-0.5.3\\out\\server\\src\\server.js:8:1561)","timestamp":"2025-10-10T01:34:26.018Z"}
{"level":"error","message":"âœ˜ Failed to rebuild document Failed to parse test.wtest: \n-- PARSING FAILED --------------------------------------------------\n\n  53 | \n  54 |     test \"Test d\"\n> 55 |     test \"Test de riego: No hay cultivo\" {\n     |     ^\n  56 | \n  57 |     }\n\nExpected one of the following: \n\n'@', '{', comment, whitespace\n","stack":"Error: Failed to parse test.wtest: \n-- PARSING FAILED --------------------------------------------------\n\n  53 | \n  54 |     test \"Test d\"\n> 55 |     test \"Test de riego: No hay cultivo\" {\n     |     ^\n  56 | \n  57 |     }\n\nExpected one of the following: \n\n'@', '{', comment, whitespace\n\n    at c:\\Users\\Usuario\\.vscode\\extensions\\uqbar.wollok-lsp-ide-0.5.3\\out\\server\\src\\server.js:2348:13026\n    at Array.map (<anonymous>)\n    at W1n (c:\\Users\\Usuario\\.vscode\\extensions\\uqbar.wollok-lsp-ide-0.5.3\\out\\server\\src\\server.js:2348:12950)\n    at U2.buildEnvironmentFrom (c:\\Users\\Usuario\\.vscode\\extensions\\uqbar.wollok-lsp-ide-0.5.3\\out\\server\\src\\server.js:2393:5254)\n    at U2.updateEnvironmentWith (c:\\Users\\Usuario\\.vscode\\extensions\\uqbar.wollok-lsp-ide-0.5.3\\out\\server\\src\\server.js:2393:4989)\n    at JF (c:\\Users\\Usuario\\.vscode\\extensions\\uqbar.wollok-lsp-ide-0.5.3\\out\\server\\src\\server.js:2393:7383)\n    at F3.invoke (c:\\Users\\Usuario\\.vscode\\extensions\\uqbar.wollok-lsp-ide-0.5.3\\out\\server\\src\\server.js:3:157334)\n    at o.fire (c:\\Users\\Usuario\\.vscode\\extensions\\uqbar.wollok-lsp-ide-0.5.3\\out\\server\\src\\server.js:3:158104)\n    at c:\\Users\\Usuario\\.vscode\\extensions\\uqbar.wollok-lsp-ide-0.5.3\\out\\server\\src\\server.js:37:57871\n    at Zr (c:\\Users\\Usuario\\.vscode\\extensions\\uqbar.wollok-lsp-ide-0.5.3\\out\\server\\src\\server.js:8:1561)","timestamp":"2025-10-10T01:34:26.111Z"}
{"level":"error","message":"âœ˜ Failed to rebuild document Failed to parse test.wtest: \n-- PARSING FAILED --------------------------------------------------\n\n  53 | \n  54 |     test \"Test de\"\n> 55 |     test \"Test de riego: No hay cultivo\" {\n     |     ^\n  56 | \n  57 |     }\n\nExpected one of the following: \n\n'@', '{', comment, whitespace\n","stack":"Error: Failed to parse test.wtest: \n-- PARSING FAILED --------------------------------------------------\n\n  53 | \n  54 |     test \"Test de\"\n> 55 |     test \"Test de riego: No hay cultivo\" {\n     |     ^\n  56 | \n  57 |     }\n\nExpected one of the following: \n\n'@', '{', comment, whitespace\n\n    at c:\\Users\\Usuario\\.vscode\\extensions\\uqbar.wollok-lsp-ide-0.5.3\\out\\server\\src\\server.js:2348:13026\n    at Array.map (<anonymous>)\n    at W1n (c:\\Users\\Usuario\\.vscode\\extensions\\uqbar.wollok-lsp-ide-0.5.3\\out\\server\\src\\server.js:2348:12950)\n    at U2.buildEnvironmentFrom (c:\\Users\\Usuario\\.vscode\\extensions\\uqbar.wollok-lsp-ide-0.5.3\\out\\server\\src\\server.js:2393:5254)\n    at U2.updateEnvironmentWith (c:\\Users\\Usuario\\.vscode\\extensions\\uqbar.wollok-lsp-ide-0.5.3\\out\\server\\src\\server.js:2393:4989)\n    at JF (c:\\Users\\Usuario\\.vscode\\extensions\\uqbar.wollok-lsp-ide-0.5.3\\out\\server\\src\\server.js:2393:7383)\n    at F3.invoke (c:\\Users\\Usuario\\.vscode\\extensions\\uqbar.wollok-lsp-ide-0.5.3\\out\\server\\src\\server.js:3:157334)\n    at o.fire (c:\\Users\\Usuario\\.vscode\\extensions\\uqbar.wollok-lsp-ide-0.5.3\\out\\server\\src\\server.js:3:158104)\n    at c:\\Users\\Usuario\\.vscode\\extensions\\uqbar.wollok-lsp-ide-0.5.3\\out\\server\\src\\server.js:37:57871\n    at Zr (c:\\Users\\Usuario\\.vscode\\extensions\\uqbar.wollok-lsp-ide-0.5.3\\out\\server\\src\\server.js:8:1561)","timestamp":"2025-10-10T01:34:26.222Z"}
{"level":"error","message":"âœ˜ Failed to rebuild document Failed to parse test.wtest: \n-- PARSING FAILED --------------------------------------------------\n\n  53 | \n  54 |     test \"Test de \"\n> 55 |     test \"Test de riego: No hay cultivo\" {\n     |     ^\n  56 | \n  57 |     }\n\nExpected one of the following: \n\n'@', '{', comment, whitespace\n","stack":"Error: Failed to parse test.wtest: \n-- PARSING FAILED --------------------------------------------------\n\n  53 | \n  54 |     test \"Test de \"\n> 55 |     test \"Test de riego: No hay cultivo\" {\n     |     ^\n  56 | \n  57 |     }\n\nExpected one of the following: \n\n'@', '{', comment, whitespace\n\n    at c:\\Users\\Usuario\\.vscode\\extensions\\uqbar.wollok-lsp-ide-0.5.3\\out\\server\\src\\server.js:2348:13026\n    at Array.map (<anonymous>)\n    at W1n (c:\\Users\\Usuario\\.vscode\\extensions\\uqbar.wollok-lsp-ide-0.5.3\\out\\server\\src\\server.js:2348:12950)\n    at U2.buildEnvironmentFrom (c:\\Users\\Usuario\\.vscode\\extensions\\uqbar.wollok-lsp-ide-0.5.3\\out\\server\\src\\server.js:2393:5254)\n    at U2.updateEnvironmentWith (c:\\Users\\Usuario\\.vscode\\extensions\\uqbar.wollok-lsp-ide-0.5.3\\out\\server\\src\\server.js:2393:4989)\n    at JF (c:\\Users\\Usuario\\.vscode\\extensions\\uqbar.wollok-lsp-ide-0.5.3\\out\\server\\src\\server.js:2393:7383)\n    at F3.invoke (c:\\Users\\Usuario\\.vscode\\extensions\\uqbar.wollok-lsp-ide-0.5.3\\out\\server\\src\\server.js:3:157334)\n    at o.fire (c:\\Users\\Usuario\\.vscode\\extensions\\uqbar.wollok-lsp-ide-0.5.3\\out\\server\\src\\server.js:3:158104)\n    at c:\\Users\\Usuario\\.vscode\\extensions\\uqbar.wollok-lsp-ide-0.5.3\\out\\server\\src\\server.js:37:57871\n    at Zr (c:\\Users\\Usuario\\.vscode\\extensions\\uqbar.wollok-lsp-ide-0.5.3\\out\\server\\src\\server.js:8:1561)","timestamp":"2025-10-10T01:34:26.290Z"}
{"level":"error","message":"âœ˜ Failed to rebuild document Failed to parse test.wtest: \n-- PARSING FAILED --------------------------------------------------\n\n  53 | \n  54 |     test \"Test de r\"\n> 55 |     test \"Test de riego: No hay cultivo\" {\n     |     ^\n  56 | \n  57 |     }\n\nExpected one of the following: \n\n'@', '{', comment, whitespace\n","stack":"Error: Failed to parse test.wtest: \n-- PARSING FAILED --------------------------------------------------\n\n  53 | \n  54 |     test \"Test de r\"\n> 55 |     test \"Test de riego: No hay cultivo\" {\n     |     ^\n  56 | \n  57 |     }\n\nExpected one of the following: \n\n'@', '{', comment, whitespace\n\n    at c:\\Users\\Usuario\\.vscode\\extensions\\uqbar.wollok-lsp-ide-0.5.3\\out\\server\\src\\server.js:2348:13026\n    at Array.map (<anonymous>)\n    at W1n (c:\\Users\\Usuario\\.vscode\\extensions\\uqbar.wollok-lsp-ide-0.5.3\\out\\server\\src\\server.js:2348:12950)\n    at U2.buildEnvironmentFrom (c:\\Users\\Usuario\\.vscode\\extensions\\uqbar.wollok-lsp-ide-0.5.3\\out\\server\\src\\server.js:2393:5254)\n    at U2.updateEnvironmentWith (c:\\Users\\Usuario\\.vscode\\extensions\\uqbar.wollok-lsp-ide-0.5.3\\out\\server\\src\\server.js:2393:4989)\n    at JF (c:\\Users\\Usuario\\.vscode\\extensions\\uqbar.wollok-lsp-ide-0.5.3\\out\\server\\src\\server.js:2393:7383)\n    at F3.invoke (c:\\Users\\Usuario\\.vscode\\extensions\\uqbar.wollok-lsp-ide-0.5.3\\out\\server\\src\\server.js:3:157334)\n    at o.fire (c:\\Users\\Usuario\\.vscode\\extensions\\uqbar.wollok-lsp-ide-0.5.3\\out\\server\\src\\server.js:3:158104)\n    at c:\\Users\\Usuario\\.vscode\\extensions\\uqbar.wollok-lsp-ide-0.5.3\\out\\server\\src\\server.js:37:57871\n    at Zr (c:\\Users\\Usuario\\.vscode\\extensions\\uqbar.wollok-lsp-ide-0.5.3\\out\\server\\src\\server.js:8:1561)","timestamp":"2025-10-10T01:34:26.459Z"}
{"level":"error","message":"âœ˜ Failed to rebuild document Failed to parse test.wtest: \n-- PARSING FAILED --------------------------------------------------\n\n  53 | \n  54 |     test \"Test de ri\"\n> 55 |     test \"Test de riego: No hay cultivo\" {\n     |     ^\n  56 | \n  57 |     }\n\nExpected one of the following: \n\n'@', '{', comment, whitespace\n","stack":"Error: Failed to parse test.wtest: \n-- PARSING FAILED --------------------------------------------------\n\n  53 | \n  54 |     test \"Test de ri\"\n> 55 |     test \"Test de riego: No hay cultivo\" {\n     |     ^\n  56 | \n  57 |     }\n\nExpected one of the following: \n\n'@', '{', comment, whitespace\n\n    at c:\\Users\\Usuario\\.vscode\\extensions\\uqbar.wollok-lsp-ide-0.5.3\\out\\server\\src\\server.js:2348:13026\n    at Array.map (<anonymous>)\n    at W1n (c:\\Users\\Usuario\\.vscode\\extensions\\uqbar.wollok-lsp-ide-0.5.3\\out\\server\\src\\server.js:2348:12950)\n    at U2.buildEnvironmentFrom (c:\\Users\\Usuario\\.vscode\\extensions\\uqbar.wollok-lsp-ide-0.5.3\\out\\server\\src\\server.js:2393:5254)\n    at U2.updateEnvironmentWith (c:\\Users\\Usuario\\.vscode\\extensions\\uqbar.wollok-lsp-ide-0.5.3\\out\\server\\src\\server.js:2393:4989)\n    at JF (c:\\Users\\Usuario\\.vscode\\extensions\\uqbar.wollok-lsp-ide-0.5.3\\out\\server\\src\\server.js:2393:7383)\n    at F3.invoke (c:\\Users\\Usuario\\.vscode\\extensions\\uqbar.wollok-lsp-ide-0.5.3\\out\\server\\src\\server.js:3:157334)\n    at o.fire (c:\\Users\\Usuario\\.vscode\\extensions\\uqbar.wollok-lsp-ide-0.5.3\\out\\server\\src\\server.js:3:158104)\n    at c:\\Users\\Usuario\\.vscode\\extensions\\uqbar.wollok-lsp-ide-0.5.3\\out\\server\\src\\server.js:37:57871\n    at Zr (c:\\Users\\Usuario\\.vscode\\extensions\\uqbar.wollok-lsp-ide-0.5.3\\out\\server\\src\\server.js:8:1561)","timestamp":"2025-10-10T01:34:26.661Z"}
{"level":"error","message":"âœ˜ Failed to rebuild document Failed to parse test.wtest: \n-- PARSING FAILED --------------------------------------------------\n\n  53 | \n  54 |     test \"Test de rie\"\n> 55 |     test \"Test de riego: No hay cultivo\" {\n     |     ^\n  56 | \n  57 |     }\n\nExpected one of the following: \n\n'@', '{', comment, whitespace\n","stack":"Error: Failed to parse test.wtest: \n-- PARSING FAILED --------------------------------------------------\n\n  53 | \n  54 |     test \"Test de rie\"\n> 55 |     test \"Test de riego: No hay cultivo\" {\n     |     ^\n  56 | \n  57 |     }\n\nExpected one of the following: \n\n'@', '{', comment, whitespace\n\n    at c:\\Users\\Usuario\\.vscode\\extensions\\uqbar.wollok-lsp-ide-0.5.3\\out\\server\\src\\server.js:2348:13026\n    at Array.map (<anonymous>)\n    at W1n (c:\\Users\\Usuario\\.vscode\\extensions\\uqbar.wollok-lsp-ide-0.5.3\\out\\server\\src\\server.js:2348:12950)\n    at U2.buildEnvironmentFrom (c:\\Users\\Usuario\\.vscode\\extensions\\uqbar.wollok-lsp-ide-0.5.3\\out\\server\\src\\server.js:2393:5254)\n    at U2.updateEnvironmentWith (c:\\Users\\Usuario\\.vscode\\extensions\\uqbar.wollok-lsp-ide-0.5.3\\out\\server\\src\\server.js:2393:4989)\n    at JF (c:\\Users\\Usuario\\.vscode\\extensions\\uqbar.wollok-lsp-ide-0.5.3\\out\\server\\src\\server.js:2393:7383)\n    at F3.invoke (c:\\Users\\Usuario\\.vscode\\extensions\\uqbar.wollok-lsp-ide-0.5.3\\out\\server\\src\\server.js:3:157334)\n    at o.fire (c:\\Users\\Usuario\\.vscode\\extensions\\uqbar.wollok-lsp-ide-0.5.3\\out\\server\\src\\server.js:3:158104)\n    at c:\\Users\\Usuario\\.vscode\\extensions\\uqbar.wollok-lsp-ide-0.5.3\\out\\server\\src\\server.js:37:57871\n    at Zr (c:\\Users\\Usuario\\.vscode\\extensions\\uqbar.wollok-lsp-ide-0.5.3\\out\\server\\src\\server.js:8:1561)","timestamp":"2025-10-10T01:34:26.681Z"}
{"level":"error","message":"âœ˜ Failed to rebuild document Failed to parse test.wtest: \n-- PARSING FAILED --------------------------------------------------\n\n  53 | \n  54 |     test \"Test de rieg\"\n> 55 |     test \"Test de riego: No hay cultivo\" {\n     |     ^\n  56 | \n  57 |     }\n\nExpected one of the following: \n\n'@', '{', comment, whitespace\n","stack":"Error: Failed to parse test.wtest: \n-- PARSING FAILED --------------------------------------------------\n\n  53 | \n  54 |     test \"Test de rieg\"\n> 55 |     test \"Test de riego: No hay cultivo\" {\n     |     ^\n  56 | \n  57 |     }\n\nExpected one of the following: \n\n'@', '{', comment, whitespace\n\n    at c:\\Users\\Usuario\\.vscode\\extensions\\uqbar.wollok-lsp-ide-0.5.3\\out\\server\\src\\server.js:2348:13026\n    at Array.map (<anonymous>)\n    at W1n (c:\\Users\\Usuario\\.vscode\\extensions\\uqbar.wollok-lsp-ide-0.5.3\\out\\server\\src\\server.js:2348:12950)\n    at U2.buildEnvironmentFrom (c:\\Users\\Usuario\\.vscode\\extensions\\uqbar.wollok-lsp-ide-0.5.3\\out\\server\\src\\server.js:2393:5254)\n    at U2.updateEnvironmentWith (c:\\Users\\Usuario\\.vscode\\extensions\\uqbar.wollok-lsp-ide-0.5.3\\out\\server\\src\\server.js:2393:4989)\n    at JF (c:\\Users\\Usuario\\.vscode\\extensions\\uqbar.wollok-lsp-ide-0.5.3\\out\\server\\src\\server.js:2393:7383)\n    at F3.invoke (c:\\Users\\Usuario\\.vscode\\extensions\\uqbar.wollok-lsp-ide-0.5.3\\out\\server\\src\\server.js:3:157334)\n    at o.fire (c:\\Users\\Usuario\\.vscode\\extensions\\uqbar.wollok-lsp-ide-0.5.3\\out\\server\\src\\server.js:3:158104)\n    at c:\\Users\\Usuario\\.vscode\\extensions\\uqbar.wollok-lsp-ide-0.5.3\\out\\server\\src\\server.js:37:57871\n    at Zr (c:\\Users\\Usuario\\.vscode\\extensions\\uqbar.wollok-lsp-ide-0.5.3\\out\\server\\src\\server.js:8:1561)","timestamp":"2025-10-10T01:34:26.780Z"}
{"level":"error","message":"âœ˜ Failed to rebuild document Failed to parse test.wtest: \n-- PARSING FAILED --------------------------------------------------\n\n  53 | \n  54 |     test \"Test de riego\"\n> 55 |     test \"Test de riego: No hay cultivo\" {\n     |     ^\n  56 | \n  57 |     }\n\nExpected one of the following: \n\n'@', '{', comment, whitespace\n","stack":"Error: Failed to parse test.wtest: \n-- PARSING FAILED --------------------------------------------------\n\n  53 | \n  54 |     test \"Test de riego\"\n> 55 |     test \"Test de riego: No hay cultivo\" {\n     |     ^\n  56 | \n  57 |     }\n\nExpected one of the following: \n\n'@', '{', comment, whitespace\n\n    at c:\\Users\\Usuario\\.vscode\\extensions\\uqbar.wollok-lsp-ide-0.5.3\\out\\server\\src\\server.js:2348:13026\n    at Array.map (<anonymous>)\n    at W1n (c:\\Users\\Usuario\\.vscode\\extensions\\uqbar.wollok-lsp-ide-0.5.3\\out\\server\\src\\server.js:2348:12950)\n    at U2.buildEnvironmentFrom (c:\\Users\\Usuario\\.vscode\\extensions\\uqbar.wollok-lsp-ide-0.5.3\\out\\server\\src\\server.js:2393:5254)\n    at U2.updateEnvironmentWith (c:\\Users\\Usuario\\.vscode\\extensions\\uqbar.wollok-lsp-ide-0.5.3\\out\\server\\src\\server.js:2393:4989)\n    at JF (c:\\Users\\Usuario\\.vscode\\extensions\\uqbar.wollok-lsp-ide-0.5.3\\out\\server\\src\\server.js:2393:7383)\n    at F3.invoke (c:\\Users\\Usuario\\.vscode\\extensions\\uqbar.wollok-lsp-ide-0.5.3\\out\\server\\src\\server.js:3:157334)\n    at o.fire (c:\\Users\\Usuario\\.vscode\\extensions\\uqbar.wollok-lsp-ide-0.5.3\\out\\server\\src\\server.js:3:158104)\n    at c:\\Users\\Usuario\\.vscode\\extensions\\uqbar.wollok-lsp-ide-0.5.3\\out\\server\\src\\server.js:37:57871\n    at Zr (c:\\Users\\Usuario\\.vscode\\extensions\\uqbar.wollok-lsp-ide-0.5.3\\out\\server\\src\\server.js:8:1561)","timestamp":"2025-10-10T01:34:26.873Z"}
{"level":"error","message":"âœ˜ Failed to rebuild document Failed to parse test.wtest: \n-- PARSING FAILED --------------------------------------------------\n\n  53 | \n  54 |     test \"Test de riego:\"\n> 55 |     test \"Test de riego: No hay cultivo\" {\n     |     ^\n  56 | \n  57 |     }\n\nExpected one of the following: \n\n'@', '{', comment, whitespace\n","stack":"Error: Failed to parse test.wtest: \n-- PARSING FAILED --------------------------------------------------\n\n  53 | \n  54 |     test \"Test de riego:\"\n> 55 |     test \"Test de riego: No hay cultivo\" {\n     |     ^\n  56 | \n  57 |     }\n\nExpected one of the following: \n\n'@', '{', comment, whitespace\n\n    at c:\\Users\\Usuario\\.vscode\\extensions\\uqbar.wollok-lsp-ide-0.5.3\\out\\server\\src\\server.js:2348:13026\n    at Array.map (<anonymous>)\n    at W1n (c:\\Users\\Usuario\\.vscode\\extensions\\uqbar.wollok-lsp-ide-0.5.3\\out\\server\\src\\server.js:2348:12950)\n    at U2.buildEnvironmentFrom (c:\\Users\\Usuario\\.vscode\\extensions\\uqbar.wollok-lsp-ide-0.5.3\\out\\server\\src\\server.js:2393:5254)\n    at U2.updateEnvironmentWith (c:\\Users\\Usuario\\.vscode\\extensions\\uqbar.wollok-lsp-ide-0.5.3\\out\\server\\src\\server.js:2393:4989)\n    at JF (c:\\Users\\Usuario\\.vscode\\extensions\\uqbar.wollok-lsp-ide-0.5.3\\out\\server\\src\\server.js:2393:7383)\n    at F3.invoke (c:\\Users\\Usuario\\.vscode\\extensions\\uqbar.wollok-lsp-ide-0.5.3\\out\\server\\src\\server.js:3:157334)\n    at o.fire (c:\\Users\\Usuario\\.vscode\\extensions\\uqbar.wollok-lsp-ide-0.5.3\\out\\server\\src\\server.js:3:158104)\n    at c:\\Users\\Usuario\\.vscode\\extensions\\uqbar.wollok-lsp-ide-0.5.3\\out\\server\\src\\server.js:37:57871\n    at Zr (c:\\Users\\Usuario\\.vscode\\extensions\\uqbar.wollok-lsp-ide-0.5.3\\out\\server\\src\\server.js:8:1561)","timestamp":"2025-10-10T01:34:27.176Z"}
{"level":"error","message":"âœ˜ Failed to rebuild document Failed to parse test.wtest: \n-- PARSING FAILED --------------------------------------------------\n\n  53 | \n  54 |     test \"Test de riego: \"\n> 55 |     test \"Test de riego: No hay cultivo\" {\n     |     ^\n  56 | \n  57 |     }\n\nExpected one of the following: \n\n'@', '{', comment, whitespace\n","stack":"Error: Failed to parse test.wtest: \n-- PARSING FAILED --------------------------------------------------\n\n  53 | \n  54 |     test \"Test de riego: \"\n> 55 |     test \"Test de riego: No hay cultivo\" {\n     |     ^\n  56 | \n  57 |     }\n\nExpected one of the following: \n\n'@', '{', comment, whitespace\n\n    at c:\\Users\\Usuario\\.vscode\\extensions\\uqbar.wollok-lsp-ide-0.5.3\\out\\server\\src\\server.js:2348:13026\n    at Array.map (<anonymous>)\n    at W1n (c:\\Users\\Usuario\\.vscode\\extensions\\uqbar.wollok-lsp-ide-0.5.3\\out\\server\\src\\server.js:2348:12950)\n    at U2.buildEnvironmentFrom (c:\\Users\\Usuario\\.vscode\\extensions\\uqbar.wollok-lsp-ide-0.5.3\\out\\server\\src\\server.js:2393:5254)\n    at U2.updateEnvironmentWith (c:\\Users\\Usuario\\.vscode\\extensions\\uqbar.wollok-lsp-ide-0.5.3\\out\\server\\src\\server.js:2393:4989)\n    at JF (c:\\Users\\Usuario\\.vscode\\extensions\\uqbar.wollok-lsp-ide-0.5.3\\out\\server\\src\\server.js:2393:7383)\n    at F3.invoke (c:\\Users\\Usuario\\.vscode\\extensions\\uqbar.wollok-lsp-ide-0.5.3\\out\\server\\src\\server.js:3:157334)\n    at o.fire (c:\\Users\\Usuario\\.vscode\\extensions\\uqbar.wollok-lsp-ide-0.5.3\\out\\server\\src\\server.js:3:158104)\n    at c:\\Users\\Usuario\\.vscode\\extensions\\uqbar.wollok-lsp-ide-0.5.3\\out\\server\\src\\server.js:37:57871\n    at Zr (c:\\Users\\Usuario\\.vscode\\extensions\\uqbar.wollok-lsp-ide-0.5.3\\out\\server\\src\\server.js:8:1561)","timestamp":"2025-10-10T01:34:27.402Z"}
{"level":"error","message":"âœ˜ Failed to rebuild document Failed to parse test.wtest: \n-- PARSING FAILED --------------------------------------------------\n\n  53 | \n  54 |     test \"Test de riego: T\"\n> 55 |     test \"Test de riego: No hay cultivo\" {\n     |     ^\n  56 | \n  57 |     }\n\nExpected one of the following: \n\n'@', '{', comment, whitespace\n","stack":"Error: Failed to parse test.wtest: \n-- PARSING FAILED --------------------------------------------------\n\n  53 | \n  54 |     test \"Test de riego: T\"\n> 55 |     test \"Test de riego: No hay cultivo\" {\n     |     ^\n  56 | \n  57 |     }\n\nExpected one of the following: \n\n'@', '{', comment, whitespace\n\n    at c:\\Users\\Usuario\\.vscode\\extensions\\uqbar.wollok-lsp-ide-0.5.3\\out\\server\\src\\server.js:2348:13026\n    at Array.map (<anonymous>)\n    at W1n (c:\\Users\\Usuario\\.vscode\\extensions\\uqbar.wollok-lsp-ide-0.5.3\\out\\server\\src\\server.js:2348:12950)\n    at U2.buildEnvironmentFrom (c:\\Users\\Usuario\\.vscode\\extensions\\uqbar.wollok-lsp-ide-0.5.3\\out\\server\\src\\server.js:2393:5254)\n    at U2.updateEnvironmentWith (c:\\Users\\Usuario\\.vscode\\extensions\\uqbar.wollok-lsp-ide-0.5.3\\out\\server\\src\\server.js:2393:4989)\n    at JF (c:\\Users\\Usuario\\.vscode\\extensions\\uqbar.wollok-lsp-ide-0.5.3\\out\\server\\src\\server.js:2393:7383)\n    at F3.invoke (c:\\Users\\Usuario\\.vscode\\extensions\\uqbar.wollok-lsp-ide-0.5.3\\out\\server\\src\\server.js:3:157334)\n    at o.fire (c:\\Users\\Usuario\\.vscode\\extensions\\uqbar.wollok-lsp-ide-0.5.3\\out\\server\\src\\server.js:3:158104)\n    at c:\\Users\\Usuario\\.vscode\\extensions\\uqbar.wollok-lsp-ide-0.5.3\\out\\server\\src\\server.js:37:57871\n    at Zr (c:\\Users\\Usuario\\.vscode\\extensions\\uqbar.wollok-lsp-ide-0.5.3\\out\\server\\src\\server.js:8:1561)","timestamp":"2025-10-10T01:34:27.662Z"}
{"level":"error","message":"âœ˜ Failed to rebuild document Failed to parse test.wtest: \n-- PARSING FAILED --------------------------------------------------\n\n  53 | \n  54 |     test \"Test de riego: To\"\n> 55 |     test \"Test de riego: No hay cultivo\" {\n     |     ^\n  56 | \n  57 |     }\n\nExpected one of the following: \n\n'@', '{', comment, whitespace\n","stack":"Error: Failed to parse test.wtest: \n-- PARSING FAILED --------------------------------------------------\n\n  53 | \n  54 |     test \"Test de riego: To\"\n> 55 |     test \"Test de riego: No hay cultivo\" {\n     |     ^\n  56 | \n  57 |     }\n\nExpected one of the following: \n\n'@', '{', comment, whitespace\n\n    at c:\\Users\\Usuario\\.vscode\\extensions\\uqbar.wollok-lsp-ide-0.5.3\\out\\server\\src\\server.js:2348:13026\n    at Array.map (<anonymous>)\n    at W1n (c:\\Users\\Usuario\\.vscode\\extensions\\uqbar.wollok-lsp-ide-0.5.3\\out\\server\\src\\server.js:2348:12950)\n    at U2.buildEnvironmentFrom (c:\\Users\\Usuario\\.vscode\\extensions\\uqbar.wollok-lsp-ide-0.5.3\\out\\server\\src\\server.js:2393:5254)\n    at U2.updateEnvironmentWith (c:\\Users\\Usuario\\.vscode\\extensions\\uqbar.wollok-lsp-ide-0.5.3\\out\\server\\src\\server.js:2393:4989)\n    at JF (c:\\Users\\Usuario\\.vscode\\extensions\\uqbar.wollok-lsp-ide-0.5.3\\out\\server\\src\\server.js:2393:7383)\n    at F3.invoke (c:\\Users\\Usuario\\.vscode\\extensions\\uqbar.wollok-lsp-ide-0.5.3\\out\\server\\src\\server.js:3:157334)\n    at o.fire (c:\\Users\\Usuario\\.vscode\\extensions\\uqbar.wollok-lsp-ide-0.5.3\\out\\server\\src\\server.js:3:158104)\n    at c:\\Users\\Usuario\\.vscode\\extensions\\uqbar.wollok-lsp-ide-0.5.3\\out\\server\\src\\server.js:37:57871\n    at Zr (c:\\Users\\Usuario\\.vscode\\extensions\\uqbar.wollok-lsp-ide-0.5.3\\out\\server\\src\\server.js:8:1561)","timestamp":"2025-10-10T01:34:27.743Z"}
{"level":"error","message":"âœ˜ Failed to rebuild document Failed to parse test.wtest: \n-- PARSING FAILED --------------------------------------------------\n\n  53 | \n  54 |     test \"Test de riego: Tom\"\n> 55 |     test \"Test de riego: No hay cultivo\" {\n     |     ^\n  56 | \n  57 |     }\n\nExpected one of the following: \n\n'@', '{', comment, whitespace\n","stack":"Error: Failed to parse test.wtest: \n-- PARSING FAILED --------------------------------------------------\n\n  53 | \n  54 |     test \"Test de riego: Tom\"\n> 55 |     test \"Test de riego: No hay cultivo\" {\n     |     ^\n  56 | \n  57 |     }\n\nExpected one of the following: \n\n'@', '{', comment, whitespace\n\n    at c:\\Users\\Usuario\\.vscode\\extensions\\uqbar.wollok-lsp-ide-0.5.3\\out\\server\\src\\server.js:2348:13026\n    at Array.map (<anonymous>)\n    at W1n (c:\\Users\\Usuario\\.vscode\\extensions\\uqbar.wollok-lsp-ide-0.5.3\\out\\server\\src\\server.js:2348:12950)\n    at U2.buildEnvironmentFrom (c:\\Users\\Usuario\\.vscode\\extensions\\uqbar.wollok-lsp-ide-0.5.3\\out\\server\\src\\server.js:2393:5254)\n    at U2.updateEnvironmentWith (c:\\Users\\Usuario\\.vscode\\extensions\\uqbar.wollok-lsp-ide-0.5.3\\out\\server\\src\\server.js:2393:4989)\n    at JF (c:\\Users\\Usuario\\.vscode\\extensions\\uqbar.wollok-lsp-ide-0.5.3\\out\\server\\src\\server.js:2393:7383)\n    at F3.invoke (c:\\Users\\Usuario\\.vscode\\extensions\\uqbar.wollok-lsp-ide-0.5.3\\out\\server\\src\\server.js:3:157334)\n    at o.fire (c:\\Users\\Usuario\\.vscode\\extensions\\uqbar.wollok-lsp-ide-0.5.3\\out\\server\\src\\server.js:3:158104)\n    at c:\\Users\\Usuario\\.vscode\\extensions\\uqbar.wollok-lsp-ide-0.5.3\\out\\server\\src\\server.js:37:57871\n    at Zr (c:\\Users\\Usuario\\.vscode\\extensions\\uqbar.wollok-lsp-ide-0.5.3\\out\\server\\src\\server.js:8:1561)","timestamp":"2025-10-10T01:34:27.886Z"}
{"level":"error","message":"âœ˜ Failed to rebuild document Failed to parse test.wtest: \n-- PARSING FAILED --------------------------------------------------\n\n  53 | \n  54 |     test \"Test de riego: Toma\"\n> 55 |     test \"Test de riego: No hay cultivo\" {\n     |     ^\n  56 | \n  57 |     }\n\nExpected one of the following: \n\n'@', '{', comment, whitespace\n","stack":"Error: Failed to parse test.wtest: \n-- PARSING FAILED --------------------------------------------------\n\n  53 | \n  54 |     test \"Test de riego: Toma\"\n> 55 |     test \"Test de riego: No hay cultivo\" {\n     |     ^\n  56 | \n  57 |     }\n\nExpected one of the following: \n\n'@', '{', comment, whitespace\n\n    at c:\\Users\\Usuario\\.vscode\\extensions\\uqbar.wollok-lsp-ide-0.5.3\\out\\server\\src\\server.js:2348:13026\n    at Array.map (<anonymous>)\n    at W1n (c:\\Users\\Usuario\\.vscode\\extensions\\uqbar.wollok-lsp-ide-0.5.3\\out\\server\\src\\server.js:2348:12950)\n    at U2.buildEnvironmentFrom (c:\\Users\\Usuario\\.vscode\\extensions\\uqbar.wollok-lsp-ide-0.5.3\\out\\server\\src\\server.js:2393:5254)\n    at U2.updateEnvironmentWith (c:\\Users\\Usuario\\.vscode\\extensions\\uqbar.wollok-lsp-ide-0.5.3\\out\\server\\src\\server.js:2393:4989)\n    at JF (c:\\Users\\Usuario\\.vscode\\extensions\\uqbar.wollok-lsp-ide-0.5.3\\out\\server\\src\\server.js:2393:7383)\n    at F3.invoke (c:\\Users\\Usuario\\.vscode\\extensions\\uqbar.wollok-lsp-ide-0.5.3\\out\\server\\src\\server.js:3:157334)\n    at o.fire (c:\\Users\\Usuario\\.vscode\\extensions\\uqbar.wollok-lsp-ide-0.5.3\\out\\server\\src\\server.js:3:158104)\n    at c:\\Users\\Usuario\\.vscode\\extensions\\uqbar.wollok-lsp-ide-0.5.3\\out\\server\\src\\server.js:37:57871\n    at Zr (c:\\Users\\Usuario\\.vscode\\extensions\\uqbar.wollok-lsp-ide-0.5.3\\out\\server\\src\\server.js:8:1561)","timestamp":"2025-10-10T01:34:27.947Z"}
{"level":"error","message":"âœ˜ Failed to rebuild document Failed to parse test.wtest: \n-- PARSING FAILED --------------------------------------------------\n\n  53 | \n  54 |     test \"Test de riego: Tomac\"\n> 55 |     test \"Test de riego: No hay cultivo\" {\n     |     ^\n  56 | \n  57 |     }\n\nExpected one of the following: \n\n'@', '{', comment, whitespace\n","stack":"Error: Failed to parse test.wtest: \n-- PARSING FAILED --------------------------------------------------\n\n  53 | \n  54 |     test \"Test de riego: Tomac\"\n> 55 |     test \"Test de riego: No hay cultivo\" {\n     |     ^\n  56 | \n  57 |     }\n\nExpected one of the following: \n\n'@', '{', comment, whitespace\n\n    at c:\\Users\\Usuario\\.vscode\\extensions\\uqbar.wollok-lsp-ide-0.5.3\\out\\server\\src\\server.js:2348:13026\n    at Array.map (<anonymous>)\n    at W1n (c:\\Users\\Usuario\\.vscode\\extensions\\uqbar.wollok-lsp-ide-0.5.3\\out\\server\\src\\server.js:2348:12950)\n    at U2.buildEnvironmentFrom (c:\\Users\\Usuario\\.vscode\\extensions\\uqbar.wollok-lsp-ide-0.5.3\\out\\server\\src\\server.js:2393:5254)\n    at U2.updateEnvironmentWith (c:\\Users\\Usuario\\.vscode\\extensions\\uqbar.wollok-lsp-ide-0.5.3\\out\\server\\src\\server.js:2393:4989)\n    at JF (c:\\Users\\Usuario\\.vscode\\extensions\\uqbar.wollok-lsp-ide-0.5.3\\out\\server\\src\\server.js:2393:7383)\n    at F3.invoke (c:\\Users\\Usuario\\.vscode\\extensions\\uqbar.wollok-lsp-ide-0.5.3\\out\\server\\src\\server.js:3:157334)\n    at o.fire (c:\\Users\\Usuario\\.vscode\\extensions\\uqbar.wollok-lsp-ide-0.5.3\\out\\server\\src\\server.js:3:158104)\n    at c:\\Users\\Usuario\\.vscode\\extensions\\uqbar.wollok-lsp-ide-0.5.3\\out\\server\\src\\server.js:37:57871\n    at Zr (c:\\Users\\Usuario\\.vscode\\extensions\\uqbar.wollok-lsp-ide-0.5.3\\out\\server\\src\\server.js:8:1561)","timestamp":"2025-10-10T01:34:28.222Z"}
{"level":"error","message":"âœ˜ Failed to rebuild document Failed to parse test.wtest: \n-- PARSING FAILED --------------------------------------------------\n\n  53 | \n  54 |     test \"Test de riego: Tomaco\"\n> 55 |     test \"Test de riego: No hay cultivo\" {\n     |     ^\n  56 | \n  57 |     }\n\nExpected one of the following: \n\n'@', '{', comment, whitespace\n","stack":"Error: Failed to parse test.wtest: \n-- PARSING FAILED --------------------------------------------------\n\n  53 | \n  54 |     test \"Test de riego: Tomaco\"\n> 55 |     test \"Test de riego: No hay cultivo\" {\n     |     ^\n  56 | \n  57 |     }\n\nExpected one of the following: \n\n'@', '{', comment, whitespace\n\n    at c:\\Users\\Usuario\\.vscode\\extensions\\uqbar.wollok-lsp-ide-0.5.3\\out\\server\\src\\server.js:2348:13026\n    at Array.map (<anonymous>)\n    at W1n (c:\\Users\\Usuario\\.vscode\\extensions\\uqbar.wollok-lsp-ide-0.5.3\\out\\server\\src\\server.js:2348:12950)\n    at U2.buildEnvironmentFrom (c:\\Users\\Usuario\\.vscode\\extensions\\uqbar.wollok-lsp-ide-0.5.3\\out\\server\\src\\server.js:2393:5254)\n    at U2.updateEnvironmentWith (c:\\Users\\Usuario\\.vscode\\extensions\\uqbar.wollok-lsp-ide-0.5.3\\out\\server\\src\\server.js:2393:4989)\n    at JF (c:\\Users\\Usuario\\.vscode\\extensions\\uqbar.wollok-lsp-ide-0.5.3\\out\\server\\src\\server.js:2393:7383)\n    at F3.invoke (c:\\Users\\Usuario\\.vscode\\extensions\\uqbar.wollok-lsp-ide-0.5.3\\out\\server\\src\\server.js:3:157334)\n    at o.fire (c:\\Users\\Usuario\\.vscode\\extensions\\uqbar.wollok-lsp-ide-0.5.3\\out\\server\\src\\server.js:3:158104)\n    at c:\\Users\\Usuario\\.vscode\\extensions\\uqbar.wollok-lsp-ide-0.5.3\\out\\server\\src\\server.js:37:57871\n    at Zr (c:\\Users\\Usuario\\.vscode\\extensions\\uqbar.wollok-lsp-ide-0.5.3\\out\\server\\src\\server.js:8:1561)","timestamp":"2025-10-10T01:34:28.327Z"}
{"level":"error","message":"âœ˜ Failed to rebuild document Failed to parse test.wtest: \n-- PARSING FAILED --------------------------------------------------\n\n  53 | \n  54 |     test \"Test de riego: Tomaco \"\n> 55 |     test \"Test de riego: No hay cultivo\" {\n     |     ^\n  56 | \n  57 |     }\n\nExpected one of the following: \n\n'@', '{', comment, whitespace\n","stack":"Error: Failed to parse test.wtest: \n-- PARSING FAILED --------------------------------------------------\n\n  53 | \n  54 |     test \"Test de riego: Tomaco \"\n> 55 |     test \"Test de riego: No hay cultivo\" {\n     |     ^\n  56 | \n  57 |     }\n\nExpected one of the following: \n\n'@', '{', comment, whitespace\n\n    at c:\\Users\\Usuario\\.vscode\\extensions\\uqbar.wollok-lsp-ide-0.5.3\\out\\server\\src\\server.js:2348:13026\n    at Array.map (<anonymous>)\n    at W1n (c:\\Users\\Usuario\\.vscode\\extensions\\uqbar.wollok-lsp-ide-0.5.3\\out\\server\\src\\server.js:2348:12950)\n    at U2.buildEnvironmentFrom (c:\\Users\\Usuario\\.vscode\\extensions\\uqbar.wollok-lsp-ide-0.5.3\\out\\server\\src\\server.js:2393:5254)\n    at U2.updateEnvironmentWith (c:\\Users\\Usuario\\.vscode\\extensions\\uqbar.wollok-lsp-ide-0.5.3\\out\\server\\src\\server.js:2393:4989)\n    at JF (c:\\Users\\Usuario\\.vscode\\extensions\\uqbar.wollok-lsp-ide-0.5.3\\out\\server\\src\\server.js:2393:7383)\n    at F3.invoke (c:\\Users\\Usuario\\.vscode\\extensions\\uqbar.wollok-lsp-ide-0.5.3\\out\\server\\src\\server.js:3:157334)\n    at o.fire (c:\\Users\\Usuario\\.vscode\\extensions\\uqbar.wollok-lsp-ide-0.5.3\\out\\server\\src\\server.js:3:158104)\n    at c:\\Users\\Usuario\\.vscode\\extensions\\uqbar.wollok-lsp-ide-0.5.3\\out\\server\\src\\server.js:37:57871\n    at Zr (c:\\Users\\Usuario\\.vscode\\extensions\\uqbar.wollok-lsp-ide-0.5.3\\out\\server\\src\\server.js:8:1561)","timestamp":"2025-10-10T01:34:28.475Z"}
{"level":"error","message":"âœ˜ Failed to rebuild document Failed to parse test.wtest: \n-- PARSING FAILED --------------------------------------------------\n\n  53 | \n  54 |     test \"Test de riego: Tomaco c\"\n> 55 |     test \"Test de riego: No hay cultivo\" {\n     |     ^\n  56 | \n  57 |     }\n\nExpected one of the following: \n\n'@', '{', comment, whitespace\n","stack":"Error: Failed to parse test.wtest: \n-- PARSING FAILED --------------------------------------------------\n\n  53 | \n  54 |     test \"Test de riego: Tomaco c\"\n> 55 |     test \"Test de riego: No hay cultivo\" {\n     |     ^\n  56 | \n  57 |     }\n\nExpected one of the following: \n\n'@', '{', comment, whitespace\n\n    at c:\\Users\\Usuario\\.vscode\\extensions\\uqbar.wollok-lsp-ide-0.5.3\\out\\server\\src\\server.js:2348:13026\n    at Array.map (<anonymous>)\n    at W1n (c:\\Users\\Usuario\\.vscode\\extensions\\uqbar.wollok-lsp-ide-0.5.3\\out\\server\\src\\server.js:2348:12950)\n    at U2.buildEnvironmentFrom (c:\\Users\\Usuario\\.vscode\\extensions\\uqbar.wollok-lsp-ide-0.5.3\\out\\server\\src\\server.js:2393:5254)\n    at U2.updateEnvironmentWith (c:\\Users\\Usuario\\.vscode\\extensions\\uqbar.wollok-lsp-ide-0.5.3\\out\\server\\src\\server.js:2393:4989)\n    at JF (c:\\Users\\Usuario\\.vscode\\extensions\\uqbar.wollok-lsp-ide-0.5.3\\out\\server\\src\\server.js:2393:7383)\n    at F3.invoke (c:\\Users\\Usuario\\.vscode\\extensions\\uqbar.wollok-lsp-ide-0.5.3\\out\\server\\src\\server.js:3:157334)\n    at o.fire (c:\\Users\\Usuario\\.vscode\\extensions\\uqbar.wollok-lsp-ide-0.5.3\\out\\server\\src\\server.js:3:158104)\n    at c:\\Users\\Usuario\\.vscode\\extensions\\uqbar.wollok-lsp-ide-0.5.3\\out\\server\\src\\server.js:37:57871\n    at Zr (c:\\Users\\Usuario\\.vscode\\extensions\\uqbar.wollok-lsp-ide-0.5.3\\out\\server\\src\\server.js:8:1561)","timestamp":"2025-10-10T01:34:28.543Z"}
{"level":"error","message":"âœ˜ Failed to rebuild document Failed to parse test.wtest: \n-- PARSING FAILED --------------------------------------------------\n\n  53 | \n  54 |     test \"Test de riego: Tomaco ca\"\n> 55 |     test \"Test de riego: No hay cultivo\" {\n     |     ^\n  56 | \n  57 |     }\n\nExpected one of the following: \n\n'@', '{', comment, whitespace\n","stack":"Error: Failed to parse test.wtest: \n-- PARSING FAILED --------------------------------------------------\n\n  53 | \n  54 |     test \"Test de riego: Tomaco ca\"\n> 55 |     test \"Test de riego: No hay cultivo\" {\n     |     ^\n  56 | \n  57 |     }\n\nExpected one of the following: \n\n'@', '{', comment, whitespace\n\n    at c:\\Users\\Usuario\\.vscode\\extensions\\uqbar.wollok-lsp-ide-0.5.3\\out\\server\\src\\server.js:2348:13026\n    at Array.map (<anonymous>)\n    at W1n (c:\\Users\\Usuario\\.vscode\\extensions\\uqbar.wollok-lsp-ide-0.5.3\\out\\server\\src\\server.js:2348:12950)\n    at U2.buildEnvironmentFrom (c:\\Users\\Usuario\\.vscode\\extensions\\uqbar.wollok-lsp-ide-0.5.3\\out\\server\\src\\server.js:2393:5254)\n    at U2.updateEnvironmentWith (c:\\Users\\Usuario\\.vscode\\extensions\\uqbar.wollok-lsp-ide-0.5.3\\out\\server\\src\\server.js:2393:4989)\n    at JF (c:\\Users\\Usuario\\.vscode\\extensions\\uqbar.wollok-lsp-ide-0.5.3\\out\\server\\src\\server.js:2393:7383)\n    at F3.invoke (c:\\Users\\Usuario\\.vscode\\extensions\\uqbar.wollok-lsp-ide-0.5.3\\out\\server\\src\\server.js:3:157334)\n    at o.fire (c:\\Users\\Usuario\\.vscode\\extensions\\uqbar.wollok-lsp-ide-0.5.3\\out\\server\\src\\server.js:3:158104)\n    at c:\\Users\\Usuario\\.vscode\\extensions\\uqbar.wollok-lsp-ide-0.5.3\\out\\server\\src\\server.js:37:57871\n    at Zr (c:\\Users\\Usuario\\.vscode\\extensions\\uqbar.wollok-lsp-ide-0.5.3\\out\\server\\src\\server.js:8:1561)","timestamp":"2025-10-10T01:34:28.608Z"}
{"level":"error","message":"âœ˜ Failed to rebuild document Failed to parse test.wtest: \n-- PARSING FAILED --------------------------------------------------\n\n  53 | \n  54 |     test \"Test de riego: Tomaco cas\"\n> 55 |     test \"Test de riego: No hay cultivo\" {\n     |     ^\n  56 | \n  57 |     }\n\nExpected one of the following: \n\n'@', '{', comment, whitespace\n","stack":"Error: Failed to parse test.wtest: \n-- PARSING FAILED --------------------------------------------------\n\n  53 | \n  54 |     test \"Test de riego: Tomaco cas\"\n> 55 |     test \"Test de riego: No hay cultivo\" {\n     |     ^\n  56 | \n  57 |     }\n\nExpected one of the following: \n\n'@', '{', comment, whitespace\n\n    at c:\\Users\\Usuario\\.vscode\\extensions\\uqbar.wollok-lsp-ide-0.5.3\\out\\server\\src\\server.js:2348:13026\n    at Array.map (<anonymous>)\n    at W1n (c:\\Users\\Usuario\\.vscode\\extensions\\uqbar.wollok-lsp-ide-0.5.3\\out\\server\\src\\server.js:2348:12950)\n    at U2.buildEnvironmentFrom (c:\\Users\\Usuario\\.vscode\\extensions\\uqbar.wollok-lsp-ide-0.5.3\\out\\server\\src\\server.js:2393:5254)\n    at U2.updateEnvironmentWith (c:\\Users\\Usuario\\.vscode\\extensions\\uqbar.wollok-lsp-ide-0.5.3\\out\\server\\src\\server.js:2393:4989)\n    at JF (c:\\Users\\Usuario\\.vscode\\extensions\\uqbar.wollok-lsp-ide-0.5.3\\out\\server\\src\\server.js:2393:7383)\n    at F3.invoke (c:\\Users\\Usuario\\.vscode\\extensions\\uqbar.wollok-lsp-ide-0.5.3\\out\\server\\src\\server.js:3:157334)\n    at o.fire (c:\\Users\\Usuario\\.vscode\\extensions\\uqbar.wollok-lsp-ide-0.5.3\\out\\server\\src\\server.js:3:158104)\n    at c:\\Users\\Usuario\\.vscode\\extensions\\uqbar.wollok-lsp-ide-0.5.3\\out\\server\\src\\server.js:37:57871\n    at Zr (c:\\Users\\Usuario\\.vscode\\extensions\\uqbar.wollok-lsp-ide-0.5.3\\out\\server\\src\\server.js:8:1561)","timestamp":"2025-10-10T01:34:28.706Z"}
{"level":"error","message":"âœ˜ Failed to rebuild document Failed to parse test.wtest: \n-- PARSING FAILED --------------------------------------------------\n\n  53 | \n  54 |     test \"Test de riego: Tomaco caso\"\n> 55 |     test \"Test de riego: No hay cultivo\" {\n     |     ^\n  56 | \n  57 |     }\n\nExpected one of the following: \n\n'@', '{', comment, whitespace\n","stack":"Error: Failed to parse test.wtest: \n-- PARSING FAILED --------------------------------------------------\n\n  53 | \n  54 |     test \"Test de riego: Tomaco caso\"\n> 55 |     test \"Test de riego: No hay cultivo\" {\n     |     ^\n  56 | \n  57 |     }\n\nExpected one of the following: \n\n'@', '{', comment, whitespace\n\n    at c:\\Users\\Usuario\\.vscode\\extensions\\uqbar.wollok-lsp-ide-0.5.3\\out\\server\\src\\server.js:2348:13026\n    at Array.map (<anonymous>)\n    at W1n (c:\\Users\\Usuario\\.vscode\\extensions\\uqbar.wollok-lsp-ide-0.5.3\\out\\server\\src\\server.js:2348:12950)\n    at U2.buildEnvironmentFrom (c:\\Users\\Usuario\\.vscode\\extensions\\uqbar.wollok-lsp-ide-0.5.3\\out\\server\\src\\server.js:2393:5254)\n    at U2.updateEnvironmentWith (c:\\Users\\Usuario\\.vscode\\extensions\\uqbar.wollok-lsp-ide-0.5.3\\out\\server\\src\\server.js:2393:4989)\n    at JF (c:\\Users\\Usuario\\.vscode\\extensions\\uqbar.wollok-lsp-ide-0.5.3\\out\\server\\src\\server.js:2393:7383)\n    at F3.invoke (c:\\Users\\Usuario\\.vscode\\extensions\\uqbar.wollok-lsp-ide-0.5.3\\out\\server\\src\\server.js:3:157334)\n    at o.fire (c:\\Users\\Usuario\\.vscode\\extensions\\uqbar.wollok-lsp-ide-0.5.3\\out\\server\\src\\server.js:3:158104)\n    at c:\\Users\\Usuario\\.vscode\\extensions\\uqbar.wollok-lsp-ide-0.5.3\\out\\server\\src\\server.js:37:57871\n    at Zr (c:\\Users\\Usuario\\.vscode\\extensions\\uqbar.wollok-lsp-ide-0.5.3\\out\\server\\src\\server.js:8:1561)","timestamp":"2025-10-10T01:34:28.807Z"}
{"level":"error","message":"âœ˜ Failed to rebuild document Failed to parse test.wtest: \n-- PARSING FAILED --------------------------------------------------\n\n  53 | \n  54 |     test \"Test de riego: Tomaco caso \"\n> 55 |     test \"Test de riego: No hay cultivo\" {\n     |     ^\n  56 | \n  57 |     }\n\nExpected one of the following: \n\n'@', '{', comment, whitespace\n","stack":"Error: Failed to parse test.wtest: \n-- PARSING FAILED --------------------------------------------------\n\n  53 | \n  54 |     test \"Test de riego: Tomaco caso \"\n> 55 |     test \"Test de riego: No hay cultivo\" {\n     |     ^\n  56 | \n  57 |     }\n\nExpected one of the following: \n\n'@', '{', comment, whitespace\n\n    at c:\\Users\\Usuario\\.vscode\\extensions\\uqbar.wollok-lsp-ide-0.5.3\\out\\server\\src\\server.js:2348:13026\n    at Array.map (<anonymous>)\n    at W1n (c:\\Users\\Usuario\\.vscode\\extensions\\uqbar.wollok-lsp-ide-0.5.3\\out\\server\\src\\server.js:2348:12950)\n    at U2.buildEnvironmentFrom (c:\\Users\\Usuario\\.vscode\\extensions\\uqbar.wollok-lsp-ide-0.5.3\\out\\server\\src\\server.js:2393:5254)\n    at U2.updateEnvironmentWith (c:\\Users\\Usuario\\.vscode\\extensions\\uqbar.wollok-lsp-ide-0.5.3\\out\\server\\src\\server.js:2393:4989)\n    at JF (c:\\Users\\Usuario\\.vscode\\extensions\\uqbar.wollok-lsp-ide-0.5.3\\out\\server\\src\\server.js:2393:7383)\n    at F3.invoke (c:\\Users\\Usuario\\.vscode\\extensions\\uqbar.wollok-lsp-ide-0.5.3\\out\\server\\src\\server.js:3:157334)\n    at o.fire (c:\\Users\\Usuario\\.vscode\\extensions\\uqbar.wollok-lsp-ide-0.5.3\\out\\server\\src\\server.js:3:158104)\n    at c:\\Users\\Usuario\\.vscode\\extensions\\uqbar.wollok-lsp-ide-0.5.3\\out\\server\\src\\server.js:37:57871\n    at Zr (c:\\Users\\Usuario\\.vscode\\extensions\\uqbar.wollok-lsp-ide-0.5.3\\out\\server\\src\\server.js:8:1561)","timestamp":"2025-10-10T01:34:28.990Z"}
{"level":"error","message":"âœ˜ Failed to rebuild document Failed to parse test.wtest: \n-- PARSING FAILED --------------------------------------------------\n\n  53 | \n  54 |     test \"Test de riego: Tomaco caso l\"\n> 55 |     test \"Test de riego: No hay cultivo\" {\n     |     ^\n  56 | \n  57 |     }\n\nExpected one of the following: \n\n'@', '{', comment, whitespace\n","stack":"Error: Failed to parse test.wtest: \n-- PARSING FAILED --------------------------------------------------\n\n  53 | \n  54 |     test \"Test de riego: Tomaco caso l\"\n> 55 |     test \"Test de riego: No hay cultivo\" {\n     |     ^\n  56 | \n  57 |     }\n\nExpected one of the following: \n\n'@', '{', comment, whitespace\n\n    at c:\\Users\\Usuario\\.vscode\\extensions\\uqbar.wollok-lsp-ide-0.5.3\\out\\server\\src\\server.js:2348:13026\n    at Array.map (<anonymous>)\n    at W1n (c:\\Users\\Usuario\\.vscode\\extensions\\uqbar.wollok-lsp-ide-0.5.3\\out\\server\\src\\server.js:2348:12950)\n    at U2.buildEnvironmentFrom (c:\\Users\\Usuario\\.vscode\\extensions\\uqbar.wollok-lsp-ide-0.5.3\\out\\server\\src\\server.js:2393:5254)\n    at U2.updateEnvironmentWith (c:\\Users\\Usuario\\.vscode\\extensions\\uqbar.wollok-lsp-ide-0.5.3\\out\\server\\src\\server.js:2393:4989)\n    at JF (c:\\Users\\Usuario\\.vscode\\extensions\\uqbar.wollok-lsp-ide-0.5.3\\out\\server\\src\\server.js:2393:7383)\n    at F3.invoke (c:\\Users\\Usuario\\.vscode\\extensions\\uqbar.wollok-lsp-ide-0.5.3\\out\\server\\src\\server.js:3:157334)\n    at o.fire (c:\\Users\\Usuario\\.vscode\\extensions\\uqbar.wollok-lsp-ide-0.5.3\\out\\server\\src\\server.js:3:158104)\n    at c:\\Users\\Usuario\\.vscode\\extensions\\uqbar.wollok-lsp-ide-0.5.3\\out\\server\\src\\server.js:37:57871\n    at Zr (c:\\Users\\Usuario\\.vscode\\extensions\\uqbar.wollok-lsp-ide-0.5.3\\out\\server\\src\\server.js:8:1561)","timestamp":"2025-10-10T01:34:29.159Z"}
{"level":"error","message":"âœ˜ Failed to rebuild document Failed to parse test.wtest: \n-- PARSING FAILED --------------------------------------------------\n\n  53 | \n  54 |     test \"Test de riego: Tomaco caso li\"\n> 55 |     test \"Test de riego: No hay cultivo\" {\n     |     ^\n  56 | \n  57 |     }\n\nExpected one of the following: \n\n'@', '{', comment, whitespace\n","stack":"Error: Failed to parse test.wtest: \n-- PARSING FAILED --------------------------------------------------\n\n  53 | \n  54 |     test \"Test de riego: Tomaco caso li\"\n> 55 |     test \"Test de riego: No hay cultivo\" {\n     |     ^\n  56 | \n  57 |     }\n\nExpected one of the following: \n\n'@', '{', comment, whitespace\n\n    at c:\\Users\\Usuario\\.vscode\\extensions\\uqbar.wollok-lsp-ide-0.5.3\\out\\server\\src\\server.js:2348:13026\n    at Array.map (<anonymous>)\n    at W1n (c:\\Users\\Usuario\\.vscode\\extensions\\uqbar.wollok-lsp-ide-0.5.3\\out\\server\\src\\server.js:2348:12950)\n    at U2.buildEnvironmentFrom (c:\\Users\\Usuario\\.vscode\\extensions\\uqbar.wollok-lsp-ide-0.5.3\\out\\server\\src\\server.js:2393:5254)\n    at U2.updateEnvironmentWith (c:\\Users\\Usuario\\.vscode\\extensions\\uqbar.wollok-lsp-ide-0.5.3\\out\\server\\src\\server.js:2393:4989)\n    at JF (c:\\Users\\Usuario\\.vscode\\extensions\\uqbar.wollok-lsp-ide-0.5.3\\out\\server\\src\\server.js:2393:7383)\n    at F3.invoke (c:\\Users\\Usuario\\.vscode\\extensions\\uqbar.wollok-lsp-ide-0.5.3\\out\\server\\src\\server.js:3:157334)\n    at o.fire (c:\\Users\\Usuario\\.vscode\\extensions\\uqbar.wollok-lsp-ide-0.5.3\\out\\server\\src\\server.js:3:158104)\n    at c:\\Users\\Usuario\\.vscode\\extensions\\uqbar.wollok-lsp-ide-0.5.3\\out\\server\\src\\server.js:37:57871\n    at Zr (c:\\Users\\Usuario\\.vscode\\extensions\\uqbar.wollok-lsp-ide-0.5.3\\out\\server\\src\\server.js:8:1561)","timestamp":"2025-10-10T01:34:29.323Z"}
{"level":"error","message":"âœ˜ Failed to rebuild document Failed to parse test.wtest: \n-- PARSING FAILED --------------------------------------------------\n\n  53 | \n  54 |     test \"Test de riego: Tomaco caso lim\"\n> 55 |     test \"Test de riego: No hay cultivo\" {\n     |     ^\n  56 | \n  57 |     }\n\nExpected one of the following: \n\n'@', '{', comment, whitespace\n","stack":"Error: Failed to parse test.wtest: \n-- PARSING FAILED --------------------------------------------------\n\n  53 | \n  54 |     test \"Test de riego: Tomaco caso lim\"\n> 55 |     test \"Test de riego: No hay cultivo\" {\n     |     ^\n  56 | \n  57 |     }\n\nExpected one of the following: \n\n'@', '{', comment, whitespace\n\n    at c:\\Users\\Usuario\\.vscode\\extensions\\uqbar.wollok-lsp-ide-0.5.3\\out\\server\\src\\server.js:2348:13026\n    at Array.map (<anonymous>)\n    at W1n (c:\\Users\\Usuario\\.vscode\\extensions\\uqbar.wollok-lsp-ide-0.5.3\\out\\server\\src\\server.js:2348:12950)\n    at U2.buildEnvironmentFrom (c:\\Users\\Usuario\\.vscode\\extensions\\uqbar.wollok-lsp-ide-0.5.3\\out\\server\\src\\server.js:2393:5254)\n    at U2.updateEnvironmentWith (c:\\Users\\Usuario\\.vscode\\extensions\\uqbar.wollok-lsp-ide-0.5.3\\out\\server\\src\\server.js:2393:4989)\n    at JF (c:\\Users\\Usuario\\.vscode\\extensions\\uqbar.wollok-lsp-ide-0.5.3\\out\\server\\src\\server.js:2393:7383)\n    at F3.invoke (c:\\Users\\Usuario\\.vscode\\extensions\\uqbar.wollok-lsp-ide-0.5.3\\out\\server\\src\\server.js:3:157334)\n    at o.fire (c:\\Users\\Usuario\\.vscode\\extensions\\uqbar.wollok-lsp-ide-0.5.3\\out\\server\\src\\server.js:3:158104)\n    at c:\\Users\\Usuario\\.vscode\\extensions\\uqbar.wollok-lsp-ide-0.5.3\\out\\server\\src\\server.js:37:57871\n    at Zr (c:\\Users\\Usuario\\.vscode\\extensions\\uqbar.wollok-lsp-ide-0.5.3\\out\\server\\src\\server.js:8:1561)","timestamp":"2025-10-10T01:34:29.418Z"}
{"level":"error","message":"âœ˜ Failed to rebuild document Failed to parse test.wtest: \n-- PARSING FAILED --------------------------------------------------\n\n  53 | \n  54 |     test \"Test de riego: Tomaco caso limi\"\n> 55 |     test \"Test de riego: No hay cultivo\" {\n     |     ^\n  56 | \n  57 |     }\n\nExpected one of the following: \n\n'@', '{', comment, whitespace\n","stack":"Error: Failed to parse test.wtest: \n-- PARSING FAILED --------------------------------------------------\n\n  53 | \n  54 |     test \"Test de riego: Tomaco caso limi\"\n> 55 |     test \"Test de riego: No hay cultivo\" {\n     |     ^\n  56 | \n  57 |     }\n\nExpected one of the following: \n\n'@', '{', comment, whitespace\n\n    at c:\\Users\\Usuario\\.vscode\\extensions\\uqbar.wollok-lsp-ide-0.5.3\\out\\server\\src\\server.js:2348:13026\n    at Array.map (<anonymous>)\n    at W1n (c:\\Users\\Usuario\\.vscode\\extensions\\uqbar.wollok-lsp-ide-0.5.3\\out\\server\\src\\server.js:2348:12950)\n    at U2.buildEnvironmentFrom (c:\\Users\\Usuario\\.vscode\\extensions\\uqbar.wollok-lsp-ide-0.5.3\\out\\server\\src\\server.js:2393:5254)\n    at U2.updateEnvironmentWith (c:\\Users\\Usuario\\.vscode\\extensions\\uqbar.wollok-lsp-ide-0.5.3\\out\\server\\src\\server.js:2393:4989)\n    at JF (c:\\Users\\Usuario\\.vscode\\extensions\\uqbar.wollok-lsp-ide-0.5.3\\out\\server\\src\\server.js:2393:7383)\n    at F3.invoke (c:\\Users\\Usuario\\.vscode\\extensions\\uqbar.wollok-lsp-ide-0.5.3\\out\\server\\src\\server.js:3:157334)\n    at o.fire (c:\\Users\\Usuario\\.vscode\\extensions\\uqbar.wollok-lsp-ide-0.5.3\\out\\server\\src\\server.js:3:158104)\n    at c:\\Users\\Usuario\\.vscode\\extensions\\uqbar.wollok-lsp-ide-0.5.3\\out\\server\\src\\server.js:37:57871\n    at Zr (c:\\Users\\Usuario\\.vscode\\extensions\\uqbar.wollok-lsp-ide-0.5.3\\out\\server\\src\\server.js:8:1561)","timestamp":"2025-10-10T01:34:29.506Z"}
{"level":"error","message":"âœ˜ Failed to rebuild document Failed to parse test.wtest: \n-- PARSING FAILED --------------------------------------------------\n\n  53 | \n  54 |     test \"Test de riego: Tomaco caso limit\"\n> 55 |     test \"Test de riego: No hay cultivo\" {\n     |     ^\n  56 | \n  57 |     }\n\nExpected one of the following: \n\n'@', '{', comment, whitespace\n","stack":"Error: Failed to parse test.wtest: \n-- PARSING FAILED --------------------------------------------------\n\n  53 | \n  54 |     test \"Test de riego: Tomaco caso limit\"\n> 55 |     test \"Test de riego: No hay cultivo\" {\n     |     ^\n  56 | \n  57 |     }\n\nExpected one of the following: \n\n'@', '{', comment, whitespace\n\n    at c:\\Users\\Usuario\\.vscode\\extensions\\uqbar.wollok-lsp-ide-0.5.3\\out\\server\\src\\server.js:2348:13026\n    at Array.map (<anonymous>)\n    at W1n (c:\\Users\\Usuario\\.vscode\\extensions\\uqbar.wollok-lsp-ide-0.5.3\\out\\server\\src\\server.js:2348:12950)\n    at U2.buildEnvironmentFrom (c:\\Users\\Usuario\\.vscode\\extensions\\uqbar.wollok-lsp-ide-0.5.3\\out\\server\\src\\server.js:2393:5254)\n    at U2.updateEnvironmentWith (c:\\Users\\Usuario\\.vscode\\extensions\\uqbar.wollok-lsp-ide-0.5.3\\out\\server\\src\\server.js:2393:4989)\n    at JF (c:\\Users\\Usuario\\.vscode\\extensions\\uqbar.wollok-lsp-ide-0.5.3\\out\\server\\src\\server.js:2393:7383)\n    at F3.invoke (c:\\Users\\Usuario\\.vscode\\extensions\\uqbar.wollok-lsp-ide-0.5.3\\out\\server\\src\\server.js:3:157334)\n    at o.fire (c:\\Users\\Usuario\\.vscode\\extensions\\uqbar.wollok-lsp-ide-0.5.3\\out\\server\\src\\server.js:3:158104)\n    at c:\\Users\\Usuario\\.vscode\\extensions\\uqbar.wollok-lsp-ide-0.5.3\\out\\server\\src\\server.js:37:57871\n    at Zr (c:\\Users\\Usuario\\.vscode\\extensions\\uqbar.wollok-lsp-ide-0.5.3\\out\\server\\src\\server.js:8:1561)","timestamp":"2025-10-10T01:34:29.559Z"}
{"level":"error","message":"âœ˜ Failed to rebuild document Failed to parse test.wtest: \n-- PARSING FAILED --------------------------------------------------\n\n  53 | \n  54 |     test \"Test de riego: Tomaco caso limite\"\n> 55 |     test \"Test de riego: No hay cultivo\" {\n     |     ^\n  56 | \n  57 |     }\n\nExpected one of the following: \n\n'@', '{', comment, whitespace\n","stack":"Error: Failed to parse test.wtest: \n-- PARSING FAILED --------------------------------------------------\n\n  53 | \n  54 |     test \"Test de riego: Tomaco caso limite\"\n> 55 |     test \"Test de riego: No hay cultivo\" {\n     |     ^\n  56 | \n  57 |     }\n\nExpected one of the following: \n\n'@', '{', comment, whitespace\n\n    at c:\\Users\\Usuario\\.vscode\\extensions\\uqbar.wollok-lsp-ide-0.5.3\\out\\server\\src\\server.js:2348:13026\n    at Array.map (<anonymous>)\n    at W1n (c:\\Users\\Usuario\\.vscode\\extensions\\uqbar.wollok-lsp-ide-0.5.3\\out\\server\\src\\server.js:2348:12950)\n    at U2.buildEnvironmentFrom (c:\\Users\\Usuario\\.vscode\\extensions\\uqbar.wollok-lsp-ide-0.5.3\\out\\server\\src\\server.js:2393:5254)\n    at U2.updateEnvironmentWith (c:\\Users\\Usuario\\.vscode\\extensions\\uqbar.wollok-lsp-ide-0.5.3\\out\\server\\src\\server.js:2393:4989)\n    at JF (c:\\Users\\Usuario\\.vscode\\extensions\\uqbar.wollok-lsp-ide-0.5.3\\out\\server\\src\\server.js:2393:7383)\n    at F3.invoke (c:\\Users\\Usuario\\.vscode\\extensions\\uqbar.wollok-lsp-ide-0.5.3\\out\\server\\src\\server.js:3:157334)\n    at o.fire (c:\\Users\\Usuario\\.vscode\\extensions\\uqbar.wollok-lsp-ide-0.5.3\\out\\server\\src\\server.js:3:158104)\n    at c:\\Users\\Usuario\\.vscode\\extensions\\uqbar.wollok-lsp-ide-0.5.3\\out\\server\\src\\server.js:37:57871\n    at Zr (c:\\Users\\Usuario\\.vscode\\extensions\\uqbar.wollok-lsp-ide-0.5.3\\out\\server\\src\\server.js:8:1561)","timestamp":"2025-10-10T01:34:29.690Z"}
{"level":"error","message":"âœ˜ Failed to rebuild document Failed to parse test.wtest: \n-- PARSING FAILED --------------------------------------------------\n\n  53 | \n  54 |     test \"Test de riego: Tomaco caso limite\" \n> 55 |     test \"Test de riego: No hay cultivo\" {\n     |     ^\n  56 | \n  57 |     }\n\nExpected one of the following: \n\n'@', '{', comment, whitespace\n","stack":"Error: Failed to parse test.wtest: \n-- PARSING FAILED --------------------------------------------------\n\n  53 | \n  54 |     test \"Test de riego: Tomaco caso limite\" \n> 55 |     test \"Test de riego: No hay cultivo\" {\n     |     ^\n  56 | \n  57 |     }\n\nExpected one of the following: \n\n'@', '{', comment, whitespace\n\n    at c:\\Users\\Usuario\\.vscode\\extensions\\uqbar.wollok-lsp-ide-0.5.3\\out\\server\\src\\server.js:2348:13026\n    at Array.map (<anonymous>)\n    at W1n (c:\\Users\\Usuario\\.vscode\\extensions\\uqbar.wollok-lsp-ide-0.5.3\\out\\server\\src\\server.js:2348:12950)\n    at U2.buildEnvironmentFrom (c:\\Users\\Usuario\\.vscode\\extensions\\uqbar.wollok-lsp-ide-0.5.3\\out\\server\\src\\server.js:2393:5254)\n    at U2.updateEnvironmentWith (c:\\Users\\Usuario\\.vscode\\extensions\\uqbar.wollok-lsp-ide-0.5.3\\out\\server\\src\\server.js:2393:4989)\n    at JF (c:\\Users\\Usuario\\.vscode\\extensions\\uqbar.wollok-lsp-ide-0.5.3\\out\\server\\src\\server.js:2393:7383)\n    at F3.invoke (c:\\Users\\Usuario\\.vscode\\extensions\\uqbar.wollok-lsp-ide-0.5.3\\out\\server\\src\\server.js:3:157334)\n    at o.fire (c:\\Users\\Usuario\\.vscode\\extensions\\uqbar.wollok-lsp-ide-0.5.3\\out\\server\\src\\server.js:3:158104)\n    at c:\\Users\\Usuario\\.vscode\\extensions\\uqbar.wollok-lsp-ide-0.5.3\\out\\server\\src\\server.js:37:57871\n    at Zr (c:\\Users\\Usuario\\.vscode\\extensions\\uqbar.wollok-lsp-ide-0.5.3\\out\\server\\src\\server.js:8:1561)","timestamp":"2025-10-10T01:34:30.565Z"}
{"level":"info","message":"âŒ› Validating test.wtest","timeElapsed":206,"timestamp":"2025-10-10T01:34:30.936Z"}
{"level":"info","message":"âŒ› Validating test.wtest","timeElapsed":120,"timestamp":"2025-10-10T01:34:31.142Z"}
{"level":"info","message":"âŒ› Validating test.wtest","timeElapsed":126,"timestamp":"2025-10-10T01:34:32.719Z"}
{"level":"info","message":"âŒ› Validating test.wtest","timeElapsed":117,"timestamp":"2025-10-10T01:34:32.837Z"}
{"level":"info","message":"âŒ› Building environment","timeElapsed":216,"timestamp":"2025-10-10T01:34:33.223Z"}
{"level":"info","message":"âŒ› Validating test.wtest","timeElapsed":109,"timestamp":"2025-10-10T01:34:33.333Z"}
{"level":"info","message":"âŒ› Validating test.wtest","timeElapsed":105,"timestamp":"2025-10-10T01:34:33.515Z"}
{"level":"info","message":"âŒ› Validating test.wtest","timeElapsed":102,"timestamp":"2025-10-10T01:34:33.624Z"}
{"level":"info","message":"âŒ› Validating test.wtest","timeElapsed":104,"timestamp":"2025-10-10T01:34:33.728Z"}
{"level":"info","message":"âŒ› Validating test.wtest","timeElapsed":125,"timestamp":"2025-10-10T01:34:33.992Z"}
{"level":"info","message":"âŒ› Validating test.wtest","timeElapsed":116,"timestamp":"2025-10-10T01:34:34.204Z"}
{"level":"info","message":"âŒ› Validating test.wtest","timeElapsed":102,"timestamp":"2025-10-10T01:34:34.384Z"}
{"level":"info","message":"âŒ› Validating test.wtest","timeElapsed":102,"timestamp":"2025-10-10T01:34:34.580Z"}
{"level":"info","message":"âŒ› Building environment","timeElapsed":121,"timestamp":"2025-10-10T01:34:34.727Z"}
{"level":"info","message":"âŒ› Building environment","timeElapsed":126,"timestamp":"2025-10-10T01:34:34.854Z"}
{"level":"info","message":"âŒ› Validating test.wtest","timeElapsed":117,"timestamp":"2025-10-10T01:34:34.971Z"}
{"level":"info","message":"âŒ› Validating test.wtest","timeElapsed":102,"timestamp":"2025-10-10T01:34:35.154Z"}
{"level":"info","message":"âŒ› Validating test.wtest","timeElapsed":107,"timestamp":"2025-10-10T01:34:35.261Z"}
{"level":"info","message":"âŒ› Validating test.wtest","timeElapsed":114,"timestamp":"2025-10-10T01:34:35.504Z"}
{"level":"info","message":"âŒ› Validating test.wtest","timeElapsed":113,"timestamp":"2025-10-10T01:34:35.703Z"}
{"level":"info","message":"âŒ› Building environment","timeElapsed":111,"timestamp":"2025-10-10T01:34:36.675Z"}
{"level":"info","message":"âŒ› Validating test.wtest","timeElapsed":107,"timestamp":"2025-10-10T01:34:36.783Z"}
{"level":"error","message":"âœ˜ Completions for node Send ([55:9, 55:27] - test.wtest) failed: Error: [Send]{a15c47} at test.wtest:55 exhausted all cases without a match [Send]{a15c47} at test.wtest:55 exhausted all cases without a match","stack":"Error: [Send]{a15c47} at test.wtest:55 exhausted all cases without a match\n    at c:\\Users\\Usuario\\.vscode\\extensions\\uqbar.wollok-lsp-ide-0.5.3\\out\\server\\src\\server.js:38:6142\n    at D2 (c:\\Users\\Usuario\\.vscode\\extensions\\uqbar.wollok-lsp-ide-0.5.3\\out\\server\\src\\server.js:2384:42)\n    at Qh (c:\\Users\\Usuario\\.vscode\\extensions\\uqbar.wollok-lsp-ide-0.5.3\\out\\server\\src\\server.js:2384:1092)\n    at k6n (c:\\Users\\Usuario\\.vscode\\extensions\\uqbar.wollok-lsp-ide-0.5.3\\out\\server\\src\\server.js:2384:1248)\n    at c:\\Users\\Usuario\\.vscode\\extensions\\uqbar.wollok-lsp-ide-0.5.3\\out\\server\\src\\server.js:38:6131\n    at D2 (c:\\Users\\Usuario\\.vscode\\extensions\\uqbar.wollok-lsp-ide-0.5.3\\out\\server\\src\\server.js:2384:42)\n    at c:\\Users\\Usuario\\.vscode\\extensions\\uqbar.wollok-lsp-ide-0.5.3\\out\\server\\src\\server.js:2384:2988\n    at c:\\Users\\Usuario\\.vscode\\extensions\\uqbar.wollok-lsp-ide-0.5.3\\out\\server\\src\\server.js:2393:8440\n    at c:\\Users\\Usuario\\.vscode\\extensions\\uqbar.wollok-lsp-ide-0.5.3\\out\\server\\src\\server.js:37:74872\n    at Ye (c:\\Users\\Usuario\\.vscode\\extensions\\uqbar.wollok-lsp-ide-0.5.3\\out\\server\\src\\server.js:7:8527)","timestamp":"2025-10-10T01:34:38.433Z"}
{"level":"info","message":"âŒ› Validating test.wtest","timeElapsed":121,"timestamp":"2025-10-10T01:34:38.558Z"}
{"level":"info","message":"âŒ› Validating test.wtest","timeElapsed":113,"timestamp":"2025-10-10T01:34:38.753Z"}
{"level":"info","message":"âŒ› Validating test.wtest","timeElapsed":121,"timestamp":"2025-10-10T01:34:39.194Z"}
{"level":"info","message":"âŒ› Validating test.wtest","timeElapsed":108,"timestamp":"2025-10-10T01:34:39.301Z"}
{"level":"info","message":"âŒ› Building environment","timeElapsed":146,"timestamp":"2025-10-10T01:34:39.448Z"}
{"level":"info","message":"âŒ› Validating test.wtest","timeElapsed":108,"timestamp":"2025-10-10T01:34:39.732Z"}
{"level":"info","message":"âŒ› Validating test.wtest","timeElapsed":101,"timestamp":"2025-10-10T01:34:39.835Z"}
{"level":"info","message":"âŒ› Validating test.wtest","timeElapsed":119,"timestamp":"2025-10-10T01:34:39.960Z"}
{"level":"info","message":"âŒ› Validating test.wtest","timeElapsed":102,"timestamp":"2025-10-10T01:34:40.163Z"}
{"level":"info","message":"âŒ› Building environment","timeElapsed":105,"timestamp":"2025-10-10T01:34:45.379Z"}
{"level":"info","message":"âŒ› Validating test.wtest","timeElapsed":108,"timestamp":"2025-10-10T01:34:45.489Z"}
{"level":"info","message":"âŒ› Validating test.wtest","timeElapsed":116,"timestamp":"2025-10-10T01:35:02.261Z"}
{"level":"info","message":"âŒ› Validating test.wtest","timeElapsed":122,"timestamp":"2025-10-10T01:35:02.517Z"}
{"level":"info","message":"âŒ› Validating test.wtest","timeElapsed":110,"timestamp":"2025-10-10T01:35:02.868Z"}
{"level":"info","message":"âŒ› Validating test.wtest","timeElapsed":115,"timestamp":"2025-10-10T01:35:04.124Z"}
{"level":"info","message":"âŒ› Validating test.wtest","timeElapsed":121,"timestamp":"2025-10-10T01:35:04.425Z"}
{"level":"info","message":"âŒ› Validating test.wtest","timeElapsed":109,"timestamp":"2025-10-10T01:35:04.535Z"}
{"level":"info","message":"âŒ› Building environment","timeElapsed":160,"timestamp":"2025-10-10T01:35:04.864Z"}
{"level":"info","message":"âŒ› Validating test.wtest","timeElapsed":114,"timestamp":"2025-10-10T01:35:04.979Z"}
{"level":"info","message":"âŒ› Validating test.wtest","timeElapsed":118,"timestamp":"2025-10-10T01:35:05.201Z"}
{"level":"info","message":"âŒ› Validating test.wtest","timeElapsed":113,"timestamp":"2025-10-10T01:35:05.314Z"}
{"level":"info","message":"âŒ› Validating test.wtest","timeElapsed":118,"timestamp":"2025-10-10T01:35:05.518Z"}
{"level":"info","message":"âŒ› Validating test.wtest","timeElapsed":116,"timestamp":"2025-10-10T01:35:05.886Z"}
{"level":"info","message":"âŒ› Building environment","timeElapsed":107,"timestamp":"2025-10-10T01:35:06.069Z"}
{"level":"info","message":"âŒ› Validating test.wtest","timeElapsed":115,"timestamp":"2025-10-10T01:35:06.185Z"}
{"level":"info","message":"âŒ› Validating test.wtest","timeElapsed":121,"timestamp":"2025-10-10T01:35:06.386Z"}
{"level":"info","message":"âŒ› Validating test.wtest","timeElapsed":116,"timestamp":"2025-10-10T01:35:06.688Z"}
{"level":"info","message":"âŒ› Validating test.wtest","timeElapsed":141,"timestamp":"2025-10-10T01:35:06.831Z"}
{"level":"info","message":"âŒ› Validating test.wtest","timeElapsed":108,"timestamp":"2025-10-10T01:35:06.946Z"}
{"level":"info","message":"âŒ› Validating test.wtest","timeElapsed":103,"timestamp":"2025-10-10T01:35:07.049Z"}
{"level":"info","message":"âŒ› Validating test.wtest","timeElapsed":111,"timestamp":"2025-10-10T01:35:07.271Z"}
{"level":"error","message":"âœ˜ Completions for node Send ([51:8, 51:27] - test.wtest) failed: Error: [Send]{0df617} at test.wtest:51 exhausted all cases without a match [Send]{0df617} at test.wtest:51 exhausted all cases without a match","stack":"Error: [Send]{0df617} at test.wtest:51 exhausted all cases without a match\n    at c:\\Users\\Usuario\\.vscode\\extensions\\uqbar.wollok-lsp-ide-0.5.3\\out\\server\\src\\server.js:38:6142\n    at D2 (c:\\Users\\Usuario\\.vscode\\extensions\\uqbar.wollok-lsp-ide-0.5.3\\out\\server\\src\\server.js:2384:42)\n    at Qh (c:\\Users\\Usuario\\.vscode\\extensions\\uqbar.wollok-lsp-ide-0.5.3\\out\\server\\src\\server.js:2384:1092)\n    at k6n (c:\\Users\\Usuario\\.vscode\\extensions\\uqbar.wollok-lsp-ide-0.5.3\\out\\server\\src\\server.js:2384:1248)\n    at c:\\Users\\Usuario\\.vscode\\extensions\\uqbar.wollok-lsp-ide-0.5.3\\out\\server\\src\\server.js:38:6131\n    at D2 (c:\\Users\\Usuario\\.vscode\\extensions\\uqbar.wollok-lsp-ide-0.5.3\\out\\server\\src\\server.js:2384:42)\n    at c:\\Users\\Usuario\\.vscode\\extensions\\uqbar.wollok-lsp-ide-0.5.3\\out\\server\\src\\server.js:2384:2988\n    at c:\\Users\\Usuario\\.vscode\\extensions\\uqbar.wollok-lsp-ide-0.5.3\\out\\server\\src\\server.js:2393:8440\n    at c:\\Users\\Usuario\\.vscode\\extensions\\uqbar.wollok-lsp-ide-0.5.3\\out\\server\\src\\server.js:37:74872\n    at Ye (c:\\Users\\Usuario\\.vscode\\extensions\\uqbar.wollok-lsp-ide-0.5.3\\out\\server\\src\\server.js:7:8527)","timestamp":"2025-10-10T01:35:11.068Z"}
{"level":"info","message":"âŒ› Validating test.wtest","timeElapsed":106,"timestamp":"2025-10-10T01:35:11.176Z"}
{"level":"info","message":"âŒ› Validating test.wtest","timeElapsed":106,"timestamp":"2025-10-10T01:35:11.483Z"}
{"level":"info","message":"âŒ› Validating test.wtest","timeElapsed":115,"timestamp":"2025-10-10T01:35:11.699Z"}
{"level":"info","message":"âŒ› Building environment","timeElapsed":213,"timestamp":"2025-10-10T01:35:11.913Z"}
{"level":"info","message":"âŒ› Validating test.wtest","timeElapsed":111,"timestamp":"2025-10-10T01:35:12.101Z"}
{"level":"info","message":"âŒ› Validating test.wtest","timeElapsed":104,"timestamp":"2025-10-10T01:35:12.206Z"}
{"level":"info","message":"âŒ› Validating test.wtest","timeElapsed":249,"timestamp":"2025-10-10T01:35:12.630Z"}
{"level":"info","message":"âŒ› Validating test.wtest","timeElapsed":111,"timestamp":"2025-10-10T01:35:12.942Z"}
{"level":"info","message":"âŒ› Validating test.wtest","timeElapsed":108,"timestamp":"2025-10-10T01:35:13.051Z"}
{"level":"info","message":"âŒ› Building environment","timeElapsed":119,"timestamp":"2025-10-10T01:35:13.170Z"}
{"level":"info","message":"âŒ› Validating test.wtest","timeElapsed":116,"timestamp":"2025-10-10T01:35:13.365Z"}
{"level":"info","message":"âŒ› Validating test.wtest","timeElapsed":148,"timestamp":"2025-10-10T01:35:13.517Z"}
{"level":"info","message":"âŒ› Validating test.wtest","timeElapsed":103,"timestamp":"2025-10-10T01:35:13.739Z"}
{"level":"info","message":"âŒ› Validating test.wtest","timeElapsed":109,"timestamp":"2025-10-10T01:35:14.793Z"}
{"level":"info","message":"âŒ› Validating test.wtest","timeElapsed":103,"timestamp":"2025-10-10T01:35:15.091Z"}
{"level":"info","message":"âŒ› Validating test.wtest","timeElapsed":103,"timestamp":"2025-10-10T01:35:15.381Z"}
{"level":"info","message":"âŒ› Validating test.wtest","timeElapsed":107,"timestamp":"2025-10-10T01:35:17.255Z"}
{"level":"info","message":"âŒ› Validating test.wtest","timeElapsed":110,"timestamp":"2025-10-10T01:35:17.454Z"}
{"level":"info","message":"âŒ› Validating test.wtest","timeElapsed":106,"timestamp":"2025-10-10T01:35:18.651Z"}
{"level":"info","message":"âŒ› Validating test.wtest","timeElapsed":119,"timestamp":"2025-10-10T01:35:19.271Z"}
{"level":"info","message":"âŒ› Validating test.wtest","timeElapsed":128,"timestamp":"2025-10-10T01:35:19.588Z"}
{"level":"info","message":"âŒ› Validating test.wtest","timeElapsed":112,"timestamp":"2025-10-10T01:35:19.803Z"}
{"level":"info","message":"âŒ› Validating test.wtest","timeElapsed":103,"timestamp":"2025-10-10T01:35:19.983Z"}
{"level":"info","message":"âŒ› Validating test.wtest","timeElapsed":106,"timestamp":"2025-10-10T01:35:20.095Z"}
{"level":"info","message":"âŒ› Validating test.wtest","timeElapsed":122,"timestamp":"2025-10-10T01:35:21.231Z"}
{"level":"info","message":"âŒ› Building environment","timeElapsed":109,"timestamp":"2025-10-10T01:36:13.193Z"}
{"level":"info","message":"âŒ› Validating test.wtest","timeElapsed":112,"timestamp":"2025-10-10T01:36:13.354Z"}
{"level":"info","message":"âŒ› Building environment","timeElapsed":166,"timestamp":"2025-10-10T01:36:13.524Z"}
{"level":"info","message":"âŒ› Validating test.wtest","timeElapsed":118,"timestamp":"2025-10-10T01:36:13.746Z"}
{"level":"info","message":"âŒ› Validating test.wtest","timeElapsed":109,"timestamp":"2025-10-10T01:36:13.857Z"}
{"level":"info","message":"âŒ› Validating test.wtest","timeElapsed":109,"timestamp":"2025-10-10T01:36:14.239Z"}
{"level":"info","message":"âŒ› Validating test.wtest","timeElapsed":105,"timestamp":"2025-10-10T01:36:14.453Z"}
{"level":"info","message":"âŒ› Validating test.wtest","timeElapsed":114,"timestamp":"2025-10-10T01:36:14.663Z"}
{"level":"info","message":"âŒ› Building environment","timeElapsed":126,"timestamp":"2025-10-10T01:36:14.793Z"}
{"level":"info","message":"âŒ› Validating test.wtest","timeElapsed":118,"timestamp":"2025-10-10T01:36:14.912Z"}
{"level":"info","message":"âŒ› Validating test.wtest","timeElapsed":103,"timestamp":"2025-10-10T01:36:15.023Z"}
{"level":"info","message":"âŒ› Validating test.wtest","timeElapsed":106,"timestamp":"2025-10-10T01:36:15.131Z"}
{"level":"error","message":"âœ˜ Completions for node Send ([52:8, 52:23] - test.wtest) failed: Error: [Send]{6704a6} at test.wtest:52 exhausted all cases without a match [Send]{6704a6} at test.wtest:52 exhausted all cases without a match","stack":"Error: [Send]{6704a6} at test.wtest:52 exhausted all cases without a match\n    at c:\\Users\\Usuario\\.vscode\\extensions\\uqbar.wollok-lsp-ide-0.5.3\\out\\server\\src\\server.js:38:6142\n    at D2 (c:\\Users\\Usuario\\.vscode\\extensions\\uqbar.wollok-lsp-ide-0.5.3\\out\\server\\src\\server.js:2384:42)\n    at Qh (c:\\Users\\Usuario\\.vscode\\extensions\\uqbar.wollok-lsp-ide-0.5.3\\out\\server\\src\\server.js:2384:1092)\n    at k6n (c:\\Users\\Usuario\\.vscode\\extensions\\uqbar.wollok-lsp-ide-0.5.3\\out\\server\\src\\server.js:2384:1248)\n    at c:\\Users\\Usuario\\.vscode\\extensions\\uqbar.wollok-lsp-ide-0.5.3\\out\\server\\src\\server.js:38:6131\n    at D2 (c:\\Users\\Usuario\\.vscode\\extensions\\uqbar.wollok-lsp-ide-0.5.3\\out\\server\\src\\server.js:2384:42)\n    at c:\\Users\\Usuario\\.vscode\\extensions\\uqbar.wollok-lsp-ide-0.5.3\\out\\server\\src\\server.js:2384:2988\n    at c:\\Users\\Usuario\\.vscode\\extensions\\uqbar.wollok-lsp-ide-0.5.3\\out\\server\\src\\server.js:2393:8440\n    at c:\\Users\\Usuario\\.vscode\\extensions\\uqbar.wollok-lsp-ide-0.5.3\\out\\server\\src\\server.js:37:74872\n    at Ye (c:\\Users\\Usuario\\.vscode\\extensions\\uqbar.wollok-lsp-ide-0.5.3\\out\\server\\src\\server.js:7:8527)","timestamp":"2025-10-10T01:36:15.844Z"}
{"level":"info","message":"âŒ› Validating test.wtest","timeElapsed":105,"timestamp":"2025-10-10T01:36:15.951Z"}
{"level":"info","message":"âŒ› Validating test.wtest","timeElapsed":157,"timestamp":"2025-10-10T01:36:16.193Z"}
{"level":"info","message":"âŒ› Validating test.wtest","timeElapsed":104,"timestamp":"2025-10-10T01:36:16.463Z"}
{"level":"info","message":"âŒ› Validating test.wtest","timeElapsed":108,"timestamp":"2025-10-10T01:36:16.673Z"}
{"level":"info","message":"âŒ› Validating test.wtest","timeElapsed":104,"timestamp":"2025-10-10T01:36:18.018Z"}
{"level":"info","message":"âŒ› Validating test.wtest","timeElapsed":114,"timestamp":"2025-10-10T01:36:18.211Z"}
{"level":"error","message":"âœ˜ Completions for node Send ([52:8, 52:30] - test.wtest) failed: Error: [Send]{18be99} at test.wtest:52 exhausted all cases without a match [Send]{18be99} at test.wtest:52 exhausted all cases without a match","stack":"Error: [Send]{18be99} at test.wtest:52 exhausted all cases without a match\n    at c:\\Users\\Usuario\\.vscode\\extensions\\uqbar.wollok-lsp-ide-0.5.3\\out\\server\\src\\server.js:38:6142\n    at D2 (c:\\Users\\Usuario\\.vscode\\extensions\\uqbar.wollok-lsp-ide-0.5.3\\out\\server\\src\\server.js:2384:42)\n    at Qh (c:\\Users\\Usuario\\.vscode\\extensions\\uqbar.wollok-lsp-ide-0.5.3\\out\\server\\src\\server.js:2384:1092)\n    at k6n (c:\\Users\\Usuario\\.vscode\\extensions\\uqbar.wollok-lsp-ide-0.5.3\\out\\server\\src\\server.js:2384:1248)\n    at c:\\Users\\Usuario\\.vscode\\extensions\\uqbar.wollok-lsp-ide-0.5.3\\out\\server\\src\\server.js:38:6131\n    at D2 (c:\\Users\\Usuario\\.vscode\\extensions\\uqbar.wollok-lsp-ide-0.5.3\\out\\server\\src\\server.js:2384:42)\n    at c:\\Users\\Usuario\\.vscode\\extensions\\uqbar.wollok-lsp-ide-0.5.3\\out\\server\\src\\server.js:2384:2988\n    at c:\\Users\\Usuario\\.vscode\\extensions\\uqbar.wollok-lsp-ide-0.5.3\\out\\server\\src\\server.js:2393:8440\n    at c:\\Users\\Usuario\\.vscode\\extensions\\uqbar.wollok-lsp-ide-0.5.3\\out\\server\\src\\server.js:37:74872\n    at Ye (c:\\Users\\Usuario\\.vscode\\extensions\\uqbar.wollok-lsp-ide-0.5.3\\out\\server\\src\\server.js:7:8527)","timestamp":"2025-10-10T01:36:18.313Z"}
{"level":"info","message":"âŒ› Validating test.wtest","timeElapsed":101,"timestamp":"2025-10-10T01:36:18.423Z"}
{"level":"error","message":"âœ˜ Completions for node Send ([52:8, 52:31] - test.wtest) failed: Error: [Send]{bc0fa1} at test.wtest:52 exhausted all cases without a match [Send]{bc0fa1} at test.wtest:52 exhausted all cases without a match","stack":"Error: [Send]{bc0fa1} at test.wtest:52 exhausted all cases without a match\n    at c:\\Users\\Usuario\\.vscode\\extensions\\uqbar.wollok-lsp-ide-0.5.3\\out\\server\\src\\server.js:38:6142\n    at D2 (c:\\Users\\Usuario\\.vscode\\extensions\\uqbar.wollok-lsp-ide-0.5.3\\out\\server\\src\\server.js:2384:42)\n    at Qh (c:\\Users\\Usuario\\.vscode\\extensions\\uqbar.wollok-lsp-ide-0.5.3\\out\\server\\src\\server.js:2384:1092)\n    at k6n (c:\\Users\\Usuario\\.vscode\\extensions\\uqbar.wollok-lsp-ide-0.5.3\\out\\server\\src\\server.js:2384:1248)\n    at c:\\Users\\Usuario\\.vscode\\extensions\\uqbar.wollok-lsp-ide-0.5.3\\out\\server\\src\\server.js:38:6131\n    at D2 (c:\\Users\\Usuario\\.vscode\\extensions\\uqbar.wollok-lsp-ide-0.5.3\\out\\server\\src\\server.js:2384:42)\n    at c:\\Users\\Usuario\\.vscode\\extensions\\uqbar.wollok-lsp-ide-0.5.3\\out\\server\\src\\server.js:2384:2988\n    at c:\\Users\\Usuario\\.vscode\\extensions\\uqbar.wollok-lsp-ide-0.5.3\\out\\server\\src\\server.js:2393:8440\n    at c:\\Users\\Usuario\\.vscode\\extensions\\uqbar.wollok-lsp-ide-0.5.3\\out\\server\\src\\server.js:37:74872\n    at Ye (c:\\Users\\Usuario\\.vscode\\extensions\\uqbar.wollok-lsp-ide-0.5.3\\out\\server\\src\\server.js:7:8527)","timestamp":"2025-10-10T01:36:18.852Z"}
{"level":"info","message":"âŒ› Validating test.wtest","timeElapsed":112,"timestamp":"2025-10-10T01:36:19.311Z"}
{"level":"info","message":"âŒ› Validating test.wtest","timeElapsed":107,"timestamp":"2025-10-10T01:36:19.498Z"}
{"level":"info","message":"âŒ› Validating test.wtest","timeElapsed":109,"timestamp":"2025-10-10T01:36:19.682Z"}
{"level":"info","message":"âŒ› Validating test.wtest","timeElapsed":115,"timestamp":"2025-10-10T01:36:19.887Z"}
{"level":"info","message":"âŒ› Building environment","timeElapsed":183,"timestamp":"2025-10-10T01:36:20.070Z"}
{"level":"error","message":"âœ˜ Completions for node Send ([52:8, 52:28] - test.wtest) failed: Error: [Send]{697441} at test.wtest:52 exhausted all cases without a match [Send]{697441} at test.wtest:52 exhausted all cases without a match","stack":"Error: [Send]{697441} at test.wtest:52 exhausted all cases without a match\n    at c:\\Users\\Usuario\\.vscode\\extensions\\uqbar.wollok-lsp-ide-0.5.3\\out\\server\\src\\server.js:38:6142\n    at D2 (c:\\Users\\Usuario\\.vscode\\extensions\\uqbar.wollok-lsp-ide-0.5.3\\out\\server\\src\\server.js:2384:42)\n    at Qh (c:\\Users\\Usuario\\.vscode\\extensions\\uqbar.wollok-lsp-ide-0.5.3\\out\\server\\src\\server.js:2384:1092)\n    at k6n (c:\\Users\\Usuario\\.vscode\\extensions\\uqbar.wollok-lsp-ide-0.5.3\\out\\server\\src\\server.js:2384:1248)\n    at c:\\Users\\Usuario\\.vscode\\extensions\\uqbar.wollok-lsp-ide-0.5.3\\out\\server\\src\\server.js:38:6131\n    at D2 (c:\\Users\\Usuario\\.vscode\\extensions\\uqbar.wollok-lsp-ide-0.5.3\\out\\server\\src\\server.js:2384:42)\n    at c:\\Users\\Usuario\\.vscode\\extensions\\uqbar.wollok-lsp-ide-0.5.3\\out\\server\\src\\server.js:2384:2988\n    at c:\\Users\\Usuario\\.vscode\\extensions\\uqbar.wollok-lsp-ide-0.5.3\\out\\server\\src\\server.js:2393:8440\n    at c:\\Users\\Usuario\\.vscode\\extensions\\uqbar.wollok-lsp-ide-0.5.3\\out\\server\\src\\server.js:37:74872\n    at Ye (c:\\Users\\Usuario\\.vscode\\extensions\\uqbar.wollok-lsp-ide-0.5.3\\out\\server\\src\\server.js:7:8527)","timestamp":"2025-10-10T01:36:20.105Z"}
{"level":"info","message":"âŒ› Validating test.wtest","timeElapsed":108,"timestamp":"2025-10-10T01:36:20.302Z"}
{"level":"info","message":"âŒ› Validating test.wtest","timeElapsed":111,"timestamp":"2025-10-10T01:36:20.488Z"}
{"level":"info","message":"âŒ› Building environment","timeElapsed":199,"timestamp":"2025-10-10T01:36:20.688Z"}
{"level":"info","message":"âŒ› Validating test.wtest","timeElapsed":106,"timestamp":"2025-10-10T01:36:20.873Z"}
{"level":"info","message":"âŒ› Validating test.wtest","timeElapsed":105,"timestamp":"2025-10-10T01:36:21.030Z"}
{"level":"info","message":"âŒ› Validating test.wtest","timeElapsed":102,"timestamp":"2025-10-10T01:36:21.138Z"}
{"level":"error","message":"âœ˜ Completions for node Send ([52:8, 52:33] - test.wtest) failed: Error: [Send]{e93e32} at test.wtest:52 exhausted all cases without a match [Send]{e93e32} at test.wtest:52 exhausted all cases without a match","stack":"Error: [Send]{e93e32} at test.wtest:52 exhausted all cases without a match\n    at c:\\Users\\Usuario\\.vscode\\extensions\\uqbar.wollok-lsp-ide-0.5.3\\out\\server\\src\\server.js:38:6142\n    at D2 (c:\\Users\\Usuario\\.vscode\\extensions\\uqbar.wollok-lsp-ide-0.5.3\\out\\server\\src\\server.js:2384:42)\n    at Qh (c:\\Users\\Usuario\\.vscode\\extensions\\uqbar.wollok-lsp-ide-0.5.3\\out\\server\\src\\server.js:2384:1092)\n    at k6n (c:\\Users\\Usuario\\.vscode\\extensions\\uqbar.wollok-lsp-ide-0.5.3\\out\\server\\src\\server.js:2384:1248)\n    at c:\\Users\\Usuario\\.vscode\\extensions\\uqbar.wollok-lsp-ide-0.5.3\\out\\server\\src\\server.js:38:6131\n    at D2 (c:\\Users\\Usuario\\.vscode\\extensions\\uqbar.wollok-lsp-ide-0.5.3\\out\\server\\src\\server.js:2384:42)\n    at c:\\Users\\Usuario\\.vscode\\extensions\\uqbar.wollok-lsp-ide-0.5.3\\out\\server\\src\\server.js:2384:2988\n    at c:\\Users\\Usuario\\.vscode\\extensions\\uqbar.wollok-lsp-ide-0.5.3\\out\\server\\src\\server.js:2393:8440\n    at c:\\Users\\Usuario\\.vscode\\extensions\\uqbar.wollok-lsp-ide-0.5.3\\out\\server\\src\\server.js:37:74872\n    at Ye (c:\\Users\\Usuario\\.vscode\\extensions\\uqbar.wollok-lsp-ide-0.5.3\\out\\server\\src\\server.js:7:8527)","timestamp":"2025-10-10T01:36:25.217Z"}
{"level":"info","message":"âŒ› Validating test.wtest","timeElapsed":115,"timestamp":"2025-10-10T01:36:25.335Z"}
{"level":"error","message":"âœ˜ Completions for node Send ([52:8, 52:34] - test.wtest) failed: Error: [Send]{4951ab} at test.wtest:52 exhausted all cases without a match [Send]{4951ab} at test.wtest:52 exhausted all cases without a match","stack":"Error: [Send]{4951ab} at test.wtest:52 exhausted all cases without a match\n    at c:\\Users\\Usuario\\.vscode\\extensions\\uqbar.wollok-lsp-ide-0.5.3\\out\\server\\src\\server.js:38:6142\n    at D2 (c:\\Users\\Usuario\\.vscode\\extensions\\uqbar.wollok-lsp-ide-0.5.3\\out\\server\\src\\server.js:2384:42)\n    at Qh (c:\\Users\\Usuario\\.vscode\\extensions\\uqbar.wollok-lsp-ide-0.5.3\\out\\server\\src\\server.js:2384:1092)\n    at k6n (c:\\Users\\Usuario\\.vscode\\extensions\\uqbar.wollok-lsp-ide-0.5.3\\out\\server\\src\\server.js:2384:1248)\n    at c:\\Users\\Usuario\\.vscode\\extensions\\uqbar.wollok-lsp-ide-0.5.3\\out\\server\\src\\server.js:38:6131\n    at D2 (c:\\Users\\Usuario\\.vscode\\extensions\\uqbar.wollok-lsp-ide-0.5.3\\out\\server\\src\\server.js:2384:42)\n    at c:\\Users\\Usuario\\.vscode\\extensions\\uqbar.wollok-lsp-ide-0.5.3\\out\\server\\src\\server.js:2384:2988\n    at c:\\Users\\Usuario\\.vscode\\extensions\\uqbar.wollok-lsp-ide-0.5.3\\out\\server\\src\\server.js:2393:8440\n    at c:\\Users\\Usuario\\.vscode\\extensions\\uqbar.wollok-lsp-ide-0.5.3\\out\\server\\src\\server.js:37:74872\n    at Ye (c:\\Users\\Usuario\\.vscode\\extensions\\uqbar.wollok-lsp-ide-0.5.3\\out\\server\\src\\server.js:7:8527)","timestamp":"2025-10-10T01:36:25.452Z"}
{"level":"info","message":"âŒ› Validating test.wtest","timeElapsed":106,"timestamp":"2025-10-10T01:36:25.640Z"}
{"level":"info","message":"âŒ› Validating test.wtest","timeElapsed":118,"timestamp":"2025-10-10T01:36:25.759Z"}
{"level":"error","message":"âœ˜ Completions for node Send ([52:8, 52:36] - test.wtest) failed: Error: [Send]{8cf694} at test.wtest:52 exhausted all cases without a match [Send]{8cf694} at test.wtest:52 exhausted all cases without a match","stack":"Error: [Send]{8cf694} at test.wtest:52 exhausted all cases without a match\n    at c:\\Users\\Usuario\\.vscode\\extensions\\uqbar.wollok-lsp-ide-0.5.3\\out\\server\\src\\server.js:38:6142\n    at D2 (c:\\Users\\Usuario\\.vscode\\extensions\\uqbar.wollok-lsp-ide-0.5.3\\out\\server\\src\\server.js:2384:42)\n    at Qh (c:\\Users\\Usuario\\.vscode\\extensions\\uqbar.wollok-lsp-ide-0.5.3\\out\\server\\src\\server.js:2384:1092)\n    at k6n (c:\\Users\\Usuario\\.vscode\\extensions\\uqbar.wollok-lsp-ide-0.5.3\\out\\server\\src\\server.js:2384:1248)\n    at c:\\Users\\Usuario\\.vscode\\extensions\\uqbar.wollok-lsp-ide-0.5.3\\out\\server\\src\\server.js:38:6131\n    at D2 (c:\\Users\\Usuario\\.vscode\\extensions\\uqbar.wollok-lsp-ide-0.5.3\\out\\server\\src\\server.js:2384:42)\n    at c:\\Users\\Usuario\\.vscode\\extensions\\uqbar.wollok-lsp-ide-0.5.3\\out\\server\\src\\server.js:2384:2988\n    at c:\\Users\\Usuario\\.vscode\\extensions\\uqbar.wollok-lsp-ide-0.5.3\\out\\server\\src\\server.js:2393:8440\n    at c:\\Users\\Usuario\\.vscode\\extensions\\uqbar.wollok-lsp-ide-0.5.3\\out\\server\\src\\server.js:37:74872\n    at Ye (c:\\Users\\Usuario\\.vscode\\extensions\\uqbar.wollok-lsp-ide-0.5.3\\out\\server\\src\\server.js:7:8527)","timestamp":"2025-10-10T01:36:25.899Z"}
{"level":"info","message":"âŒ› Validating test.wtest","timeElapsed":114,"timestamp":"2025-10-10T01:36:26.023Z"}
{"level":"info","message":"âŒ› Building environment","timeElapsed":101,"timestamp":"2025-10-10T01:36:26.588Z"}
{"level":"error","message":"âœ˜ Completions for node Send ([52:21, 52:38] - test.wtest) failed: Error: [Send]{6ba16d} at test.wtest:52 exhausted all cases without a match [Send]{6ba16d} at test.wtest:52 exhausted all cases without a match","stack":"Error: [Send]{6ba16d} at test.wtest:52 exhausted all cases without a match\n    at c:\\Users\\Usuario\\.vscode\\extensions\\uqbar.wollok-lsp-ide-0.5.3\\out\\server\\src\\server.js:38:6142\n    at D2 (c:\\Users\\Usuario\\.vscode\\extensions\\uqbar.wollok-lsp-ide-0.5.3\\out\\server\\src\\server.js:2384:42)\n    at Qh (c:\\Users\\Usuario\\.vscode\\extensions\\uqbar.wollok-lsp-ide-0.5.3\\out\\server\\src\\server.js:2384:1092)\n    at k6n (c:\\Users\\Usuario\\.vscode\\extensions\\uqbar.wollok-lsp-ide-0.5.3\\out\\server\\src\\server.js:2384:1248)\n    at c:\\Users\\Usuario\\.vscode\\extensions\\uqbar.wollok-lsp-ide-0.5.3\\out\\server\\src\\server.js:38:6131\n    at D2 (c:\\Users\\Usuario\\.vscode\\extensions\\uqbar.wollok-lsp-ide-0.5.3\\out\\server\\src\\server.js:2384:42)\n    at c:\\Users\\Usuario\\.vscode\\extensions\\uqbar.wollok-lsp-ide-0.5.3\\out\\server\\src\\server.js:2384:2988\n    at c:\\Users\\Usuario\\.vscode\\extensions\\uqbar.wollok-lsp-ide-0.5.3\\out\\server\\src\\server.js:2393:8440\n    at c:\\Users\\Usuario\\.vscode\\extensions\\uqbar.wollok-lsp-ide-0.5.3\\out\\server\\src\\server.js:37:74872\n    at Ye (c:\\Users\\Usuario\\.vscode\\extensions\\uqbar.wollok-lsp-ide-0.5.3\\out\\server\\src\\server.js:7:8527)","timestamp":"2025-10-10T01:36:26.649Z"}
{"level":"error","message":"âœ˜ Completions for node Send ([52:8, 52:39] - test.wtest) failed: Error: [Send]{60cb63} at test.wtest:52 exhausted all cases without a match [Send]{60cb63} at test.wtest:52 exhausted all cases without a match","stack":"Error: [Send]{60cb63} at test.wtest:52 exhausted all cases without a match\n    at c:\\Users\\Usuario\\.vscode\\extensions\\uqbar.wollok-lsp-ide-0.5.3\\out\\server\\src\\server.js:38:6142\n    at D2 (c:\\Users\\Usuario\\.vscode\\extensions\\uqbar.wollok-lsp-ide-0.5.3\\out\\server\\src\\server.js:2384:42)\n    at Qh (c:\\Users\\Usuario\\.vscode\\extensions\\uqbar.wollok-lsp-ide-0.5.3\\out\\server\\src\\server.js:2384:1092)\n    at D2 (c:\\Users\\Usuario\\.vscode\\extensions\\uqbar.wollok-lsp-ide-0.5.3\\out\\server\\src\\server.js:2384:544)\n    at Qh (c:\\Users\\Usuario\\.vscode\\extensions\\uqbar.wollok-lsp-ide-0.5.3\\out\\server\\src\\server.js:2384:1092)\n    at k6n (c:\\Users\\Usuario\\.vscode\\extensions\\uqbar.wollok-lsp-ide-0.5.3\\out\\server\\src\\server.js:2384:1248)\n    at c:\\Users\\Usuario\\.vscode\\extensions\\uqbar.wollok-lsp-ide-0.5.3\\out\\server\\src\\server.js:38:6131\n    at D2 (c:\\Users\\Usuario\\.vscode\\extensions\\uqbar.wollok-lsp-ide-0.5.3\\out\\server\\src\\server.js:2384:42)\n    at c:\\Users\\Usuario\\.vscode\\extensions\\uqbar.wollok-lsp-ide-0.5.3\\out\\server\\src\\server.js:2384:2988\n    at c:\\Users\\Usuario\\.vscode\\extensions\\uqbar.wollok-lsp-ide-0.5.3\\out\\server\\src\\server.js:2393:8440","timestamp":"2025-10-10T01:36:26.649Z"}
{"level":"info","message":"âŒ› Building environment","timeElapsed":103,"timestamp":"2025-10-10T01:36:26.755Z"}
{"level":"info","message":"âŒ› Validating test.wtest","timeElapsed":118,"timestamp":"2025-10-10T01:36:26.874Z"}
{"level":"info","message":"âŒ› Validating test.wtest","timeElapsed":111,"timestamp":"2025-10-10T01:36:27.075Z"}
{"level":"info","message":"âŒ› Validating test.wtest","timeElapsed":111,"timestamp":"2025-10-10T01:36:27.344Z"}
{"level":"info","message":"âŒ› Validating test.wtest","timeElapsed":112,"timestamp":"2025-10-10T01:36:27.529Z"}
{"level":"info","message":"âŒ› Validating test.wtest","timeElapsed":101,"timestamp":"2025-10-10T01:36:27.630Z"}
{"level":"info","message":"âŒ› Validating test.wtest","timeElapsed":105,"timestamp":"2025-10-10T01:36:28.081Z"}
{"level":"info","message":"âŒ› Validating test.wtest","timeElapsed":125,"timestamp":"2025-10-10T01:36:28.340Z"}
{"level":"info","message":"âŒ› Validating test.wtest","timeElapsed":103,"timestamp":"2025-10-10T01:36:28.571Z"}
{"level":"info","message":"âŒ› Building environment","timeElapsed":167,"timestamp":"2025-10-10T01:36:28.738Z"}
{"level":"info","message":"âŒ› Validating test.wtest","timeElapsed":119,"timestamp":"2025-10-10T01:36:29.044Z"}
{"level":"info","message":"âŒ› Validating test.wtest","timeElapsed":127,"timestamp":"2025-10-10T01:36:29.173Z"}
{"level":"info","message":"âŒ› Validating test.wtest","timeElapsed":104,"timestamp":"2025-10-10T01:36:29.280Z"}
{"level":"info","message":"âŒ› Validating test.wtest","timeElapsed":115,"timestamp":"2025-10-10T01:36:29.700Z"}
{"level":"info","message":"âŒ› Validating test.wtest","timeElapsed":110,"timestamp":"2025-10-10T01:36:29.887Z"}
{"level":"info","message":"âŒ› Validating test.wtest","timeElapsed":103,"timestamp":"2025-10-10T01:36:30.190Z"}
{"level":"info","message":"âŒ› Validating test.wtest","timeElapsed":111,"timestamp":"2025-10-10T01:36:31.663Z"}
{"level":"info","message":"âŒ› Validating test.wtest","timeElapsed":111,"timestamp":"2025-10-10T01:36:31.855Z"}
{"level":"info","message":"âŒ› Building environment","timeElapsed":101,"timestamp":"2025-10-10T01:36:31.956Z"}
{"level":"info","message":"âŒ› Validating test.wtest","timeElapsed":113,"timestamp":"2025-10-10T01:36:32.148Z"}
{"level":"info","message":"âŒ› Validating test.wtest","timeElapsed":109,"timestamp":"2025-10-10T01:36:32.257Z"}
{"level":"info","message":"âŒ› Building environment","timeElapsed":150,"timestamp":"2025-10-10T01:36:32.564Z"}
{"level":"info","message":"âŒ› Validating test.wtest","timeElapsed":107,"timestamp":"2025-10-10T01:36:33.054Z"}
{"level":"info","message":"âŒ› Validating test.wtest","timeElapsed":105,"timestamp":"2025-10-10T01:36:33.277Z"}
{"level":"info","message":"âŒ› Building environment","timeElapsed":112,"timestamp":"2025-10-10T01:36:33.688Z"}
{"level":"info","message":"âŒ› Validating test.wtest","timeElapsed":109,"timestamp":"2025-10-10T01:36:33.798Z"}
{"level":"info","message":"âŒ› Validating test.wtest","timeElapsed":117,"timestamp":"2025-10-10T01:36:33.975Z"}
{"level":"info","message":"âŒ› Validating test.wtest","timeElapsed":184,"timestamp":"2025-10-10T01:36:34.254Z"}
{"level":"info","message":"âŒ› Validating test.wtest","timeElapsed":104,"timestamp":"2025-10-10T01:36:34.433Z"}
{"level":"info","message":"âŒ› Validating test.wtest","timeElapsed":103,"timestamp":"2025-10-10T01:36:34.714Z"}
{"level":"info","message":"âŒ› Validating test.wtest","timeElapsed":106,"timestamp":"2025-10-10T01:36:34.990Z"}
{"level":"info","message":"âŒ› Validating test.wtest","timeElapsed":102,"timestamp":"2025-10-10T01:36:35.291Z"}
{"level":"info","message":"âŒ› Validating test.wtest","timeElapsed":106,"timestamp":"2025-10-10T01:36:42.375Z"}
{"level":"info","message":"âŒ› Validating test.wtest","timeElapsed":114,"timestamp":"2025-10-10T01:36:44.623Z"}
{"level":"info","message":"âŒ› Validating test.wtest","timeElapsed":159,"timestamp":"2025-10-10T01:36:44.861Z"}
{"level":"info","message":"âŒ› Validating test.wtest","timeElapsed":104,"timestamp":"2025-10-10T01:36:45.039Z"}
{"level":"info","message":"ðŸ§ª Test runner executed on c:\\Users\\Usuario\\Desktop\\Uni\\ProgramaciÃ³n con Objetos I\\2025c2s2-granja-villa-tachylab","result":{"errored":1,"failed":0,"ok":0},"testsFailed":[{"error":["wollok.lang.MessageNotUnderstoodException: [a Tomaco] does not understand isNotEmpty()","  at test.\"Test del riego de cultivos\".\"Test de riego: Tomaco\" [test.wtest:52]"],"test":"test.\"Test del riego de cultivos\".\"Test de riego: Tomaco\""}],"timeElapsed":464,"timestamp":"2025-10-10T01:36:52.735Z"}
{"level":"info","message":"âŒ› Validating test.wtest","timeElapsed":116,"timestamp":"2025-10-10T01:37:06.719Z"}
{"level":"info","message":"âŒ› Validating test.wtest","timeElapsed":109,"timestamp":"2025-10-10T01:37:06.922Z"}
{"level":"info","message":"âŒ› Validating test.wtest","timeElapsed":114,"timestamp":"2025-10-10T01:37:08.051Z"}
{"level":"info","message":"âŒ› Building environment","timeElapsed":106,"timestamp":"2025-10-10T01:37:08.158Z"}
{"level":"info","message":"âŒ› Validating test.wtest","timeElapsed":112,"timestamp":"2025-10-10T01:37:08.358Z"}
{"level":"info","message":"âŒ› Validating test.wtest","timeElapsed":131,"timestamp":"2025-10-10T01:37:08.493Z"}
{"level":"info","message":"âŒ› Building environment","timeElapsed":104,"timestamp":"2025-10-10T01:37:08.798Z"}
{"level":"info","message":"âŒ› Validating test.wtest","timeElapsed":107,"timestamp":"2025-10-10T01:37:08.907Z"}
{"level":"info","message":"âŒ› Validating test.wtest","timeElapsed":112,"timestamp":"2025-10-10T01:37:11.379Z"}
{"level":"info","message":"âŒ› Validating test.wtest","timeElapsed":150,"timestamp":"2025-10-10T01:37:11.727Z"}
{"level":"info","message":"âŒ› Validating test.wtest","timeElapsed":108,"timestamp":"2025-10-10T01:37:11.913Z"}
{"level":"info","message":"âŒ› Validating test.wtest","timeElapsed":118,"timestamp":"2025-10-10T01:37:12.183Z"}
{"level":"info","message":"âŒ› Validating test.wtest","timeElapsed":104,"timestamp":"2025-10-10T01:37:12.290Z"}
{"level":"info","message":"âŒ› Validating test.wtest","timeElapsed":171,"timestamp":"2025-10-10T01:37:12.465Z"}
{"level":"info","message":"âŒ› Validating test.wtest","timeElapsed":110,"timestamp":"2025-10-10T01:37:12.675Z"}
{"level":"info","message":"âŒ› Validating test.wtest","timeElapsed":104,"timestamp":"2025-10-10T01:37:13.457Z"}
{"level":"info","message":"âŒ› Validating test.wtest","timeElapsed":117,"timestamp":"2025-10-10T01:37:14.685Z"}
{"level":"error","message":"âœ˜ Failed to rebuild document Failed to parse test.wtest: \n-- PARSING FAILED --------------------------------------------------\n\nGot the end of the input\n\nExpected one of the following: \n\n' ', '@', 'const', 'method', 'only', 'override', 'test', 'var', '{', '}', any character/byte, comment, whitespace\n","stack":"Error: Failed to parse test.wtest: \n-- PARSING FAILED --------------------------------------------------\n\nGot the end of the input\n\nExpected one of the following: \n\n' ', '@', 'const', 'method', 'only', 'override', 'test', 'var', '{', '}', any character/byte, comment, whitespace\n\n    at c:\\Users\\Usuario\\.vscode\\extensions\\uqbar.wollok-lsp-ide-0.5.3\\out\\server\\src\\server.js:2348:13026\n    at Array.map (<anonymous>)\n    at W1n (c:\\Users\\Usuario\\.vscode\\extensions\\uqbar.wollok-lsp-ide-0.5.3\\out\\server\\src\\server.js:2348:12950)\n    at U2.buildEnvironmentFrom (c:\\Users\\Usuario\\.vscode\\extensions\\uqbar.wollok-lsp-ide-0.5.3\\out\\server\\src\\server.js:2393:5254)\n    at U2.updateEnvironmentWith (c:\\Users\\Usuario\\.vscode\\extensions\\uqbar.wollok-lsp-ide-0.5.3\\out\\server\\src\\server.js:2393:4989)\n    at JF (c:\\Users\\Usuario\\.vscode\\extensions\\uqbar.wollok-lsp-ide-0.5.3\\out\\server\\src\\server.js:2393:7383)\n    at F3.invoke (c:\\Users\\Usuario\\.vscode\\extensions\\uqbar.wollok-lsp-ide-0.5.3\\out\\server\\src\\server.js:3:157334)\n    at o.fire (c:\\Users\\Usuario\\.vscode\\extensions\\uqbar.wollok-lsp-ide-0.5.3\\out\\server\\src\\server.js:3:158104)\n    at c:\\Users\\Usuario\\.vscode\\extensions\\uqbar.wollok-lsp-ide-0.5.3\\out\\server\\src\\server.js:37:57871\n    at Zr (c:\\Users\\Usuario\\.vscode\\extensions\\uqbar.wollok-lsp-ide-0.5.3\\out\\server\\src\\server.js:8:1561)","timestamp":"2025-10-10T01:37:16.547Z"}
{"level":"info","message":"âŒ› Validating test.wtest","timeElapsed":102,"timestamp":"2025-10-10T01:37:17.976Z"}
{"level":"error","message":"âœ˜ Completions for node Literal ([52:23, 52:26] - test.wtest) failed: Error: [Literal]{b51c00} at test.wtest:52 exhausted all cases without a match [Literal]{b51c00} at test.wtest:52 exhausted all cases without a match","stack":"Error: [Literal]{b51c00} at test.wtest:52 exhausted all cases without a match\n    at c:\\Users\\Usuario\\.vscode\\extensions\\uqbar.wollok-lsp-ide-0.5.3\\out\\server\\src\\server.js:38:6142\n    at D2 (c:\\Users\\Usuario\\.vscode\\extensions\\uqbar.wollok-lsp-ide-0.5.3\\out\\server\\src\\server.js:2384:42)\n    at Qh (c:\\Users\\Usuario\\.vscode\\extensions\\uqbar.wollok-lsp-ide-0.5.3\\out\\server\\src\\server.js:2384:1092)\n    at k6n (c:\\Users\\Usuario\\.vscode\\extensions\\uqbar.wollok-lsp-ide-0.5.3\\out\\server\\src\\server.js:2384:1248)\n    at c:\\Users\\Usuario\\.vscode\\extensions\\uqbar.wollok-lsp-ide-0.5.3\\out\\server\\src\\server.js:38:6131\n    at D2 (c:\\Users\\Usuario\\.vscode\\extensions\\uqbar.wollok-lsp-ide-0.5.3\\out\\server\\src\\server.js:2384:42)\n    at c:\\Users\\Usuario\\.vscode\\extensions\\uqbar.wollok-lsp-ide-0.5.3\\out\\server\\src\\server.js:2384:2988\n    at c:\\Users\\Usuario\\.vscode\\extensions\\uqbar.wollok-lsp-ide-0.5.3\\out\\server\\src\\server.js:2393:8440\n    at c:\\Users\\Usuario\\.vscode\\extensions\\uqbar.wollok-lsp-ide-0.5.3\\out\\server\\src\\server.js:37:74872\n    at Ye (c:\\Users\\Usuario\\.vscode\\extensions\\uqbar.wollok-lsp-ide-0.5.3\\out\\server\\src\\server.js:7:8527)","timestamp":"2025-10-10T01:37:18.770Z"}
{"level":"error","message":"âœ˜ Completions for node Send ([52:8, 52:39] - test.wtest) failed: Error: [Send]{a97fd0} at test.wtest:52 exhausted all cases without a match [Send]{a97fd0} at test.wtest:52 exhausted all cases without a match","stack":"Error: [Send]{a97fd0} at test.wtest:52 exhausted all cases without a match\n    at c:\\Users\\Usuario\\.vscode\\extensions\\uqbar.wollok-lsp-ide-0.5.3\\out\\server\\src\\server.js:38:6142\n    at D2 (c:\\Users\\Usuario\\.vscode\\extensions\\uqbar.wollok-lsp-ide-0.5.3\\out\\server\\src\\server.js:2384:42)\n    at Qh (c:\\Users\\Usuario\\.vscode\\extensions\\uqbar.wollok-lsp-ide-0.5.3\\out\\server\\src\\server.js:2384:1092)\n    at D2 (c:\\Users\\Usuario\\.vscode\\extensions\\uqbar.wollok-lsp-ide-0.5.3\\out\\server\\src\\server.js:2384:544)\n    at Qh (c:\\Users\\Usuario\\.vscode\\extensions\\uqbar.wollok-lsp-ide-0.5.3\\out\\server\\src\\server.js:2384:1092)\n    at k6n (c:\\Users\\Usuario\\.vscode\\extensions\\uqbar.wollok-lsp-ide-0.5.3\\out\\server\\src\\server.js:2384:1248)\n    at c:\\Users\\Usuario\\.vscode\\extensions\\uqbar.wollok-lsp-ide-0.5.3\\out\\server\\src\\server.js:38:6131\n    at D2 (c:\\Users\\Usuario\\.vscode\\extensions\\uqbar.wollok-lsp-ide-0.5.3\\out\\server\\src\\server.js:2384:42)\n    at c:\\Users\\Usuario\\.vscode\\extensions\\uqbar.wollok-lsp-ide-0.5.3\\out\\server\\src\\server.js:2384:2988\n    at c:\\Users\\Usuario\\.vscode\\extensions\\uqbar.wollok-lsp-ide-0.5.3\\out\\server\\src\\server.js:2393:8440","timestamp":"2025-10-10T01:37:18.770Z"}
{"level":"info","message":"âŒ› Validating test.wtest","timeElapsed":108,"timestamp":"2025-10-10T01:37:18.882Z"}
{"level":"info","message":"âŒ› Validating test.wtest","timeElapsed":103,"timestamp":"2025-10-10T01:37:19.082Z"}
{"level":"info","message":"âŒ› Building environment","timeElapsed":105,"timestamp":"2025-10-10T01:37:19.283Z"}
{"level":"info","message":"âŒ› Validating test.wtest","timeElapsed":111,"timestamp":"2025-10-10T01:37:19.656Z"}
{"level":"info","message":"âŒ› Validating test.wtest","timeElapsed":124,"timestamp":"2025-10-10T01:37:20.088Z"}
{"level":"info","message":"âŒ› Validating test.wtest","timeElapsed":104,"timestamp":"2025-10-10T01:37:20.193Z"}
{"level":"info","message":"âŒ› Validating test.wtest","timeElapsed":105,"timestamp":"2025-10-10T01:37:20.599Z"}
{"level":"info","message":"âŒ› Validating test.wtest","timeElapsed":140,"timestamp":"2025-10-10T01:37:22.207Z"}
{"level":"info","message":"âŒ› Validating test.wtest","timeElapsed":104,"timestamp":"2025-10-10T01:37:22.572Z"}
{"level":"info","message":"âŒ› Validating test.wtest","timeElapsed":101,"timestamp":"2025-10-10T01:37:22.673Z"}
{"level":"info","message":"âŒ› Validating test.wtest","timeElapsed":107,"timestamp":"2025-10-10T01:37:23.083Z"}
{"level":"info","message":"âŒ› Validating test.wtest","timeElapsed":111,"timestamp":"2025-10-10T01:37:23.353Z"}
{"level":"info","message":"âŒ› Validating test.wtest","timeElapsed":107,"timestamp":"2025-10-10T01:37:23.537Z"}
{"level":"info","message":"âŒ› Validating test.wtest","timeElapsed":117,"timestamp":"2025-10-10T01:37:23.767Z"}
{"level":"info","message":"âŒ› Validating test.wtest","timeElapsed":117,"timestamp":"2025-10-10T01:37:24.101Z"}
{"level":"info","message":"âŒ› Building environment","timeElapsed":102,"timestamp":"2025-10-10T01:37:24.302Z"}
{"level":"info","message":"âŒ› Validating test.wtest","timeElapsed":103,"timestamp":"2025-10-10T01:37:24.432Z"}
{"level":"info","message":"âŒ› Validating test.wtest","timeElapsed":165,"timestamp":"2025-10-10T01:37:25.533Z"}
{"level":"info","message":"âŒ› Validating test.wtest","timeElapsed":103,"timestamp":"2025-10-10T01:37:25.840Z"}
{"level":"info","message":"âŒ› Validating test.wtest","timeElapsed":111,"timestamp":"2025-10-10T01:37:26.055Z"}
{"level":"info","message":"âŒ› Validating test.wtest","timeElapsed":110,"timestamp":"2025-10-10T01:37:26.351Z"}
{"level":"info","message":"âŒ› Validating test.wtest","timeElapsed":108,"timestamp":"2025-10-10T01:37:26.532Z"}
{"level":"info","message":"âŒ› Validating test.wtest","timeElapsed":142,"timestamp":"2025-10-10T01:37:26.907Z"}
{"level":"info","message":"âŒ› Validating test.wtest","timeElapsed":105,"timestamp":"2025-10-10T01:37:27.011Z"}
{"level":"info","message":"âŒ› Validating test.wtest","timeElapsed":114,"timestamp":"2025-10-10T01:37:27.208Z"}
{"level":"info","message":"âŒ› Validating test.wtest","timeElapsed":105,"timestamp":"2025-10-10T01:37:27.668Z"}
{"level":"info","message":"âŒ› Validating test.wtest","timeElapsed":106,"timestamp":"2025-10-10T01:37:27.940Z"}
{"level":"info","message":"âŒ› Validating test.wtest","timeElapsed":105,"timestamp":"2025-10-10T01:37:28.145Z"}
{"level":"info","message":"âŒ› Validating test.wtest","timeElapsed":104,"timestamp":"2025-10-10T01:37:28.351Z"}
{"level":"info","message":"âŒ› Validating test.wtest","timeElapsed":113,"timestamp":"2025-10-10T01:37:28.464Z"}
{"level":"info","message":"âŒ› Building environment","timeElapsed":133,"timestamp":"2025-10-10T01:37:33.500Z"}
{"level":"info","message":"âŒ› Validating test.wtest","timeElapsed":126,"timestamp":"2025-10-10T01:37:33.720Z"}
{"level":"info","message":"âŒ› Validating test.wtest","timeElapsed":113,"timestamp":"2025-10-10T01:37:33.836Z"}
{"level":"info","message":"âŒ› Building environment","timeElapsed":102,"timestamp":"2025-10-10T01:37:34.106Z"}
{"level":"info","message":"âŒ› Validating test.wtest","timeElapsed":126,"timestamp":"2025-10-10T01:37:34.234Z"}
{"level":"info","message":"âŒ› Validating test.wtest","timeElapsed":108,"timestamp":"2025-10-10T01:37:34.343Z"}
{"level":"info","message":"âŒ› Validating test.wtest","timeElapsed":109,"timestamp":"2025-10-10T01:37:34.524Z"}
{"level":"info","message":"âŒ› Validating test.wtest","timeElapsed":104,"timestamp":"2025-10-10T01:37:34.712Z"}
{"level":"info","message":"âŒ› Validating test.wtest","timeElapsed":111,"timestamp":"2025-10-10T01:37:34.856Z"}
{"level":"info","message":"âŒ› Validating test.wtest","timeElapsed":117,"timestamp":"2025-10-10T01:37:35.066Z"}
{"level":"info","message":"âŒ› Validating test.wtest","timeElapsed":207,"timestamp":"2025-10-10T01:37:44.002Z"}
{"level":"info","message":"âŒ› Validating test.wtest","timeElapsed":114,"timestamp":"2025-10-10T01:37:44.206Z"}
{"level":"info","message":"âŒ› Validating test.wtest","timeElapsed":109,"timestamp":"2025-10-10T01:37:44.400Z"}
{"level":"info","message":"âŒ› Validating test.wtest","timeElapsed":113,"timestamp":"2025-10-10T01:37:44.671Z"}
{"level":"info","message":"âŒ› Validating test.wtest","timeElapsed":105,"timestamp":"2025-10-10T01:37:44.945Z"}
{"level":"info","message":"âŒ› Validating test.wtest","timeElapsed":106,"timestamp":"2025-10-10T01:37:45.051Z"}
{"level":"info","message":"âŒ› Validating test.wtest","timeElapsed":108,"timestamp":"2025-10-10T01:37:45.237Z"}
{"level":"info","message":"âŒ› Validating test.wtest","timeElapsed":103,"timestamp":"2025-10-10T01:37:46.545Z"}
{"level":"info","message":"âŒ› Validating test.wtest","timeElapsed":109,"timestamp":"2025-10-10T01:37:49.021Z"}
{"level":"info","message":"âŒ› Validating test.wtest","timeElapsed":103,"timestamp":"2025-10-10T01:37:54.775Z"}
{"level":"error","message":"âœ˜ Completions for node Send ([52:8, 52:26] - test.wtest) failed: Error: [Send]{a5cfb1} at test.wtest:52 exhausted all cases without a match [Send]{a5cfb1} at test.wtest:52 exhausted all cases without a match","stack":"Error: [Send]{a5cfb1} at test.wtest:52 exhausted all cases without a match\n    at c:\\Users\\Usuario\\.vscode\\extensions\\uqbar.wollok-lsp-ide-0.5.3\\out\\server\\src\\server.js:38:6142\n    at D2 (c:\\Users\\Usuario\\.vscode\\extensions\\uqbar.wollok-lsp-ide-0.5.3\\out\\server\\src\\server.js:2384:42)\n    at Qh (c:\\Users\\Usuario\\.vscode\\extensions\\uqbar.wollok-lsp-ide-0.5.3\\out\\server\\src\\server.js:2384:1092)\n    at k6n (c:\\Users\\Usuario\\.vscode\\extensions\\uqbar.wollok-lsp-ide-0.5.3\\out\\server\\src\\server.js:2384:1248)\n    at c:\\Users\\Usuario\\.vscode\\extensions\\uqbar.wollok-lsp-ide-0.5.3\\out\\server\\src\\server.js:38:6131\n    at D2 (c:\\Users\\Usuario\\.vscode\\extensions\\uqbar.wollok-lsp-ide-0.5.3\\out\\server\\src\\server.js:2384:42)\n    at c:\\Users\\Usuario\\.vscode\\extensions\\uqbar.wollok-lsp-ide-0.5.3\\out\\server\\src\\server.js:2384:2988\n    at c:\\Users\\Usuario\\.vscode\\extensions\\uqbar.wollok-lsp-ide-0.5.3\\out\\server\\src\\server.js:2393:8440\n    at c:\\Users\\Usuario\\.vscode\\extensions\\uqbar.wollok-lsp-ide-0.5.3\\out\\server\\src\\server.js:37:74872\n    at Ye (c:\\Users\\Usuario\\.vscode\\extensions\\uqbar.wollok-lsp-ide-0.5.3\\out\\server\\src\\server.js:7:8527)","timestamp":"2025-10-10T01:37:56.665Z"}
{"level":"info","message":"âŒ› Validating test.wtest","timeElapsed":104,"timestamp":"2025-10-10T01:37:56.783Z"}
{"level":"info","message":"âŒ› Validating test.wtest","timeElapsed":106,"timestamp":"2025-10-10T01:37:56.965Z"}
{"level":"info","message":"âŒ› Validating test.wtest","timeElapsed":114,"timestamp":"2025-10-10T01:37:57.735Z"}
{"level":"info","message":"âŒ› Validating test.wtest","timeElapsed":102,"timestamp":"2025-10-10T01:37:57.840Z"}
{"level":"info","message":"âŒ› Validating test.wtest","timeElapsed":102,"timestamp":"2025-10-10T01:37:58.069Z"}
{"level":"info","message":"âŒ› Building environment","timeElapsed":141,"timestamp":"2025-10-10T01:38:01.325Z"}
{"level":"error","message":"âœ˜ Completions for node Send ([52:8, 52:31] - test.wtest) failed: Error: [Send]{b48893} at test.wtest:52 exhausted all cases without a match [Send]{b48893} at test.wtest:52 exhausted all cases without a match","stack":"Error: [Send]{b48893} at test.wtest:52 exhausted all cases without a match\n    at c:\\Users\\Usuario\\.vscode\\extensions\\uqbar.wollok-lsp-ide-0.5.3\\out\\server\\src\\server.js:38:6142\n    at D2 (c:\\Users\\Usuario\\.vscode\\extensions\\uqbar.wollok-lsp-ide-0.5.3\\out\\server\\src\\server.js:2384:42)\n    at Qh (c:\\Users\\Usuario\\.vscode\\extensions\\uqbar.wollok-lsp-ide-0.5.3\\out\\server\\src\\server.js:2384:1092)\n    at k6n (c:\\Users\\Usuario\\.vscode\\extensions\\uqbar.wollok-lsp-ide-0.5.3\\out\\server\\src\\server.js:2384:1248)\n    at c:\\Users\\Usuario\\.vscode\\extensions\\uqbar.wollok-lsp-ide-0.5.3\\out\\server\\src\\server.js:38:6131\n    at D2 (c:\\Users\\Usuario\\.vscode\\extensions\\uqbar.wollok-lsp-ide-0.5.3\\out\\server\\src\\server.js:2384:42)\n    at c:\\Users\\Usuario\\.vscode\\extensions\\uqbar.wollok-lsp-ide-0.5.3\\out\\server\\src\\server.js:2384:2988\n    at c:\\Users\\Usuario\\.vscode\\extensions\\uqbar.wollok-lsp-ide-0.5.3\\out\\server\\src\\server.js:2393:8440\n    at c:\\Users\\Usuario\\.vscode\\extensions\\uqbar.wollok-lsp-ide-0.5.3\\out\\server\\src\\server.js:37:74872\n    at Ye (c:\\Users\\Usuario\\.vscode\\extensions\\uqbar.wollok-lsp-ide-0.5.3\\out\\server\\src\\server.js:7:8527)","timestamp":"2025-10-10T01:38:01.424Z"}
{"level":"info","message":"âŒ› Validating test.wtest","timeElapsed":110,"timestamp":"2025-10-10T01:38:01.537Z"}
{"level":"info","message":"âŒ› Validating test.wtest","timeElapsed":111,"timestamp":"2025-10-10T01:38:01.746Z"}
{"level":"info","message":"âŒ› Validating test.wtest","timeElapsed":139,"timestamp":"2025-10-10T01:38:02.044Z"}
{"level":"info","message":"âŒ› Validating test.wtest","timeElapsed":104,"timestamp":"2025-10-10T01:38:02.240Z"}
{"level":"error","message":"âœ˜ Completions for node Send ([52:8, 52:31] - test.wtest) failed: Error: [Send]{4380a7} at test.wtest:52 exhausted all cases without a match [Send]{4380a7} at test.wtest:52 exhausted all cases without a match","stack":"Error: [Send]{4380a7} at test.wtest:52 exhausted all cases without a match\n    at c:\\Users\\Usuario\\.vscode\\extensions\\uqbar.wollok-lsp-ide-0.5.3\\out\\server\\src\\server.js:38:6142\n    at D2 (c:\\Users\\Usuario\\.vscode\\extensions\\uqbar.wollok-lsp-ide-0.5.3\\out\\server\\src\\server.js:2384:42)\n    at Qh (c:\\Users\\Usuario\\.vscode\\extensions\\uqbar.wollok-lsp-ide-0.5.3\\out\\server\\src\\server.js:2384:1092)\n    at k6n (c:\\Users\\Usuario\\.vscode\\extensions\\uqbar.wollok-lsp-ide-0.5.3\\out\\server\\src\\server.js:2384:1248)\n    at c:\\Users\\Usuario\\.vscode\\extensions\\uqbar.wollok-lsp-ide-0.5.3\\out\\server\\src\\server.js:38:6131\n    at D2 (c:\\Users\\Usuario\\.vscode\\extensions\\uqbar.wollok-lsp-ide-0.5.3\\out\\server\\src\\server.js:2384:42)\n    at c:\\Users\\Usuario\\.vscode\\extensions\\uqbar.wollok-lsp-ide-0.5.3\\out\\server\\src\\server.js:2384:2988\n    at c:\\Users\\Usuario\\.vscode\\extensions\\uqbar.wollok-lsp-ide-0.5.3\\out\\server\\src\\server.js:2393:8440\n    at c:\\Users\\Usuario\\.vscode\\extensions\\uqbar.wollok-lsp-ide-0.5.3\\out\\server\\src\\server.js:37:74872\n    at Ye (c:\\Users\\Usuario\\.vscode\\extensions\\uqbar.wollok-lsp-ide-0.5.3\\out\\server\\src\\server.js:7:8527)","timestamp":"2025-10-10T01:38:02.520Z"}
{"level":"info","message":"âŒ› Validating test.wtest","timeElapsed":111,"timestamp":"2025-10-10T01:38:02.711Z"}
{"level":"info","message":"âŒ› Validating test.wtest","timeElapsed":108,"timestamp":"2025-10-10T01:38:02.902Z"}
{"level":"error","message":"âœ˜ Completions for node Send ([52:8, 52:33] - test.wtest) failed: Error: [Send]{d786c7} at test.wtest:52 exhausted all cases without a match [Send]{d786c7} at test.wtest:52 exhausted all cases without a match","stack":"Error: [Send]{d786c7} at test.wtest:52 exhausted all cases without a match\n    at c:\\Users\\Usuario\\.vscode\\extensions\\uqbar.wollok-lsp-ide-0.5.3\\out\\server\\src\\server.js:38:6142\n    at D2 (c:\\Users\\Usuario\\.vscode\\extensions\\uqbar.wollok-lsp-ide-0.5.3\\out\\server\\src\\server.js:2384:42)\n    at Qh (c:\\Users\\Usuario\\.vscode\\extensions\\uqbar.wollok-lsp-ide-0.5.3\\out\\server\\src\\server.js:2384:1092)\n    at k6n (c:\\Users\\Usuario\\.vscode\\extensions\\uqbar.wollok-lsp-ide-0.5.3\\out\\server\\src\\server.js:2384:1248)\n    at c:\\Users\\Usuario\\.vscode\\extensions\\uqbar.wollok-lsp-ide-0.5.3\\out\\server\\src\\server.js:38:6131\n    at D2 (c:\\Users\\Usuario\\.vscode\\extensions\\uqbar.wollok-lsp-ide-0.5.3\\out\\server\\src\\server.js:2384:42)\n    at c:\\Users\\Usuario\\.vscode\\extensions\\uqbar.wollok-lsp-ide-0.5.3\\out\\server\\src\\server.js:2384:2988\n    at c:\\Users\\Usuario\\.vscode\\extensions\\uqbar.wollok-lsp-ide-0.5.3\\out\\server\\src\\server.js:2393:8440\n    at c:\\Users\\Usuario\\.vscode\\extensions\\uqbar.wollok-lsp-ide-0.5.3\\out\\server\\src\\server.js:37:74872\n    at Ye (c:\\Users\\Usuario\\.vscode\\extensions\\uqbar.wollok-lsp-ide-0.5.3\\out\\server\\src\\server.js:7:8527)","timestamp":"2025-10-10T01:38:02.934Z"}
{"level":"info","message":"âŒ› Validating test.wtest","timeElapsed":107,"timestamp":"2025-10-10T01:38:03.118Z"}
{"level":"info","message":"âŒ› Validating test.wtest","timeElapsed":104,"timestamp":"2025-10-10T01:38:03.227Z"}
{"level":"info","message":"âŒ› Building environment","timeElapsed":146,"timestamp":"2025-10-10T01:38:03.475Z"}
{"level":"error","message":"âœ˜ Completions for node Send ([52:8, 52:33] - test.wtest) failed: Error: [Send]{dc00b5} at test.wtest:52 exhausted all cases without a match [Send]{dc00b5} at test.wtest:52 exhausted all cases without a match","stack":"Error: [Send]{dc00b5} at test.wtest:52 exhausted all cases without a match\n    at c:\\Users\\Usuario\\.vscode\\extensions\\uqbar.wollok-lsp-ide-0.5.3\\out\\server\\src\\server.js:38:6142\n    at D2 (c:\\Users\\Usuario\\.vscode\\extensions\\uqbar.wollok-lsp-ide-0.5.3\\out\\server\\src\\server.js:2384:42)\n    at Qh (c:\\Users\\Usuario\\.vscode\\extensions\\uqbar.wollok-lsp-ide-0.5.3\\out\\server\\src\\server.js:2384:1092)\n    at k6n (c:\\Users\\Usuario\\.vscode\\extensions\\uqbar.wollok-lsp-ide-0.5.3\\out\\server\\src\\server.js:2384:1248)\n    at c:\\Users\\Usuario\\.vscode\\extensions\\uqbar.wollok-lsp-ide-0.5.3\\out\\server\\src\\server.js:38:6131\n    at D2 (c:\\Users\\Usuario\\.vscode\\extensions\\uqbar.wollok-lsp-ide-0.5.3\\out\\server\\src\\server.js:2384:42)\n    at c:\\Users\\Usuario\\.vscode\\extensions\\uqbar.wollok-lsp-ide-0.5.3\\out\\server\\src\\server.js:2384:2988\n    at c:\\Users\\Usuario\\.vscode\\extensions\\uqbar.wollok-lsp-ide-0.5.3\\out\\server\\src\\server.js:2393:8440\n    at c:\\Users\\Usuario\\.vscode\\extensions\\uqbar.wollok-lsp-ide-0.5.3\\out\\server\\src\\server.js:37:74872\n    at Ye (c:\\Users\\Usuario\\.vscode\\extensions\\uqbar.wollok-lsp-ide-0.5.3\\out\\server\\src\\server.js:7:8527)","timestamp":"2025-10-10T01:38:03.590Z"}
{"level":"info","message":"âŒ› Validating test.wtest","timeElapsed":103,"timestamp":"2025-10-10T01:38:03.710Z"}
{"level":"info","message":"âŒ› Validating test.wtest","timeElapsed":105,"timestamp":"2025-10-10T01:38:03.888Z"}
{"level":"info","message":"âŒ› Building environment","timeElapsed":134,"timestamp":"2025-10-10T01:38:04.023Z"}
{"level":"info","message":"âŒ› Validating test.wtest","timeElapsed":116,"timestamp":"2025-10-10T01:38:04.148Z"}
{"level":"info","message":"âŒ› Validating test.wtest","timeElapsed":113,"timestamp":"2025-10-10T01:38:04.344Z"}
{"level":"error","message":"âœ˜ Completions for node Send ([52:8, 52:37] - test.wtest) failed: Error: [Send]{f48961} at test.wtest:52 exhausted all cases without a match [Send]{f48961} at test.wtest:52 exhausted all cases without a match","stack":"Error: [Send]{f48961} at test.wtest:52 exhausted all cases without a match\n    at c:\\Users\\Usuario\\.vscode\\extensions\\uqbar.wollok-lsp-ide-0.5.3\\out\\server\\src\\server.js:38:6142\n    at D2 (c:\\Users\\Usuario\\.vscode\\extensions\\uqbar.wollok-lsp-ide-0.5.3\\out\\server\\src\\server.js:2384:42)\n    at Qh (c:\\Users\\Usuario\\.vscode\\extensions\\uqbar.wollok-lsp-ide-0.5.3\\out\\server\\src\\server.js:2384:1092)\n    at k6n (c:\\Users\\Usuario\\.vscode\\extensions\\uqbar.wollok-lsp-ide-0.5.3\\out\\server\\src\\server.js:2384:1248)\n    at c:\\Users\\Usuario\\.vscode\\extensions\\uqbar.wollok-lsp-ide-0.5.3\\out\\server\\src\\server.js:38:6131\n    at D2 (c:\\Users\\Usuario\\.vscode\\extensions\\uqbar.wollok-lsp-ide-0.5.3\\out\\server\\src\\server.js:2384:42)\n    at c:\\Users\\Usuario\\.vscode\\extensions\\uqbar.wollok-lsp-ide-0.5.3\\out\\server\\src\\server.js:2384:2988\n    at c:\\Users\\Usuario\\.vscode\\extensions\\uqbar.wollok-lsp-ide-0.5.3\\out\\server\\src\\server.js:2393:8440\n    at c:\\Users\\Usuario\\.vscode\\extensions\\uqbar.wollok-lsp-ide-0.5.3\\out\\server\\src\\server.js:37:74872\n    at Ye (c:\\Users\\Usuario\\.vscode\\extensions\\uqbar.wollok-lsp-ide-0.5.3\\out\\server\\src\\server.js:7:8527)","timestamp":"2025-10-10T01:38:04.461Z"}
{"level":"info","message":"âŒ› Validating test.wtest","timeElapsed":122,"timestamp":"2025-10-10T01:38:04.675Z"}
{"level":"info","message":"âŒ› Validating test.wtest","timeElapsed":104,"timestamp":"2025-10-10T01:38:05.140Z"}
{"level":"error","message":"âœ˜ Completions for node Send ([52:8, 52:42] - test.wtest) failed: Error: [Send]{662330} at test.wtest:52 exhausted all cases without a match [Send]{662330} at test.wtest:52 exhausted all cases without a match","stack":"Error: [Send]{662330} at test.wtest:52 exhausted all cases without a match\n    at c:\\Users\\Usuario\\.vscode\\extensions\\uqbar.wollok-lsp-ide-0.5.3\\out\\server\\src\\server.js:38:6142\n    at D2 (c:\\Users\\Usuario\\.vscode\\extensions\\uqbar.wollok-lsp-ide-0.5.3\\out\\server\\src\\server.js:2384:42)\n    at Qh (c:\\Users\\Usuario\\.vscode\\extensions\\uqbar.wollok-lsp-ide-0.5.3\\out\\server\\src\\server.js:2384:1092)\n    at k6n (c:\\Users\\Usuario\\.vscode\\extensions\\uqbar.wollok-lsp-ide-0.5.3\\out\\server\\src\\server.js:2384:1248)\n    at c:\\Users\\Usuario\\.vscode\\extensions\\uqbar.wollok-lsp-ide-0.5.3\\out\\server\\src\\server.js:38:6131\n    at D2 (c:\\Users\\Usuario\\.vscode\\extensions\\uqbar.wollok-lsp-ide-0.5.3\\out\\server\\src\\server.js:2384:42)\n    at c:\\Users\\Usuario\\.vscode\\extensions\\uqbar.wollok-lsp-ide-0.5.3\\out\\server\\src\\server.js:2384:2988\n    at c:\\Users\\Usuario\\.vscode\\extensions\\uqbar.wollok-lsp-ide-0.5.3\\out\\server\\src\\server.js:2393:8440\n    at c:\\Users\\Usuario\\.vscode\\extensions\\uqbar.wollok-lsp-ide-0.5.3\\out\\server\\src\\server.js:37:74872\n    at Ye (c:\\Users\\Usuario\\.vscode\\extensions\\uqbar.wollok-lsp-ide-0.5.3\\out\\server\\src\\server.js:7:8527)","timestamp":"2025-10-10T01:38:05.242Z"}
{"level":"info","message":"âŒ› Validating test.wtest","timeElapsed":103,"timestamp":"2025-10-10T01:38:05.348Z"}
{"level":"info","message":"âŒ› Building environment","timeElapsed":214,"timestamp":"2025-10-10T01:38:05.644Z"}
{"level":"info","message":"âŒ› Validating test.wtest","timeElapsed":103,"timestamp":"2025-10-10T01:38:05.748Z"}
{"level":"info","message":"âŒ› Validating test.wtest","timeElapsed":103,"timestamp":"2025-10-10T01:38:05.924Z"}
{"level":"info","message":"âŒ› Validating test.wtest","timeElapsed":115,"timestamp":"2025-10-10T01:38:06.039Z"}
{"level":"info","message":"âŒ› Validating test.wtest","timeElapsed":114,"timestamp":"2025-10-10T01:38:06.158Z"}
{"level":"info","message":"âŒ› Validating test.wtest","timeElapsed":124,"timestamp":"2025-10-10T01:38:06.286Z"}
{"level":"info","message":"âŒ› Validating test.wtest","timeElapsed":116,"timestamp":"2025-10-10T01:38:06.406Z"}
{"level":"info","message":"âŒ› Validating test.wtest","timeElapsed":112,"timestamp":"2025-10-10T01:38:06.518Z"}
{"level":"info","message":"âŒ› Building environment","timeElapsed":108,"timestamp":"2025-10-10T01:38:08.046Z"}
{"level":"error","message":"âœ˜ Completions for node Send ([52:24, 52:46] - test.wtest) failed: Error: [Send]{1170dc} at test.wtest:52 exhausted all cases without a match [Send]{1170dc} at test.wtest:52 exhausted all cases without a match","stack":"Error: [Send]{1170dc} at test.wtest:52 exhausted all cases without a match\n    at c:\\Users\\Usuario\\.vscode\\extensions\\uqbar.wollok-lsp-ide-0.5.3\\out\\server\\src\\server.js:38:6142\n    at D2 (c:\\Users\\Usuario\\.vscode\\extensions\\uqbar.wollok-lsp-ide-0.5.3\\out\\server\\src\\server.js:2384:42)\n    at Qh (c:\\Users\\Usuario\\.vscode\\extensions\\uqbar.wollok-lsp-ide-0.5.3\\out\\server\\src\\server.js:2384:1092)\n    at k6n (c:\\Users\\Usuario\\.vscode\\extensions\\uqbar.wollok-lsp-ide-0.5.3\\out\\server\\src\\server.js:2384:1248)\n    at c:\\Users\\Usuario\\.vscode\\extensions\\uqbar.wollok-lsp-ide-0.5.3\\out\\server\\src\\server.js:38:6131\n    at D2 (c:\\Users\\Usuario\\.vscode\\extensions\\uqbar.wollok-lsp-ide-0.5.3\\out\\server\\src\\server.js:2384:42)\n    at c:\\Users\\Usuario\\.vscode\\extensions\\uqbar.wollok-lsp-ide-0.5.3\\out\\server\\src\\server.js:2384:2988\n    at c:\\Users\\Usuario\\.vscode\\extensions\\uqbar.wollok-lsp-ide-0.5.3\\out\\server\\src\\server.js:2393:8440\n    at c:\\Users\\Usuario\\.vscode\\extensions\\uqbar.wollok-lsp-ide-0.5.3\\out\\server\\src\\server.js:37:74872\n    at Ye (c:\\Users\\Usuario\\.vscode\\extensions\\uqbar.wollok-lsp-ide-0.5.3\\out\\server\\src\\server.js:7:8527)","timestamp":"2025-10-10T01:38:08.089Z"}
{"level":"error","message":"âœ˜ Completions for node Send ([52:8, 52:47] - test.wtest) failed: Error: [Send]{3f35ae} at test.wtest:52 exhausted all cases without a match [Send]{3f35ae} at test.wtest:52 exhausted all cases without a match","stack":"Error: [Send]{3f35ae} at test.wtest:52 exhausted all cases without a match\n    at c:\\Users\\Usuario\\.vscode\\extensions\\uqbar.wollok-lsp-ide-0.5.3\\out\\server\\src\\server.js:38:6142\n    at D2 (c:\\Users\\Usuario\\.vscode\\extensions\\uqbar.wollok-lsp-ide-0.5.3\\out\\server\\src\\server.js:2384:42)\n    at Qh (c:\\Users\\Usuario\\.vscode\\extensions\\uqbar.wollok-lsp-ide-0.5.3\\out\\server\\src\\server.js:2384:1092)\n    at D2 (c:\\Users\\Usuario\\.vscode\\extensions\\uqbar.wollok-lsp-ide-0.5.3\\out\\server\\src\\server.js:2384:544)\n    at Qh (c:\\Users\\Usuario\\.vscode\\extensions\\uqbar.wollok-lsp-ide-0.5.3\\out\\server\\src\\server.js:2384:1092)\n    at k6n (c:\\Users\\Usuario\\.vscode\\extensions\\uqbar.wollok-lsp-ide-0.5.3\\out\\server\\src\\server.js:2384:1248)\n    at c:\\Users\\Usuario\\.vscode\\extensions\\uqbar.wollok-lsp-ide-0.5.3\\out\\server\\src\\server.js:38:6131\n    at D2 (c:\\Users\\Usuario\\.vscode\\extensions\\uqbar.wollok-lsp-ide-0.5.3\\out\\server\\src\\server.js:2384:42)\n    at c:\\Users\\Usuario\\.vscode\\extensions\\uqbar.wollok-lsp-ide-0.5.3\\out\\server\\src\\server.js:2384:2988\n    at c:\\Users\\Usuario\\.vscode\\extensions\\uqbar.wollok-lsp-ide-0.5.3\\out\\server\\src\\server.js:2393:8440","timestamp":"2025-10-10T01:38:08.090Z"}
{"level":"info","message":"âŒ› Validating test.wtest","timeElapsed":109,"timestamp":"2025-10-10T01:38:08.286Z"}
{"level":"info","message":"âŒ› Validating test.wtest","timeElapsed":107,"timestamp":"2025-10-10T01:38:08.495Z"}
{"level":"info","message":"âŒ› Building environment","timeElapsed":107,"timestamp":"2025-10-10T01:38:08.699Z"}
{"level":"info","message":"âŒ› Validating test.wtest","timeElapsed":121,"timestamp":"2025-10-10T01:38:08.920Z"}
{"level":"info","message":"âŒ› Validating test.wtest","timeElapsed":109,"timestamp":"2025-10-10T01:38:09.033Z"}
{"level":"info","message":"âŒ› Building environment","timeElapsed":117,"timestamp":"2025-10-10T01:38:09.151Z"}
{"level":"info","message":"âŒ› Validating test.wtest","timeElapsed":118,"timestamp":"2025-10-10T01:38:09.456Z"}
{"level":"info","message":"âŒ› Validating test.wtest","timeElapsed":105,"timestamp":"2025-10-10T01:38:09.562Z"}
{"level":"info","message":"âŒ› Validating test.wtest","timeElapsed":112,"timestamp":"2025-10-10T01:38:10.142Z"}
{"level":"info","message":"âŒ› Validating test.wtest","timeElapsed":102,"timestamp":"2025-10-10T01:38:10.426Z"}
{"level":"info","message":"âŒ› Validating test.wtest","timeElapsed":185,"timestamp":"2025-10-10T01:38:11.122Z"}
{"level":"info","message":"âŒ› Validating test.wtest","timeElapsed":111,"timestamp":"2025-10-10T01:38:11.420Z"}
{"level":"info","message":"âŒ› Validating test.wtest","timeElapsed":184,"timestamp":"2025-10-10T01:38:11.715Z"}
{"level":"info","message":"âŒ› Building environment","timeElapsed":123,"timestamp":"2025-10-10T01:38:11.838Z"}
{"level":"info","message":"âŒ› Validating test.wtest","timeElapsed":106,"timestamp":"2025-10-10T01:38:11.944Z"}
{"level":"info","message":"âŒ› Validating test.wtest","timeElapsed":102,"timestamp":"2025-10-10T01:38:12.310Z"}
{"level":"info","message":"ðŸ§ª Test runner executed on c:\\Users\\Usuario\\Desktop\\Uni\\ProgramaciÃ³n con Objetos I\\2025c2s2-granja-villa-tachylab","result":{"errored":1,"failed":0,"ok":0},"testsFailed":[{"error":["wollok.lang.MessageNotUnderstoodException: a Tomaco does not understand isEmpty()","  at test.\"Test del riego de cultivos\".\"Test de riego: Tomaco\" [test.wtest:52]"],"test":"test.\"Test del riego de cultivos\".\"Test de riego: Tomaco\""}],"timeElapsed":460,"timestamp":"2025-10-10T01:38:16.850Z"}
{"level":"info","message":"âŒ› Validating test.wtest","timeElapsed":168,"timestamp":"2025-10-10T01:38:39.744Z"}
{"level":"info","message":"âŒ› Validating test.wtest","timeElapsed":111,"timestamp":"2025-10-10T01:38:39.949Z"}
{"level":"info","message":"âŒ› Validating test.wtest","timeElapsed":163,"timestamp":"2025-10-10T01:38:40.449Z"}
{"level":"info","message":"âŒ› Validating test.wtest","timeElapsed":117,"timestamp":"2025-10-10T01:38:40.767Z"}
{"level":"info","message":"âŒ› Validating test.wtest","timeElapsed":115,"timestamp":"2025-10-10T01:38:40.977Z"}
{"level":"info","message":"âŒ› Validating test.wtest","timeElapsed":104,"timestamp":"2025-10-10T01:38:41.165Z"}
{"level":"info","message":"âŒ› Validating test.wtest","timeElapsed":115,"timestamp":"2025-10-10T01:38:41.360Z"}
{"level":"info","message":"âŒ› Validating test.wtest","timeElapsed":116,"timestamp":"2025-10-10T01:38:41.559Z"}
{"level":"info","message":"âŒ› Building environment","timeElapsed":226,"timestamp":"2025-10-10T01:38:41.892Z"}
{"level":"info","message":"âŒ› Validating test.wtest","timeElapsed":113,"timestamp":"2025-10-10T01:38:42.041Z"}
{"level":"info","message":"âŒ› Validating test.wtest","timeElapsed":104,"timestamp":"2025-10-10T01:38:43.244Z"}
{"level":"info","message":"âŒ› Validating test.wtest","timeElapsed":108,"timestamp":"2025-10-10T01:38:44.138Z"}
{"level":"info","message":"âŒ› Validating test.wtest","timeElapsed":107,"timestamp":"2025-10-10T01:40:11.754Z"}
{"level":"info","message":"âŒ› Validating test.wtest","timeElapsed":105,"timestamp":"2025-10-10T01:40:12.002Z"}
{"level":"info","message":"âŒ› Validating test.wtest","timeElapsed":107,"timestamp":"2025-10-10T01:40:12.621Z"}
{"level":"info","message":"âŒ› Validating test.wtest","timeElapsed":111,"timestamp":"2025-10-10T01:40:12.863Z"}
{"level":"info","message":"âŒ› Building environment","timeElapsed":107,"timestamp":"2025-10-10T01:40:13.061Z"}
{"level":"info","message":"âŒ› Validating test.wtest","timeElapsed":122,"timestamp":"2025-10-10T01:40:13.183Z"}
{"level":"info","message":"âŒ› Validating test.wtest","timeElapsed":163,"timestamp":"2025-10-10T01:40:13.349Z"}
{"level":"info","message":"âŒ› Validating test.wtest","timeElapsed":114,"timestamp":"2025-10-10T01:40:14.394Z"}
{"level":"error","message":"âœ˜ Completions for node Return (undefined - test.wtest) failed: Error: [Return]{dfeaf0} at test.wtest:-- exhausted all cases without a match [Return]{dfeaf0} at test.wtest:-- exhausted all cases without a match","stack":"Error: [Return]{dfeaf0} at test.wtest:-- exhausted all cases without a match\n    at c:\\Users\\Usuario\\.vscode\\extensions\\uqbar.wollok-lsp-ide-0.5.3\\out\\server\\src\\server.js:38:6142\n    at D2 (c:\\Users\\Usuario\\.vscode\\extensions\\uqbar.wollok-lsp-ide-0.5.3\\out\\server\\src\\server.js:2384:42)\n    at Qh (c:\\Users\\Usuario\\.vscode\\extensions\\uqbar.wollok-lsp-ide-0.5.3\\out\\server\\src\\server.js:2384:1092)\n    at k6n (c:\\Users\\Usuario\\.vscode\\extensions\\uqbar.wollok-lsp-ide-0.5.3\\out\\server\\src\\server.js:2384:1248)\n    at c:\\Users\\Usuario\\.vscode\\extensions\\uqbar.wollok-lsp-ide-0.5.3\\out\\server\\src\\server.js:38:6131\n    at D2 (c:\\Users\\Usuario\\.vscode\\extensions\\uqbar.wollok-lsp-ide-0.5.3\\out\\server\\src\\server.js:2384:42)\n    at c:\\Users\\Usuario\\.vscode\\extensions\\uqbar.wollok-lsp-ide-0.5.3\\out\\server\\src\\server.js:2384:2988\n    at c:\\Users\\Usuario\\.vscode\\extensions\\uqbar.wollok-lsp-ide-0.5.3\\out\\server\\src\\server.js:2393:8440\n    at c:\\Users\\Usuario\\.vscode\\extensions\\uqbar.wollok-lsp-ide-0.5.3\\out\\server\\src\\server.js:37:74872\n    at Ye (c:\\Users\\Usuario\\.vscode\\extensions\\uqbar.wollok-lsp-ide-0.5.3\\out\\server\\src\\server.js:7:8527)","timestamp":"2025-10-10T01:40:16.694Z"}
{"level":"info","message":"âŒ› Validating test.wtest","timeElapsed":115,"timestamp":"2025-10-10T01:40:16.812Z"}
{"level":"info","message":"âŒ› Validating test.wtest","timeElapsed":121,"timestamp":"2025-10-10T01:40:17.031Z"}
{"level":"info","message":"âŒ› Validating test.wtest","timeElapsed":117,"timestamp":"2025-10-10T01:40:17.333Z"}
{"level":"info","message":"âŒ› Validating test.wtest","timeElapsed":141,"timestamp":"2025-10-10T01:40:17.554Z"}
{"level":"info","message":"âŒ› Validating test.wtest","timeElapsed":186,"timestamp":"2025-10-10T01:40:17.837Z"}
{"level":"info","message":"âŒ› Validating test.wtest","timeElapsed":120,"timestamp":"2025-10-10T01:40:18.160Z"}
{"level":"info","message":"âŒ› Building environment","timeElapsed":239,"timestamp":"2025-10-10T01:40:18.483Z"}
{"level":"info","message":"âŒ› Building environment","timeElapsed":101,"timestamp":"2025-10-10T01:40:18.584Z"}
{"level":"info","message":"âŒ› Validating test.wtest","timeElapsed":136,"timestamp":"2025-10-10T01:40:18.722Z"}
{"level":"info","message":"âŒ› Validating test.wtest","timeElapsed":124,"timestamp":"2025-10-10T01:40:18.850Z"}
{"level":"error","message":"âœ˜ Completions for node Return (undefined - test.wtest) failed: Error: [Return]{b8e01b} at test.wtest:-- exhausted all cases without a match [Return]{b8e01b} at test.wtest:-- exhausted all cases without a match","stack":"Error: [Return]{b8e01b} at test.wtest:-- exhausted all cases without a match\n    at c:\\Users\\Usuario\\.vscode\\extensions\\uqbar.wollok-lsp-ide-0.5.3\\out\\server\\src\\server.js:38:6142\n    at D2 (c:\\Users\\Usuario\\.vscode\\extensions\\uqbar.wollok-lsp-ide-0.5.3\\out\\server\\src\\server.js:2384:42)\n    at Qh (c:\\Users\\Usuario\\.vscode\\extensions\\uqbar.wollok-lsp-ide-0.5.3\\out\\server\\src\\server.js:2384:1092)\n    at k6n (c:\\Users\\Usuario\\.vscode\\extensions\\uqbar.wollok-lsp-ide-0.5.3\\out\\server\\src\\server.js:2384:1248)\n    at c:\\Users\\Usuario\\.vscode\\extensions\\uqbar.wollok-lsp-ide-0.5.3\\out\\server\\src\\server.js:38:6131\n    at D2 (c:\\Users\\Usuario\\.vscode\\extensions\\uqbar.wollok-lsp-ide-0.5.3\\out\\server\\src\\server.js:2384:42)\n    at c:\\Users\\Usuario\\.vscode\\extensions\\uqbar.wollok-lsp-ide-0.5.3\\out\\server\\src\\server.js:2384:2988\n    at c:\\Users\\Usuario\\.vscode\\extensions\\uqbar.wollok-lsp-ide-0.5.3\\out\\server\\src\\server.js:2393:8440\n    at c:\\Users\\Usuario\\.vscode\\extensions\\uqbar.wollok-lsp-ide-0.5.3\\out\\server\\src\\server.js:37:74872\n    at Ye (c:\\Users\\Usuario\\.vscode\\extensions\\uqbar.wollok-lsp-ide-0.5.3\\out\\server\\src\\server.js:7:8527)","timestamp":"2025-10-10T01:40:18.962Z"}
{"level":"info","message":"âŒ› Building environment","timeElapsed":129,"timestamp":"2025-10-10T01:40:19.186Z"}
{"level":"info","message":"âŒ› Validating test.wtest","timeElapsed":110,"timestamp":"2025-10-10T01:40:19.297Z"}
{"level":"info","message":"âŒ› Validating test.wtest","timeElapsed":106,"timestamp":"2025-10-10T01:40:19.489Z"}
{"level":"info","message":"âŒ› Validating test.wtest","timeElapsed":108,"timestamp":"2025-10-10T01:40:19.600Z"}
{"level":"info","message":"âŒ› Building environment","timeElapsed":155,"timestamp":"2025-10-10T01:40:19.756Z"}
{"level":"info","message":"âŒ› Validating test.wtest","timeElapsed":112,"timestamp":"2025-10-10T01:40:20.039Z"}
{"level":"info","message":"âŒ› Building environment","timeElapsed":155,"timestamp":"2025-10-10T01:40:20.196Z"}
{"level":"error","message":"âœ˜ Completions for node Send ([52:34, 52:54] - test.wtest) failed: Error: [Send]{605871} at test.wtest:52 exhausted all cases without a match [Send]{605871} at test.wtest:52 exhausted all cases without a match","stack":"Error: [Send]{605871} at test.wtest:52 exhausted all cases without a match\n    at c:\\Users\\Usuario\\.vscode\\extensions\\uqbar.wollok-lsp-ide-0.5.3\\out\\server\\src\\server.js:38:6142\n    at D2 (c:\\Users\\Usuario\\.vscode\\extensions\\uqbar.wollok-lsp-ide-0.5.3\\out\\server\\src\\server.js:2384:42)\n    at Qh (c:\\Users\\Usuario\\.vscode\\extensions\\uqbar.wollok-lsp-ide-0.5.3\\out\\server\\src\\server.js:2384:1092)\n    at k6n (c:\\Users\\Usuario\\.vscode\\extensions\\uqbar.wollok-lsp-ide-0.5.3\\out\\server\\src\\server.js:2384:1248)\n    at c:\\Users\\Usuario\\.vscode\\extensions\\uqbar.wollok-lsp-ide-0.5.3\\out\\server\\src\\server.js:38:6131\n    at D2 (c:\\Users\\Usuario\\.vscode\\extensions\\uqbar.wollok-lsp-ide-0.5.3\\out\\server\\src\\server.js:2384:42)\n    at c:\\Users\\Usuario\\.vscode\\extensions\\uqbar.wollok-lsp-ide-0.5.3\\out\\server\\src\\server.js:2384:2988\n    at c:\\Users\\Usuario\\.vscode\\extensions\\uqbar.wollok-lsp-ide-0.5.3\\out\\server\\src\\server.js:2393:8440\n    at c:\\Users\\Usuario\\.vscode\\extensions\\uqbar.wollok-lsp-ide-0.5.3\\out\\server\\src\\server.js:37:74872\n    at Ye (c:\\Users\\Usuario\\.vscode\\extensions\\uqbar.wollok-lsp-ide-0.5.3\\out\\server\\src\\server.js:7:8527)","timestamp":"2025-10-10T01:40:20.233Z"}
{"level":"error","message":"âœ˜ Completions for node Return (undefined - test.wtest) failed: Error: [Return]{f3975c} at test.wtest:-- exhausted all cases without a match [Return]{f3975c} at test.wtest:-- exhausted all cases without a match","stack":"Error: [Return]{f3975c} at test.wtest:-- exhausted all cases without a match\n    at c:\\Users\\Usuario\\.vscode\\extensions\\uqbar.wollok-lsp-ide-0.5.3\\out\\server\\src\\server.js:38:6142\n    at D2 (c:\\Users\\Usuario\\.vscode\\extensions\\uqbar.wollok-lsp-ide-0.5.3\\out\\server\\src\\server.js:2384:42)\n    at Qh (c:\\Users\\Usuario\\.vscode\\extensions\\uqbar.wollok-lsp-ide-0.5.3\\out\\server\\src\\server.js:2384:1092)\n    at D2 (c:\\Users\\Usuario\\.vscode\\extensions\\uqbar.wollok-lsp-ide-0.5.3\\out\\server\\src\\server.js:2384:544)\n    at Qh (c:\\Users\\Usuario\\.vscode\\extensions\\uqbar.wollok-lsp-ide-0.5.3\\out\\server\\src\\server.js:2384:1092)\n    at k6n (c:\\Users\\Usuario\\.vscode\\extensions\\uqbar.wollok-lsp-ide-0.5.3\\out\\server\\src\\server.js:2384:1248)\n    at c:\\Users\\Usuario\\.vscode\\extensions\\uqbar.wollok-lsp-ide-0.5.3\\out\\server\\src\\server.js:38:6131\n    at D2 (c:\\Users\\Usuario\\.vscode\\extensions\\uqbar.wollok-lsp-ide-0.5.3\\out\\server\\src\\server.js:2384:42)\n    at c:\\Users\\Usuario\\.vscode\\extensions\\uqbar.wollok-lsp-ide-0.5.3\\out\\server\\src\\server.js:2384:2988\n    at c:\\Users\\Usuario\\.vscode\\extensions\\uqbar.wollok-lsp-ide-0.5.3\\out\\server\\src\\server.js:2393:8440","timestamp":"2025-10-10T01:40:20.233Z"}
{"level":"info","message":"âŒ› Validating test.wtest","timeElapsed":122,"timestamp":"2025-10-10T01:40:20.358Z"}
{"level":"info","message":"âŒ› Validating test.wtest","timeElapsed":107,"timestamp":"2025-10-10T01:40:20.642Z"}
{"level":"info","message":"âŒ› Validating test.wtest","timeElapsed":105,"timestamp":"2025-10-10T01:40:20.747Z"}
{"level":"info","message":"âŒ› Validating test.wtest","timeElapsed":105,"timestamp":"2025-10-10T01:40:20.857Z"}
{"level":"info","message":"âŒ› Validating test.wtest","timeElapsed":132,"timestamp":"2025-10-10T01:40:21.065Z"}
{"level":"info","message":"âŒ› Building environment","timeElapsed":119,"timestamp":"2025-10-10T01:40:21.445Z"}
{"level":"info","message":"âŒ› Validating test.wtest","timeElapsed":127,"timestamp":"2025-10-10T01:40:21.573Z"}
{"level":"info","message":"âŒ› Validating test.wtest","timeElapsed":115,"timestamp":"2025-10-10T01:40:21.854Z"}
{"level":"info","message":"âŒ› Validating test.wtest","timeElapsed":106,"timestamp":"2025-10-10T01:40:22.048Z"}
{"level":"info","message":"âŒ› Validating test.wtest","timeElapsed":130,"timestamp":"2025-10-10T01:40:22.184Z"}
{"level":"info","message":"âŒ› Validating test.wtest","timeElapsed":133,"timestamp":"2025-10-10T01:40:22.317Z"}
{"level":"info","message":"âŒ› Validating test.wtest","timeElapsed":108,"timestamp":"2025-10-10T01:40:22.425Z"}
{"level":"info","message":"âŒ› Validating test.wtest","timeElapsed":102,"timestamp":"2025-10-10T01:40:22.527Z"}
{"level":"info","message":"âŒ› Validating test.wtest","timeElapsed":112,"timestamp":"2025-10-10T01:40:22.644Z"}
{"level":"info","message":"âŒ› Validating test.wtest","timeElapsed":109,"timestamp":"2025-10-10T01:40:22.753Z"}
{"level":"info","message":"ðŸ§ª Test runner executed on c:\\Users\\Usuario\\Desktop\\Uni\\ProgramaciÃ³n con Objetos I\\2025c2s2-granja-villa-tachylab","result":{"errored":0,"failed":0,"ok":1},"testsFailed":[],"timeElapsed":438,"timestamp":"2025-10-10T01:40:27.369Z"}
{"level":"info","message":"âŒ› Validating test.wtest","timeElapsed":106,"timestamp":"2025-10-10T01:41:35.789Z"}
{"level":"error","message":"âœ˜ Completions for node Send ([56:25, 56:37] - test.wtest) failed: Error: [Send]{b18142} at test.wtest:56 exhausted all cases without a match [Send]{b18142} at test.wtest:56 exhausted all cases without a match","stack":"Error: [Send]{b18142} at test.wtest:56 exhausted all cases without a match\n    at c:\\Users\\Usuario\\.vscode\\extensions\\uqbar.wollok-lsp-ide-0.5.3\\out\\server\\src\\server.js:38:6142\n    at D2 (c:\\Users\\Usuario\\.vscode\\extensions\\uqbar.wollok-lsp-ide-0.5.3\\out\\server\\src\\server.js:2384:42)\n    at Qh (c:\\Users\\Usuario\\.vscode\\extensions\\uqbar.wollok-lsp-ide-0.5.3\\out\\server\\src\\server.js:2384:1092)\n    at k6n (c:\\Users\\Usuario\\.vscode\\extensions\\uqbar.wollok-lsp-ide-0.5.3\\out\\server\\src\\server.js:2384:1248)\n    at c:\\Users\\Usuario\\.vscode\\extensions\\uqbar.wollok-lsp-ide-0.5.3\\out\\server\\src\\server.js:38:6131\n    at D2 (c:\\Users\\Usuario\\.vscode\\extensions\\uqbar.wollok-lsp-ide-0.5.3\\out\\server\\src\\server.js:2384:42)\n    at c:\\Users\\Usuario\\.vscode\\extensions\\uqbar.wollok-lsp-ide-0.5.3\\out\\server\\src\\server.js:2384:2988\n    at c:\\Users\\Usuario\\.vscode\\extensions\\uqbar.wollok-lsp-ide-0.5.3\\out\\server\\src\\server.js:2393:8440\n    at c:\\Users\\Usuario\\.vscode\\extensions\\uqbar.wollok-lsp-ide-0.5.3\\out\\server\\src\\server.js:37:74872\n    at Ye (c:\\Users\\Usuario\\.vscode\\extensions\\uqbar.wollok-lsp-ide-0.5.3\\out\\server\\src\\server.js:7:8527)","timestamp":"2025-10-10T01:41:37.228Z"}
{"level":"error","message":"âœ˜ Completions for node Send ([56:9, 56:38] - test.wtest) failed: Error: [Send]{5f1900} at test.wtest:56 exhausted all cases without a match [Send]{5f1900} at test.wtest:56 exhausted all cases without a match","stack":"Error: [Send]{5f1900} at test.wtest:56 exhausted all cases without a match\n    at c:\\Users\\Usuario\\.vscode\\extensions\\uqbar.wollok-lsp-ide-0.5.3\\out\\server\\src\\server.js:38:6142\n    at D2 (c:\\Users\\Usuario\\.vscode\\extensions\\uqbar.wollok-lsp-ide-0.5.3\\out\\server\\src\\server.js:2384:42)\n    at Qh (c:\\Users\\Usuario\\.vscode\\extensions\\uqbar.wollok-lsp-ide-0.5.3\\out\\server\\src\\server.js:2384:1092)\n    at D2 (c:\\Users\\Usuario\\.vscode\\extensions\\uqbar.wollok-lsp-ide-0.5.3\\out\\server\\src\\server.js:2384:544)\n    at Qh (c:\\Users\\Usuario\\.vscode\\extensions\\uqbar.wollok-lsp-ide-0.5.3\\out\\server\\src\\server.js:2384:1092)\n    at k6n (c:\\Users\\Usuario\\.vscode\\extensions\\uqbar.wollok-lsp-ide-0.5.3\\out\\server\\src\\server.js:2384:1248)\n    at c:\\Users\\Usuario\\.vscode\\extensions\\uqbar.wollok-lsp-ide-0.5.3\\out\\server\\src\\server.js:38:6131\n    at D2 (c:\\Users\\Usuario\\.vscode\\extensions\\uqbar.wollok-lsp-ide-0.5.3\\out\\server\\src\\server.js:2384:42)\n    at c:\\Users\\Usuario\\.vscode\\extensions\\uqbar.wollok-lsp-ide-0.5.3\\out\\server\\src\\server.js:2384:2988\n    at c:\\Users\\Usuario\\.vscode\\extensions\\uqbar.wollok-lsp-ide-0.5.3\\out\\server\\src\\server.js:2393:8440","timestamp":"2025-10-10T01:41:37.228Z"}
{"level":"info","message":"âŒ› Validating test.wtest","timeElapsed":120,"timestamp":"2025-10-10T01:41:37.351Z"}
{"level":"info","message":"âŒ› Validating test.wtest","timeElapsed":103,"timestamp":"2025-10-10T01:41:37.632Z"}
{"level":"info","message":"âŒ› Validating test.wtest","timeElapsed":106,"timestamp":"2025-10-10T01:41:37.817Z"}
{"level":"info","message":"âŒ› Validating test.wtest","timeElapsed":104,"timestamp":"2025-10-10T01:41:37.921Z"}
{"level":"info","message":"âŒ› Building environment","timeElapsed":110,"timestamp":"2025-10-10T01:41:39.118Z"}
{"level":"info","message":"âŒ› Validating test.wtest","timeElapsed":103,"timestamp":"2025-10-10T01:41:39.268Z"}
{"level":"info","message":"âŒ› Validating test.wtest","timeElapsed":103,"timestamp":"2025-10-10T01:41:39.500Z"}
{"level":"info","message":"âŒ› Building environment","timeElapsed":143,"timestamp":"2025-10-10T01:41:39.658Z"}
{"level":"error","message":"âœ˜ Completions for node Send ([56:25, 56:43] - test.wtest) failed: Error: [Send]{d61071} at test.wtest:56 exhausted all cases without a match [Send]{d61071} at test.wtest:56 exhausted all cases without a match","stack":"Error: [Send]{d61071} at test.wtest:56 exhausted all cases without a match\n    at c:\\Users\\Usuario\\.vscode\\extensions\\uqbar.wollok-lsp-ide-0.5.3\\out\\server\\src\\server.js:38:6142\n    at D2 (c:\\Users\\Usuario\\.vscode\\extensions\\uqbar.wollok-lsp-ide-0.5.3\\out\\server\\src\\server.js:2384:42)\n    at Qh (c:\\Users\\Usuario\\.vscode\\extensions\\uqbar.wollok-lsp-ide-0.5.3\\out\\server\\src\\server.js:2384:1092)\n    at k6n (c:\\Users\\Usuario\\.vscode\\extensions\\uqbar.wollok-lsp-ide-0.5.3\\out\\server\\src\\server.js:2384:1248)\n    at c:\\Users\\Usuario\\.vscode\\extensions\\uqbar.wollok-lsp-ide-0.5.3\\out\\server\\src\\server.js:38:6131\n    at D2 (c:\\Users\\Usuario\\.vscode\\extensions\\uqbar.wollok-lsp-ide-0.5.3\\out\\server\\src\\server.js:2384:42)\n    at c:\\Users\\Usuario\\.vscode\\extensions\\uqbar.wollok-lsp-ide-0.5.3\\out\\server\\src\\server.js:2384:2988\n    at c:\\Users\\Usuario\\.vscode\\extensions\\uqbar.wollok-lsp-ide-0.5.3\\out\\server\\src\\server.js:2393:8440\n    at c:\\Users\\Usuario\\.vscode\\extensions\\uqbar.wollok-lsp-ide-0.5.3\\out\\server\\src\\server.js:37:74872\n    at Ye (c:\\Users\\Usuario\\.vscode\\extensions\\uqbar.wollok-lsp-ide-0.5.3\\out\\server\\src\\server.js:7:8527)","timestamp":"2025-10-10T01:41:39.689Z"}
{"level":"error","message":"âœ˜ Completions for node Send ([56:9, 56:44] - test.wtest) failed: Error: [Send]{bc76f8} at test.wtest:56 exhausted all cases without a match [Send]{bc76f8} at test.wtest:56 exhausted all cases without a match","stack":"Error: [Send]{bc76f8} at test.wtest:56 exhausted all cases without a match\n    at c:\\Users\\Usuario\\.vscode\\extensions\\uqbar.wollok-lsp-ide-0.5.3\\out\\server\\src\\server.js:38:6142\n    at D2 (c:\\Users\\Usuario\\.vscode\\extensions\\uqbar.wollok-lsp-ide-0.5.3\\out\\server\\src\\server.js:2384:42)\n    at Qh (c:\\Users\\Usuario\\.vscode\\extensions\\uqbar.wollok-lsp-ide-0.5.3\\out\\server\\src\\server.js:2384:1092)\n    at D2 (c:\\Users\\Usuario\\.vscode\\extensions\\uqbar.wollok-lsp-ide-0.5.3\\out\\server\\src\\server.js:2384:544)\n    at Qh (c:\\Users\\Usuario\\.vscode\\extensions\\uqbar.wollok-lsp-ide-0.5.3\\out\\server\\src\\server.js:2384:1092)\n    at k6n (c:\\Users\\Usuario\\.vscode\\extensions\\uqbar.wollok-lsp-ide-0.5.3\\out\\server\\src\\server.js:2384:1248)\n    at c:\\Users\\Usuario\\.vscode\\extensions\\uqbar.wollok-lsp-ide-0.5.3\\out\\server\\src\\server.js:38:6131\n    at D2 (c:\\Users\\Usuario\\.vscode\\extensions\\uqbar.wollok-lsp-ide-0.5.3\\out\\server\\src\\server.js:2384:42)\n    at c:\\Users\\Usuario\\.vscode\\extensions\\uqbar.wollok-lsp-ide-0.5.3\\out\\server\\src\\server.js:2384:2988\n    at c:\\Users\\Usuario\\.vscode\\extensions\\uqbar.wollok-lsp-ide-0.5.3\\out\\server\\src\\server.js:2393:8440","timestamp":"2025-10-10T01:41:39.689Z"}
{"level":"info","message":"âŒ› Building environment","timeElapsed":110,"timestamp":"2025-10-10T01:41:39.802Z"}
{"level":"info","message":"âŒ› Validating test.wtest","timeElapsed":116,"timestamp":"2025-10-10T01:41:39.931Z"}
{"level":"error","message":"âœ˜ Completions for node Send ([56:25, 56:45] - test.wtest) failed: Error: [Send]{bd0a13} at test.wtest:56 exhausted all cases without a match [Send]{bd0a13} at test.wtest:56 exhausted all cases without a match","stack":"Error: [Send]{bd0a13} at test.wtest:56 exhausted all cases without a match\n    at c:\\Users\\Usuario\\.vscode\\extensions\\uqbar.wollok-lsp-ide-0.5.3\\out\\server\\src\\server.js:38:6142\n    at D2 (c:\\Users\\Usuario\\.vscode\\extensions\\uqbar.wollok-lsp-ide-0.5.3\\out\\server\\src\\server.js:2384:42)\n    at Qh (c:\\Users\\Usuario\\.vscode\\extensions\\uqbar.wollok-lsp-ide-0.5.3\\out\\server\\src\\server.js:2384:1092)\n    at k6n (c:\\Users\\Usuario\\.vscode\\extensions\\uqbar.wollok-lsp-ide-0.5.3\\out\\server\\src\\server.js:2384:1248)\n    at c:\\Users\\Usuario\\.vscode\\extensions\\uqbar.wollok-lsp-ide-0.5.3\\out\\server\\src\\server.js:38:6131\n    at D2 (c:\\Users\\Usuario\\.vscode\\extensions\\uqbar.wollok-lsp-ide-0.5.3\\out\\server\\src\\server.js:2384:42)\n    at c:\\Users\\Usuario\\.vscode\\extensions\\uqbar.wollok-lsp-ide-0.5.3\\out\\server\\src\\server.js:2384:2988\n    at c:\\Users\\Usuario\\.vscode\\extensions\\uqbar.wollok-lsp-ide-0.5.3\\out\\server\\src\\server.js:2393:8440\n    at c:\\Users\\Usuario\\.vscode\\extensions\\uqbar.wollok-lsp-ide-0.5.3\\out\\server\\src\\server.js:37:74872\n    at Ye (c:\\Users\\Usuario\\.vscode\\extensions\\uqbar.wollok-lsp-ide-0.5.3\\out\\server\\src\\server.js:7:8527)","timestamp":"2025-10-10T01:41:40.040Z"}
{"level":"error","message":"âœ˜ Completions for node Send ([56:9, 56:46] - test.wtest) failed: Error: [Send]{84da46} at test.wtest:56 exhausted all cases without a match [Send]{84da46} at test.wtest:56 exhausted all cases without a match","stack":"Error: [Send]{84da46} at test.wtest:56 exhausted all cases without a match\n    at c:\\Users\\Usuario\\.vscode\\extensions\\uqbar.wollok-lsp-ide-0.5.3\\out\\server\\src\\server.js:38:6142\n    at D2 (c:\\Users\\Usuario\\.vscode\\extensions\\uqbar.wollok-lsp-ide-0.5.3\\out\\server\\src\\server.js:2384:42)\n    at Qh (c:\\Users\\Usuario\\.vscode\\extensions\\uqbar.wollok-lsp-ide-0.5.3\\out\\server\\src\\server.js:2384:1092)\n    at D2 (c:\\Users\\Usuario\\.vscode\\extensions\\uqbar.wollok-lsp-ide-0.5.3\\out\\server\\src\\server.js:2384:544)\n    at Qh (c:\\Users\\Usuario\\.vscode\\extensions\\uqbar.wollok-lsp-ide-0.5.3\\out\\server\\src\\server.js:2384:1092)\n    at k6n (c:\\Users\\Usuario\\.vscode\\extensions\\uqbar.wollok-lsp-ide-0.5.3\\out\\server\\src\\server.js:2384:1248)\n    at c:\\Users\\Usuario\\.vscode\\extensions\\uqbar.wollok-lsp-ide-0.5.3\\out\\server\\src\\server.js:38:6131\n    at D2 (c:\\Users\\Usuario\\.vscode\\extensions\\uqbar.wollok-lsp-ide-0.5.3\\out\\server\\src\\server.js:2384:42)\n    at c:\\Users\\Usuario\\.vscode\\extensions\\uqbar.wollok-lsp-ide-0.5.3\\out\\server\\src\\server.js:2384:2988\n    at c:\\Users\\Usuario\\.vscode\\extensions\\uqbar.wollok-lsp-ide-0.5.3\\out\\server\\src\\server.js:2393:8440","timestamp":"2025-10-10T01:41:40.041Z"}
{"level":"info","message":"âŒ› Validating test.wtest","timeElapsed":105,"timestamp":"2025-10-10T01:41:40.148Z"}
{"level":"info","message":"âŒ› Building environment","timeElapsed":220,"timestamp":"2025-10-10T01:41:40.368Z"}
{"level":"info","message":"âŒ› Validating test.wtest","timeElapsed":114,"timestamp":"2025-10-10T01:41:40.578Z"}
{"level":"info","message":"âŒ› Validating test.wtest","timeElapsed":101,"timestamp":"2025-10-10T01:41:40.788Z"}
{"level":"info","message":"âŒ› Validating test.wtest","timeElapsed":140,"timestamp":"2025-10-10T01:41:41.592Z"}
{"level":"info","message":"âŒ› Building environment","timeElapsed":101,"timestamp":"2025-10-10T01:41:43.057Z"}
{"level":"info","message":"âŒ› Validating test.wtest","timeElapsed":110,"timestamp":"2025-10-10T01:41:43.255Z"}
{"level":"info","message":"âŒ› Validating test.wtest","timeElapsed":110,"timestamp":"2025-10-10T01:41:43.365Z"}
{"level":"info","message":"âŒ› Validating test.wtest","timeElapsed":108,"timestamp":"2025-10-10T01:41:43.651Z"}
{"level":"info","message":"âŒ› Validating test.wtest","timeElapsed":101,"timestamp":"2025-10-10T01:41:43.752Z"}
{"level":"info","message":"âŒ› Validating test.wtest","timeElapsed":138,"timestamp":"2025-10-10T01:41:52.577Z"}
{"level":"info","message":"âŒ› Validating test.wtest","timeElapsed":111,"timestamp":"2025-10-10T01:42:18.575Z"}
{"level":"info","message":"âŒ› Validating test.wtest","timeElapsed":118,"timestamp":"2025-10-10T01:42:18.858Z"}
{"level":"info","message":"âŒ› Validating test.wtest","timeElapsed":115,"timestamp":"2025-10-10T01:42:24.150Z"}
{"level":"info","message":"âŒ› Validating test.wtest","timeElapsed":106,"timestamp":"2025-10-10T01:42:24.406Z"}
{"level":"info","message":"âŒ› Validating test.wtest","timeElapsed":107,"timestamp":"2025-10-10T01:42:24.843Z"}
{"level":"info","message":"âŒ› Validating test.wtest","timeElapsed":112,"timestamp":"2025-10-10T01:42:29.243Z"}
{"level":"info","message":"âŒ› Validating test.wtest","timeElapsed":125,"timestamp":"2025-10-10T01:42:37.334Z"}
{"level":"info","message":"âŒ› Validating test.wtest","timeElapsed":122,"timestamp":"2025-10-10T01:42:37.561Z"}
{"level":"info","message":"âŒ› Building environment","timeElapsed":133,"timestamp":"2025-10-10T01:42:37.756Z"}
{"level":"info","message":"âŒ› Validating test.wtest","timeElapsed":107,"timestamp":"2025-10-10T01:42:37.868Z"}
{"level":"info","message":"âŒ› Validating test.wtest","timeElapsed":104,"timestamp":"2025-10-10T01:42:38.117Z"}
{"level":"info","message":"âŒ› Building environment","timeElapsed":104,"timestamp":"2025-10-10T01:42:38.254Z"}
{"level":"info","message":"âŒ› Validating test.wtest","timeElapsed":120,"timestamp":"2025-10-10T01:42:38.463Z"}
{"level":"info","message":"âŒ› Validating test.wtest","timeElapsed":107,"timestamp":"2025-10-10T01:42:38.571Z"}
{"level":"info","message":"âŒ› Validating test.wtest","timeElapsed":108,"timestamp":"2025-10-10T01:42:38.892Z"}
{"level":"info","message":"âŒ› Validating test.wtest","timeElapsed":117,"timestamp":"2025-10-10T01:42:39.009Z"}
{"level":"info","message":"âŒ› Validating test.wtest","timeElapsed":130,"timestamp":"2025-10-10T01:42:39.333Z"}
{"level":"info","message":"âŒ› Validating test.wtest","timeElapsed":111,"timestamp":"2025-10-10T01:42:39.447Z"}
{"level":"info","message":"âŒ› Building environment","timeElapsed":144,"timestamp":"2025-10-10T01:42:39.763Z"}
{"level":"info","message":"âŒ› Validating test.wtest","timeElapsed":119,"timestamp":"2025-10-10T01:42:39.882Z"}
{"level":"info","message":"âŒ› Validating test.wtest","timeElapsed":111,"timestamp":"2025-10-10T01:42:40.073Z"}
{"level":"info","message":"âŒ› Validating test.wtest","timeElapsed":113,"timestamp":"2025-10-10T01:42:40.269Z"}
{"level":"info","message":"âŒ› Validating test.wtest","timeElapsed":102,"timestamp":"2025-10-10T01:42:40.371Z"}
{"level":"info","message":"âŒ› Building environment","timeElapsed":108,"timestamp":"2025-10-10T01:42:40.486Z"}
{"level":"info","message":"âŒ› Validating test.wtest","timeElapsed":104,"timestamp":"2025-10-10T01:42:40.591Z"}
{"level":"info","message":"âŒ› Validating test.wtest","timeElapsed":105,"timestamp":"2025-10-10T01:42:40.700Z"}
{"level":"error","message":"âœ˜ Completions for node Send ([59:8, 59:27] - test.wtest) failed: Error: [Send]{cec1a4} at test.wtest:59 exhausted all cases without a match [Send]{cec1a4} at test.wtest:59 exhausted all cases without a match","stack":"Error: [Send]{cec1a4} at test.wtest:59 exhausted all cases without a match\n    at c:\\Users\\Usuario\\.vscode\\extensions\\uqbar.wollok-lsp-ide-0.5.3\\out\\server\\src\\server.js:38:6142\n    at D2 (c:\\Users\\Usuario\\.vscode\\extensions\\uqbar.wollok-lsp-ide-0.5.3\\out\\server\\src\\server.js:2384:42)\n    at Qh (c:\\Users\\Usuario\\.vscode\\extensions\\uqbar.wollok-lsp-ide-0.5.3\\out\\server\\src\\server.js:2384:1092)\n    at k6n (c:\\Users\\Usuario\\.vscode\\extensions\\uqbar.wollok-lsp-ide-0.5.3\\out\\server\\src\\server.js:2384:1248)\n    at c:\\Users\\Usuario\\.vscode\\extensions\\uqbar.wollok-lsp-ide-0.5.3\\out\\server\\src\\server.js:38:6131\n    at D2 (c:\\Users\\Usuario\\.vscode\\extensions\\uqbar.wollok-lsp-ide-0.5.3\\out\\server\\src\\server.js:2384:42)\n    at c:\\Users\\Usuario\\.vscode\\extensions\\uqbar.wollok-lsp-ide-0.5.3\\out\\server\\src\\server.js:2384:2988\n    at c:\\Users\\Usuario\\.vscode\\extensions\\uqbar.wollok-lsp-ide-0.5.3\\out\\server\\src\\server.js:2393:8440\n    at c:\\Users\\Usuario\\.vscode\\extensions\\uqbar.wollok-lsp-ide-0.5.3\\out\\server\\src\\server.js:37:74872\n    at Ye (c:\\Users\\Usuario\\.vscode\\extensions\\uqbar.wollok-lsp-ide-0.5.3\\out\\server\\src\\server.js:7:8527)","timestamp":"2025-10-10T01:42:40.954Z"}
{"level":"info","message":"âŒ› Validating test.wtest","timeElapsed":121,"timestamp":"2025-10-10T01:42:41.167Z"}
{"level":"info","message":"âŒ› Validating test.wtest","timeElapsed":110,"timestamp":"2025-10-10T01:42:41.359Z"}
{"level":"info","message":"âŒ› Validating test.wtest","timeElapsed":102,"timestamp":"2025-10-10T01:42:41.540Z"}
{"level":"info","message":"âŒ› Validating test.wtest","timeElapsed":124,"timestamp":"2025-10-10T01:42:41.692Z"}
{"level":"info","message":"âŒ› Validating test.wtest","timeElapsed":121,"timestamp":"2025-10-10T01:42:42.606Z"}
{"level":"error","message":"âœ˜ Completions for node Send ([59:8, 59:33] - test.wtest) failed: Error: [Send]{370c91} at test.wtest:59 exhausted all cases without a match [Send]{370c91} at test.wtest:59 exhausted all cases without a match","stack":"Error: [Send]{370c91} at test.wtest:59 exhausted all cases without a match\n    at c:\\Users\\Usuario\\.vscode\\extensions\\uqbar.wollok-lsp-ide-0.5.3\\out\\server\\src\\server.js:38:6142\n    at D2 (c:\\Users\\Usuario\\.vscode\\extensions\\uqbar.wollok-lsp-ide-0.5.3\\out\\server\\src\\server.js:2384:42)\n    at Qh (c:\\Users\\Usuario\\.vscode\\extensions\\uqbar.wollok-lsp-ide-0.5.3\\out\\server\\src\\server.js:2384:1092)\n    at k6n (c:\\Users\\Usuario\\.vscode\\extensions\\uqbar.wollok-lsp-ide-0.5.3\\out\\server\\src\\server.js:2384:1248)\n    at c:\\Users\\Usuario\\.vscode\\extensions\\uqbar.wollok-lsp-ide-0.5.3\\out\\server\\src\\server.js:38:6131\n    at D2 (c:\\Users\\Usuario\\.vscode\\extensions\\uqbar.wollok-lsp-ide-0.5.3\\out\\server\\src\\server.js:2384:42)\n    at c:\\Users\\Usuario\\.vscode\\extensions\\uqbar.wollok-lsp-ide-0.5.3\\out\\server\\src\\server.js:2384:2988\n    at c:\\Users\\Usuario\\.vscode\\extensions\\uqbar.wollok-lsp-ide-0.5.3\\out\\server\\src\\server.js:2393:8440\n    at c:\\Users\\Usuario\\.vscode\\extensions\\uqbar.wollok-lsp-ide-0.5.3\\out\\server\\src\\server.js:37:74872\n    at Ye (c:\\Users\\Usuario\\.vscode\\extensions\\uqbar.wollok-lsp-ide-0.5.3\\out\\server\\src\\server.js:7:8527)","timestamp":"2025-10-10T01:42:42.815Z"}
{"level":"info","message":"âŒ› Validating test.wtest","timeElapsed":102,"timestamp":"2025-10-10T01:42:42.920Z"}
{"level":"info","message":"âŒ› Validating test.wtest","timeElapsed":120,"timestamp":"2025-10-10T01:42:43.041Z"}
{"level":"info","message":"âŒ› Validating test.wtest","timeElapsed":105,"timestamp":"2025-10-10T01:42:43.245Z"}
{"level":"info","message":"âŒ› Validating test.wtest","timeElapsed":108,"timestamp":"2025-10-10T01:42:43.901Z"}
{"level":"info","message":"âŒ› Validating test.wtest","timeElapsed":241,"timestamp":"2025-10-10T01:42:44.306Z"}
{"level":"info","message":"âŒ› Validating test.wtest","timeElapsed":103,"timestamp":"2025-10-10T01:42:44.494Z"}
{"level":"info","message":"âŒ› Validating test.wtest","timeElapsed":120,"timestamp":"2025-10-10T01:42:45.805Z"}
{"level":"info","message":"âŒ› Validating test.wtest","timeElapsed":115,"timestamp":"2025-10-10T01:42:46.036Z"}
{"level":"info","message":"âŒ› Validating test.wtest","timeElapsed":118,"timestamp":"2025-10-10T01:42:46.323Z"}
{"level":"info","message":"âŒ› Validating test.wtest","timeElapsed":103,"timestamp":"2025-10-10T01:42:46.432Z"}
{"level":"info","message":"âŒ› Building environment","timeElapsed":136,"timestamp":"2025-10-10T01:42:49.422Z"}
{"level":"error","message":"âœ˜ Completions for node Return (undefined - test.wtest) failed: Error: [Return]{658a2f} at test.wtest:-- exhausted all cases without a match [Return]{658a2f} at test.wtest:-- exhausted all cases without a match","stack":"Error: [Return]{658a2f} at test.wtest:-- exhausted all cases without a match\n    at c:\\Users\\Usuario\\.vscode\\extensions\\uqbar.wollok-lsp-ide-0.5.3\\out\\server\\src\\server.js:38:6142\n    at D2 (c:\\Users\\Usuario\\.vscode\\extensions\\uqbar.wollok-lsp-ide-0.5.3\\out\\server\\src\\server.js:2384:42)\n    at Qh (c:\\Users\\Usuario\\.vscode\\extensions\\uqbar.wollok-lsp-ide-0.5.3\\out\\server\\src\\server.js:2384:1092)\n    at k6n (c:\\Users\\Usuario\\.vscode\\extensions\\uqbar.wollok-lsp-ide-0.5.3\\out\\server\\src\\server.js:2384:1248)\n    at c:\\Users\\Usuario\\.vscode\\extensions\\uqbar.wollok-lsp-ide-0.5.3\\out\\server\\src\\server.js:38:6131\n    at D2 (c:\\Users\\Usuario\\.vscode\\extensions\\uqbar.wollok-lsp-ide-0.5.3\\out\\server\\src\\server.js:2384:42)\n    at c:\\Users\\Usuario\\.vscode\\extensions\\uqbar.wollok-lsp-ide-0.5.3\\out\\server\\src\\server.js:2384:2988\n    at c:\\Users\\Usuario\\.vscode\\extensions\\uqbar.wollok-lsp-ide-0.5.3\\out\\server\\src\\server.js:2393:8440\n    at c:\\Users\\Usuario\\.vscode\\extensions\\uqbar.wollok-lsp-ide-0.5.3\\out\\server\\src\\server.js:37:74872\n    at Ye (c:\\Users\\Usuario\\.vscode\\extensions\\uqbar.wollok-lsp-ide-0.5.3\\out\\server\\src\\server.js:7:8527)","timestamp":"2025-10-10T01:42:50.460Z"}
{"level":"info","message":"âŒ› Validating test.wtest","timeElapsed":104,"timestamp":"2025-10-10T01:42:50.575Z"}
{"level":"info","message":"âŒ› Building environment","timeElapsed":104,"timestamp":"2025-10-10T01:42:51.100Z"}
{"level":"error","message":"âœ˜ Completions for node Return (undefined - test.wtest) failed: Error: [Return]{b75064} at test.wtest:-- exhausted all cases without a match [Return]{b75064} at test.wtest:-- exhausted all cases without a match","stack":"Error: [Return]{b75064} at test.wtest:-- exhausted all cases without a match\n    at c:\\Users\\Usuario\\.vscode\\extensions\\uqbar.wollok-lsp-ide-0.5.3\\out\\server\\src\\server.js:38:6142\n    at D2 (c:\\Users\\Usuario\\.vscode\\extensions\\uqbar.wollok-lsp-ide-0.5.3\\out\\server\\src\\server.js:2384:42)\n    at Qh (c:\\Users\\Usuario\\.vscode\\extensions\\uqbar.wollok-lsp-ide-0.5.3\\out\\server\\src\\server.js:2384:1092)\n    at k6n (c:\\Users\\Usuario\\.vscode\\extensions\\uqbar.wollok-lsp-ide-0.5.3\\out\\server\\src\\server.js:2384:1248)\n    at c:\\Users\\Usuario\\.vscode\\extensions\\uqbar.wollok-lsp-ide-0.5.3\\out\\server\\src\\server.js:38:6131\n    at D2 (c:\\Users\\Usuario\\.vscode\\extensions\\uqbar.wollok-lsp-ide-0.5.3\\out\\server\\src\\server.js:2384:42)\n    at c:\\Users\\Usuario\\.vscode\\extensions\\uqbar.wollok-lsp-ide-0.5.3\\out\\server\\src\\server.js:2384:2988\n    at c:\\Users\\Usuario\\.vscode\\extensions\\uqbar.wollok-lsp-ide-0.5.3\\out\\server\\src\\server.js:2393:8440\n    at c:\\Users\\Usuario\\.vscode\\extensions\\uqbar.wollok-lsp-ide-0.5.3\\out\\server\\src\\server.js:37:74872\n    at Ye (c:\\Users\\Usuario\\.vscode\\extensions\\uqbar.wollok-lsp-ide-0.5.3\\out\\server\\src\\server.js:7:8527)","timestamp":"2025-10-10T01:42:51.131Z"}
{"level":"info","message":"âŒ› Building environment","timeElapsed":111,"timestamp":"2025-10-10T01:42:51.253Z"}
{"level":"info","message":"âŒ› Building environment","timeElapsed":123,"timestamp":"2025-10-10T01:42:51.493Z"}
{"level":"info","message":"âŒ› Validating test.wtest","timeElapsed":126,"timestamp":"2025-10-10T01:42:51.620Z"}
{"level":"info","message":"âŒ› Validating test.wtest","timeElapsed":115,"timestamp":"2025-10-10T01:42:51.818Z"}
{"level":"info","message":"âŒ› Validating test.wtest","timeElapsed":114,"timestamp":"2025-10-10T01:42:52.227Z"}
{"level":"info","message":"âŒ› Validating test.wtest","timeElapsed":242,"timestamp":"2025-10-10T01:42:52.554Z"}
{"level":"info","message":"âŒ› Building environment","timeElapsed":150,"timestamp":"2025-10-10T01:42:52.706Z"}
{"level":"info","message":"âŒ› Validating test.wtest","timeElapsed":128,"timestamp":"2025-10-10T01:42:52.836Z"}
{"level":"info","message":"âŒ› Building environment","timeElapsed":227,"timestamp":"2025-10-10T01:42:53.255Z"}
{"level":"info","message":"âŒ› Validating test.wtest","timeElapsed":105,"timestamp":"2025-10-10T01:42:53.361Z"}
{"level":"info","message":"âŒ› Validating test.wtest","timeElapsed":117,"timestamp":"2025-10-10T01:42:53.635Z"}
{"level":"info","message":"âŒ› Validating test.wtest","timeElapsed":103,"timestamp":"2025-10-10T01:42:53.738Z"}
{"level":"info","message":"âŒ› Building environment","timeElapsed":106,"timestamp":"2025-10-10T01:42:53.845Z"}
{"level":"error","message":"âœ˜ Completions for node Return (undefined - test.wtest) failed: Error: [Return]{58d71c} at test.wtest:-- exhausted all cases without a match [Return]{58d71c} at test.wtest:-- exhausted all cases without a match","stack":"Error: [Return]{58d71c} at test.wtest:-- exhausted all cases without a match\n    at c:\\Users\\Usuario\\.vscode\\extensions\\uqbar.wollok-lsp-ide-0.5.3\\out\\server\\src\\server.js:38:6142\n    at D2 (c:\\Users\\Usuario\\.vscode\\extensions\\uqbar.wollok-lsp-ide-0.5.3\\out\\server\\src\\server.js:2384:42)\n    at Qh (c:\\Users\\Usuario\\.vscode\\extensions\\uqbar.wollok-lsp-ide-0.5.3\\out\\server\\src\\server.js:2384:1092)\n    at k6n (c:\\Users\\Usuario\\.vscode\\extensions\\uqbar.wollok-lsp-ide-0.5.3\\out\\server\\src\\server.js:2384:1248)\n    at c:\\Users\\Usuario\\.vscode\\extensions\\uqbar.wollok-lsp-ide-0.5.3\\out\\server\\src\\server.js:38:6131\n    at D2 (c:\\Users\\Usuario\\.vscode\\extensions\\uqbar.wollok-lsp-ide-0.5.3\\out\\server\\src\\server.js:2384:42)\n    at c:\\Users\\Usuario\\.vscode\\extensions\\uqbar.wollok-lsp-ide-0.5.3\\out\\server\\src\\server.js:2384:2988\n    at c:\\Users\\Usuario\\.vscode\\extensions\\uqbar.wollok-lsp-ide-0.5.3\\out\\server\\src\\server.js:2393:8440\n    at c:\\Users\\Usuario\\.vscode\\extensions\\uqbar.wollok-lsp-ide-0.5.3\\out\\server\\src\\server.js:37:74872\n    at Ye (c:\\Users\\Usuario\\.vscode\\extensions\\uqbar.wollok-lsp-ide-0.5.3\\out\\server\\src\\server.js:7:8527)","timestamp":"2025-10-10T01:42:53.876Z"}
{"level":"info","message":"âŒ› Validating test.wtest","timeElapsed":112,"timestamp":"2025-10-10T01:42:54.170Z"}
{"level":"info","message":"âŒ› Validating test.wtest","timeElapsed":110,"timestamp":"2025-10-10T01:42:54.282Z"}
{"level":"info","message":"âŒ› Validating test.wtest","timeElapsed":109,"timestamp":"2025-10-10T01:42:54.395Z"}
{"level":"info","message":"âŒ› Validating test.wtest","timeElapsed":115,"timestamp":"2025-10-10T01:42:54.778Z"}
{"level":"error","message":"âœ˜ Completions for node Send ([60:34, 60:52] - test.wtest) failed: Error: [Send]{50cdf0} at test.wtest:60 exhausted all cases without a match [Send]{50cdf0} at test.wtest:60 exhausted all cases without a match","stack":"Error: [Send]{50cdf0} at test.wtest:60 exhausted all cases without a match\n    at c:\\Users\\Usuario\\.vscode\\extensions\\uqbar.wollok-lsp-ide-0.5.3\\out\\server\\src\\server.js:38:6142\n    at D2 (c:\\Users\\Usuario\\.vscode\\extensions\\uqbar.wollok-lsp-ide-0.5.3\\out\\server\\src\\server.js:2384:42)\n    at Qh (c:\\Users\\Usuario\\.vscode\\extensions\\uqbar.wollok-lsp-ide-0.5.3\\out\\server\\src\\server.js:2384:1092)\n    at k6n (c:\\Users\\Usuario\\.vscode\\extensions\\uqbar.wollok-lsp-ide-0.5.3\\out\\server\\src\\server.js:2384:1248)\n    at c:\\Users\\Usuario\\.vscode\\extensions\\uqbar.wollok-lsp-ide-0.5.3\\out\\server\\src\\server.js:38:6131\n    at D2 (c:\\Users\\Usuario\\.vscode\\extensions\\uqbar.wollok-lsp-ide-0.5.3\\out\\server\\src\\server.js:2384:42)\n    at c:\\Users\\Usuario\\.vscode\\extensions\\uqbar.wollok-lsp-ide-0.5.3\\out\\server\\src\\server.js:2384:2988\n    at c:\\Users\\Usuario\\.vscode\\extensions\\uqbar.wollok-lsp-ide-0.5.3\\out\\server\\src\\server.js:2393:8440\n    at c:\\Users\\Usuario\\.vscode\\extensions\\uqbar.wollok-lsp-ide-0.5.3\\out\\server\\src\\server.js:37:74872\n    at Ye (c:\\Users\\Usuario\\.vscode\\extensions\\uqbar.wollok-lsp-ide-0.5.3\\out\\server\\src\\server.js:7:8527)","timestamp":"2025-10-10T01:42:54.894Z"}
{"level":"error","message":"âœ˜ Completions for node Return (undefined - test.wtest) failed: Error: [Return]{5000f3} at test.wtest:-- exhausted all cases without a match [Return]{5000f3} at test.wtest:-- exhausted all cases without a match","stack":"Error: [Return]{5000f3} at test.wtest:-- exhausted all cases without a match\n    at c:\\Users\\Usuario\\.vscode\\extensions\\uqbar.wollok-lsp-ide-0.5.3\\out\\server\\src\\server.js:38:6142\n    at D2 (c:\\Users\\Usuario\\.vscode\\extensions\\uqbar.wollok-lsp-ide-0.5.3\\out\\server\\src\\server.js:2384:42)\n    at Qh (c:\\Users\\Usuario\\.vscode\\extensions\\uqbar.wollok-lsp-ide-0.5.3\\out\\server\\src\\server.js:2384:1092)\n    at D2 (c:\\Users\\Usuario\\.vscode\\extensions\\uqbar.wollok-lsp-ide-0.5.3\\out\\server\\src\\server.js:2384:544)\n    at Qh (c:\\Users\\Usuario\\.vscode\\extensions\\uqbar.wollok-lsp-ide-0.5.3\\out\\server\\src\\server.js:2384:1092)\n    at k6n (c:\\Users\\Usuario\\.vscode\\extensions\\uqbar.wollok-lsp-ide-0.5.3\\out\\server\\src\\server.js:2384:1248)\n    at c:\\Users\\Usuario\\.vscode\\extensions\\uqbar.wollok-lsp-ide-0.5.3\\out\\server\\src\\server.js:38:6131\n    at D2 (c:\\Users\\Usuario\\.vscode\\extensions\\uqbar.wollok-lsp-ide-0.5.3\\out\\server\\src\\server.js:2384:42)\n    at c:\\Users\\Usuario\\.vscode\\extensions\\uqbar.wollok-lsp-ide-0.5.3\\out\\server\\src\\server.js:2384:2988\n    at c:\\Users\\Usuario\\.vscode\\extensions\\uqbar.wollok-lsp-ide-0.5.3\\out\\server\\src\\server.js:2393:8440","timestamp":"2025-10-10T01:42:54.895Z"}
{"level":"info","message":"âŒ› Validating test.wtest","timeElapsed":115,"timestamp":"2025-10-10T01:42:55.100Z"}
{"level":"info","message":"âŒ› Building environment","timeElapsed":244,"timestamp":"2025-10-10T01:42:55.346Z"}
{"level":"info","message":"âŒ› Building environment","timeElapsed":107,"timestamp":"2025-10-10T01:42:55.461Z"}
{"level":"info","message":"âŒ› Validating test.wtest","timeElapsed":113,"timestamp":"2025-10-10T01:42:55.655Z"}
{"level":"info","message":"âŒ› Validating test.wtest","timeElapsed":102,"timestamp":"2025-10-10T01:42:55.758Z"}
{"level":"info","message":"âŒ› Validating test.wtest","timeElapsed":106,"timestamp":"2025-10-10T01:42:56.055Z"}
{"level":"info","message":"âŒ› Validating test.wtest","timeElapsed":115,"timestamp":"2025-10-10T01:42:56.268Z"}
{"level":"info","message":"âŒ› Validating test.wtest","timeElapsed":105,"timestamp":"2025-10-10T01:42:56.613Z"}
{"level":"info","message":"âŒ› Validating test.wtest","timeElapsed":101,"timestamp":"2025-10-10T01:42:56.714Z"}
{"level":"info","message":"âŒ› Validating test.wtest","timeElapsed":103,"timestamp":"2025-10-10T01:42:56.817Z"}
{"level":"info","message":"âŒ› Validating test.wtest","timeElapsed":114,"timestamp":"2025-10-10T01:42:57.021Z"}
{"level":"info","message":"âŒ› Validating test.wtest","timeElapsed":110,"timestamp":"2025-10-10T01:42:57.132Z"}
{"level":"info","message":"âŒ› Validating test.wtest","timeElapsed":140,"timestamp":"2025-10-10T01:42:57.280Z"}
{"level":"info","message":"âŒ› Validating test.wtest","timeElapsed":131,"timestamp":"2025-10-10T01:42:57.413Z"}
{"level":"info","message":"âŒ› Validating test.wtest","timeElapsed":105,"timestamp":"2025-10-10T01:42:57.521Z"}
{"level":"info","message":"âŒ› Validating test.wtest","timeElapsed":109,"timestamp":"2025-10-10T01:42:57.630Z"}
{"level":"info","message":"âŒ› Validating test.wtest","timeElapsed":108,"timestamp":"2025-10-10T01:42:57.741Z"}
{"level":"info","message":"ðŸ§ª Test runner executed on c:\\Users\\Usuario\\Desktop\\Uni\\ProgramaciÃ³n con Objetos I\\2025c2s2-granja-villa-tachylab","result":{"errored":0,"failed":0,"ok":1},"testsFailed":[],"timeElapsed":434,"timestamp":"2025-10-10T01:43:25.787Z"}
{"level":"info","message":"âŒ› Building environment","timeElapsed":140,"timestamp":"2025-10-10T01:43:29.385Z"}
{"level":"info","message":"âŒ› Validating test.wtest","timeElapsed":118,"timestamp":"2025-10-10T01:43:29.503Z"}
{"level":"info","message":"âŒ› Validating test.wtest","timeElapsed":121,"timestamp":"2025-10-10T01:43:30.747Z"}
{"level":"info","message":"âŒ› Validating test.wtest","timeElapsed":128,"timestamp":"2025-10-10T01:43:30.969Z"}
{"level":"info","message":"âŒ› Validating test.wtest","timeElapsed":108,"timestamp":"2025-10-10T01:43:31.163Z"}
{"level":"info","message":"âŒ› Validating test.wtest","timeElapsed":125,"timestamp":"2025-10-10T01:43:31.689Z"}
{"level":"info","message":"âŒ› Validating test.wtest","timeElapsed":124,"timestamp":"2025-10-10T01:43:31.987Z"}
{"level":"info","message":"âŒ› Validating test.wtest","timeElapsed":114,"timestamp":"2025-10-10T01:43:32.104Z"}
{"level":"info","message":"âŒ› Building environment","timeElapsed":171,"timestamp":"2025-10-10T01:43:32.275Z"}
{"level":"info","message":"âŒ› Validating test.wtest","timeElapsed":121,"timestamp":"2025-10-10T01:43:32.651Z"}
{"level":"info","message":"âŒ› Building environment","timeElapsed":106,"timestamp":"2025-10-10T01:43:32.760Z"}
{"level":"info","message":"âŒ› Validating test.wtest","timeElapsed":116,"timestamp":"2025-10-10T01:43:32.875Z"}
{"level":"info","message":"âŒ› Validating test.wtest","timeElapsed":114,"timestamp":"2025-10-10T01:43:32.990Z"}
{"level":"info","message":"âŒ› Validating test.wtest","timeElapsed":118,"timestamp":"2025-10-10T01:43:33.184Z"}
{"level":"info","message":"âŒ› Validating test.wtest","timeElapsed":106,"timestamp":"2025-10-10T01:43:33.410Z"}
{"level":"info","message":"âŒ› Validating test.wtest","timeElapsed":112,"timestamp":"2025-10-10T01:43:33.698Z"}
{"level":"info","message":"âŒ› Validating test.wtest","timeElapsed":105,"timestamp":"2025-10-10T01:43:33.979Z"}
{"level":"info","message":"âŒ› Validating test.wtest","timeElapsed":111,"timestamp":"2025-10-10T01:43:34.185Z"}
{"level":"info","message":"âŒ› Validating test.wtest","timeElapsed":107,"timestamp":"2025-10-10T01:43:34.295Z"}
{"level":"info","message":"âŒ› Validating test.wtest","timeElapsed":104,"timestamp":"2025-10-10T01:43:34.405Z"}
{"level":"info","message":"âŒ› Validating test.wtest","timeElapsed":110,"timestamp":"2025-10-10T01:43:34.515Z"}
{"level":"info","message":"âŒ› Validating test.wtest","timeElapsed":114,"timestamp":"2025-10-10T01:43:34.632Z"}
{"level":"info","message":"âŒ› Building environment","timeElapsed":114,"timestamp":"2025-10-10T01:43:38.623Z"}
{"level":"info","message":"âŒ› Validating test.wtest","timeElapsed":104,"timestamp":"2025-10-10T01:43:38.734Z"}
{"level":"info","message":"âŒ› Building environment","timeElapsed":155,"timestamp":"2025-10-10T01:43:40.042Z"}
{"level":"error","message":"âœ˜ Completions for node Return (undefined - test.wtest) failed: Error: [Return]{641a5c} at test.wtest:-- exhausted all cases without a match [Return]{641a5c} at test.wtest:-- exhausted all cases without a match","stack":"Error: [Return]{641a5c} at test.wtest:-- exhausted all cases without a match\n    at c:\\Users\\Usuario\\.vscode\\extensions\\uqbar.wollok-lsp-ide-0.5.3\\out\\server\\src\\server.js:38:6142\n    at D2 (c:\\Users\\Usuario\\.vscode\\extensions\\uqbar.wollok-lsp-ide-0.5.3\\out\\server\\src\\server.js:2384:42)\n    at Qh (c:\\Users\\Usuario\\.vscode\\extensions\\uqbar.wollok-lsp-ide-0.5.3\\out\\server\\src\\server.js:2384:1092)\n    at k6n (c:\\Users\\Usuario\\.vscode\\extensions\\uqbar.wollok-lsp-ide-0.5.3\\out\\server\\src\\server.js:2384:1248)\n    at c:\\Users\\Usuario\\.vscode\\extensions\\uqbar.wollok-lsp-ide-0.5.3\\out\\server\\src\\server.js:38:6131\n    at D2 (c:\\Users\\Usuario\\.vscode\\extensions\\uqbar.wollok-lsp-ide-0.5.3\\out\\server\\src\\server.js:2384:42)\n    at c:\\Users\\Usuario\\.vscode\\extensions\\uqbar.wollok-lsp-ide-0.5.3\\out\\server\\src\\server.js:2384:2988\n    at c:\\Users\\Usuario\\.vscode\\extensions\\uqbar.wollok-lsp-ide-0.5.3\\out\\server\\src\\server.js:2393:8440\n    at c:\\Users\\Usuario\\.vscode\\extensions\\uqbar.wollok-lsp-ide-0.5.3\\out\\server\\src\\server.js:37:74872\n    at Ye (c:\\Users\\Usuario\\.vscode\\extensions\\uqbar.wollok-lsp-ide-0.5.3\\out\\server\\src\\server.js:7:8527)","timestamp":"2025-10-10T01:43:40.077Z"}
{"level":"info","message":"âŒ› Validating test.wtest","timeElapsed":118,"timestamp":"2025-10-10T01:43:40.198Z"}
{"level":"info","message":"âŒ› Validating test.wtest","timeElapsed":114,"timestamp":"2025-10-10T01:43:40.495Z"}
{"level":"info","message":"âŒ› Validating test.wtest","timeElapsed":120,"timestamp":"2025-10-10T01:43:40.615Z"}
{"level":"info","message":"âŒ› Validating test.wtest","timeElapsed":106,"timestamp":"2025-10-10T01:43:40.998Z"}
{"level":"info","message":"âŒ› Validating test.wtest","timeElapsed":111,"timestamp":"2025-10-10T01:43:41.230Z"}
{"level":"info","message":"âŒ› Validating test.wtest","timeElapsed":120,"timestamp":"2025-10-10T01:43:41.434Z"}
{"level":"info","message":"âŒ› Validating test.wtest","timeElapsed":111,"timestamp":"2025-10-10T01:43:41.625Z"}
{"level":"error","message":"âœ˜ Completions for node Return (undefined - test.wtest) failed: Error: [Return]{fed999} at test.wtest:-- exhausted all cases without a match [Return]{fed999} at test.wtest:-- exhausted all cases without a match","stack":"Error: [Return]{fed999} at test.wtest:-- exhausted all cases without a match\n    at c:\\Users\\Usuario\\.vscode\\extensions\\uqbar.wollok-lsp-ide-0.5.3\\out\\server\\src\\server.js:38:6142\n    at D2 (c:\\Users\\Usuario\\.vscode\\extensions\\uqbar.wollok-lsp-ide-0.5.3\\out\\server\\src\\server.js:2384:42)\n    at Qh (c:\\Users\\Usuario\\.vscode\\extensions\\uqbar.wollok-lsp-ide-0.5.3\\out\\server\\src\\server.js:2384:1092)\n    at k6n (c:\\Users\\Usuario\\.vscode\\extensions\\uqbar.wollok-lsp-ide-0.5.3\\out\\server\\src\\server.js:2384:1248)\n    at c:\\Users\\Usuario\\.vscode\\extensions\\uqbar.wollok-lsp-ide-0.5.3\\out\\server\\src\\server.js:38:6131\n    at D2 (c:\\Users\\Usuario\\.vscode\\extensions\\uqbar.wollok-lsp-ide-0.5.3\\out\\server\\src\\server.js:2384:42)\n    at c:\\Users\\Usuario\\.vscode\\extensions\\uqbar.wollok-lsp-ide-0.5.3\\out\\server\\src\\server.js:2384:2988\n    at c:\\Users\\Usuario\\.vscode\\extensions\\uqbar.wollok-lsp-ide-0.5.3\\out\\server\\src\\server.js:2393:8440\n    at c:\\Users\\Usuario\\.vscode\\extensions\\uqbar.wollok-lsp-ide-0.5.3\\out\\server\\src\\server.js:37:74872\n    at Ye (c:\\Users\\Usuario\\.vscode\\extensions\\uqbar.wollok-lsp-ide-0.5.3\\out\\server\\src\\server.js:7:8527)","timestamp":"2025-10-10T01:43:41.743Z"}
{"level":"info","message":"âŒ› Validating test.wtest","timeElapsed":104,"timestamp":"2025-10-10T01:43:41.856Z"}
{"level":"info","message":"âŒ› Validating test.wtest","timeElapsed":106,"timestamp":"2025-10-10T01:43:42.127Z"}
{"level":"info","message":"âŒ› Validating test.wtest","timeElapsed":111,"timestamp":"2025-10-10T01:43:42.328Z"}
{"level":"info","message":"âŒ› Validating test.wtest","timeElapsed":101,"timestamp":"2025-10-10T01:43:42.535Z"}
{"level":"info","message":"âŒ› Validating test.wtest","timeElapsed":105,"timestamp":"2025-10-10T01:43:42.646Z"}
{"level":"info","message":"ðŸ§ª Test runner executed on c:\\Users\\Usuario\\Desktop\\Uni\\ProgramaciÃ³n con Objetos I\\2025c2s2-granja-villa-tachylab","result":{"errored":0,"failed":0,"ok":1},"testsFailed":[],"timeElapsed":460,"timestamp":"2025-10-10T01:43:46.384Z"}
{"level":"info","message":"ðŸ§ª Test runner executed on c:\\Users\\Usuario\\Desktop\\Uni\\ProgramaciÃ³n con Objetos I\\2025c2s2-granja-villa-tachylab","result":{"errored":0,"failed":0,"ok":9},"testsFailed":[],"timeElapsed":606,"timestamp":"2025-10-10T01:43:52.483Z"}
